BEGIN;
BEGIN
EXPLAIN (ANALYZE, BUFFERS)
select
	c_custkey,
	c_name,
	sum(l_extendedprice * (1 - l_discount)) as revenue,
	c_acctbal,
	n_name,
	c_address,
	c_phone,
	c_comment
from
	customer,
	orders,
	lineitem,
	nation
where
	c_custkey = o_custkey
	and l_orderkey = o_orderkey
	and o_orderdate >= date '1994-02-01'
	and o_orderdate < cast(date '1994-02-01' + interval '3 month' as date)
	and l_returnflag = 'R'
	and c_nationkey = n_nationkey
group by
	c_custkey,
	c_name,
	c_acctbal,
	c_phone,
	n_name,
	c_address,
	c_comment
order by
	revenue desc
LIMIT 20;
                                                                                               QUERY PLAN                                                                                                
---------------------------------------------------------------------------------------------------------------------------------------------------------------------------------------------------------
 Limit  (cost=2271354.72..2271354.77 rows=20 width=175) (actual time=35615.534..35615.539 rows=20 loops=1)
   Buffers: shared hit=758497 read=596791
   ->  Sort  (cost=2271354.72..2272731.25 rows=550614 width=175) (actual time=35615.531..35615.535 rows=20 loops=1)
         Sort Key: (sum((lineitem.l_extendedprice * (1::double precision - lineitem.l_discount))))
         Sort Method: top-N heapsort  Memory: 30kB
         Buffers: shared hit=758497 read=596791
         ->  HashAggregate  (cost=2251196.93..2256703.07 rows=550614 width=175) (actual time=35293.256..35480.532 rows=372215 loops=1)
               Group Key: customer.c_custkey, customer.c_name, customer.c_acctbal, customer.c_phone, nation.n_name, customer.c_address, customer.c_comment
               Buffers: shared hit=758494 read=596791
               ->  Hash Join  (cost=343757.53..2237431.58 rows=550614 width=175) (actual time=11235.426..33492.638 rows=1110626 loops=1)
                     Hash Cond: (customer.c_nationkey = nation.n_nationkey)
                     Buffers: shared hit=758494 read=596791
                     ->  Hash Join  (cost=343755.97..2229859.08 rows=550614 width=153) (actual time=11235.399..33089.805 rows=1110626 loops=1)
                           Hash Cond: (orders.o_custkey = customer.c_custkey)
                           Buffers: shared hit=758493 read=596791
                           ->  Hash Join  (cost=274727.97..2152571.87 rows=550614 width=12) (actual time=9594.957..30667.554 rows=1110626 loops=1)
                                 Hash Cond: (lineitem.l_orderkey = orders.o_orderkey)
                                 Buffers: shared hit=758491 read=561515
                                 ->  Seq Scan on lineitem  (cost=0.00..1817043.25 rows=14745203 width=12) (actual time=0.013..17772.931 rows=14822992 loops=1)
                                       Filter: (l_returnflag = 'R'::bpchar)
                                       Rows Removed by Filter: 45222677
                                       Buffers: shared hit=758487 read=307986
                                 ->  Hash  (cost=267719.37..267719.37 rows=560688 width=8) (actual time=9591.440..9591.440 rows=554821 loops=1)
                                       Buckets: 1048576  Batches: 1  Memory Usage: 29865kB
                                       Buffers: shared hit=4 read=253529
                                       ->  Bitmap Heap Scan on orders  (cost=5787.05..267719.37 rows=560688 width=8) (actual time=27.829..9316.343 rows=554821 loops=1)
                                             Recheck Cond: ((o_orderdate >= '1994-02-01'::date) AND (o_orderdate < '1994-05-01'::date))
                                             Rows Removed by Index Recheck: 14460179
                                             Heap Blocks: lossy=253522
                                             Buffers: shared hit=4 read=253529
                                             ->  Bitmap Index Scan on orders_o_orderkey_o_orderdate_brin_idx  (cost=0.00..5646.88 rows=560688 width=0) (actual time=27.559..27.559 rows=2535680 loops=1)
                                                   Index Cond: ((o_orderdate >= '1994-02-01'::date) AND (o_orderdate < '1994-05-01'::date))
                                                   Buffers: shared hit=2 read=9
                           ->  Hash  (cost=50278.00..50278.00 rows=1500000 width=145) (actual time=1634.437..1634.437 rows=1500000 loops=1)
                                 Buckets: 2097152  Batches: 1  Memory Usage: 281501kB
                                 Buffers: shared hit=2 read=35276
                                 ->  Seq Scan on customer  (cost=0.00..50278.00 rows=1500000 width=145) (actual time=0.004..842.800 rows=1500000 loops=1)
                                       Buffers: shared hit=2 read=35276
                     ->  Hash  (cost=1.25..1.25 rows=25 width=30) (actual time=0.019..0.019 rows=25 loops=1)
                           Buckets: 1024  Batches: 1  Memory Usage: 10kB
                           Buffers: shared hit=1
                           ->  Seq Scan on nation  (cost=0.00..1.25 rows=25 width=30) (actual time=0.005..0.007 rows=25 loops=1)
                                 Buffers: shared hit=1
 Planning time: 4.429 ms
 Execution time: 35623.645 ms
(45 rows)

COMMIT;
COMMIT
