BEGIN;
BEGIN
EXPLAIN (ANALYZE, BUFFERS)
select
	l_shipmode,
	sum(case
		when o_orderpriority = '1-URGENT'
			or o_orderpriority = '2-HIGH'
			then 1
		else 0
	end) as high_line_count,
	sum(case
		when o_orderpriority <> '1-URGENT'
			and o_orderpriority <> '2-HIGH'
			then 1
		else 0
	end) as low_line_count
from
	orders,
	lineitem
where
	o_orderkey = l_orderkey
	and l_shipmode in ('AIR', 'REG AIR')
	and l_commitdate < l_receiptdate
	and l_shipdate < l_commitdate
	and l_receiptdate >= date '1996-01-01'
	and l_receiptdate < date '1996-01-01' + interval '1 year'
group by
	l_shipmode
order by
	l_shipmode;
                                                                                                                              QUERY PLAN                                                                                                                              
----------------------------------------------------------------------------------------------------------------------------------------------------------------------------------------------------------------------------------------------------------------------
 Sort  (cost=3023042.86..3023042.87 rows=1 width=27) (actual time=35377.504..35377.505 rows=2 loops=1)
   Sort Key: lineitem.l_shipmode
   Sort Method: quicksort  Memory: 25kB
   Buffers: shared hit=722253 read=597750
   ->  HashAggregate  (cost=3023042.84..3023042.85 rows=1 width=27) (actual time=35377.447..35377.448 rows=2 loops=1)
         Group Key: lineitem.l_shipmode
         Buffers: shared hit=722248 read=597750
         ->  Hash Join  (cost=591359.14..3017951.06 rows=290959 width=27) (actual time=9978.682..35049.828 rows=313901 loops=1)
               Hash Cond: (lineitem.l_orderkey = orders.o_orderkey)
               Buffers: shared hit=722248 read=597750
               ->  Seq Scan on lineitem  (cost=0.00..2417499.45 rows=290959 width=15) (actual time=0.206..24636.437 rows=313901 loops=1)
                     Filter: ((l_shipmode = ANY ('{AIR,"REG AIR"}'::bpchar[])) AND (l_commitdate < l_receiptdate) AND (l_shipdate < l_commitdate) AND (l_receiptdate >= '1996-01-01'::date) AND (l_receiptdate < '1997-01-01 00:00:00'::timestamp without time zone))
                     Rows Removed by Filter: 59731768
                     Buffers: shared hit=594200 read=472273
               ->  Hash  (cost=403671.84..403671.84 rows=15014984 width=20) (actual time=9934.013..9934.013 rows=15015000 loops=1)
                     Buckets: 16777216  Batches: 1  Memory Usage: 893553kB
                     Buffers: shared hit=128045 read=125477
                     ->  Seq Scan on orders  (cost=0.00..403671.84 rows=15014984 width=20) (actual time=0.007..5122.013 rows=15015000 loops=1)
                           Buffers: shared hit=128045 read=125477
 Planning time: 2.089 ms
 Execution time: 35381.658 ms
(21 rows)

COMMIT;
COMMIT
