BEGIN;
BEGIN
EXPLAIN (ANALYZE, BUFFERS)
select
	s_name,
	count(*) as numwait
from
	supplier,
	lineitem l1,
	orders,
	nation
where
	s_suppkey = l1.l_suppkey
	and o_orderkey = l1.l_orderkey
	and o_orderstatus = 'F'
	and l1.l_receiptdate > l1.l_commitdate
	and exists (
		select
			*
		from
			lineitem l2
		where
			l2.l_orderkey = l1.l_orderkey
			and l2.l_suppkey <> l1.l_suppkey
	)
	and not exists (
		select
			*
		from
			lineitem l3
		where
			l3.l_orderkey = l1.l_orderkey
			and l3.l_suppkey <> l1.l_suppkey
			and l3.l_receiptdate > l3.l_commitdate
	)
	and s_nationkey = n_nationkey
	and n_name = 'MOROCCO'
group by
	s_name
order by
	numwait desc,
	s_name
LIMIT 100;
                                                                                                  QUERY PLAN                                                                                                  
--------------------------------------------------------------------------------------------------------------------------------------------------------------------------------------------------------------
 Limit  (cost=2845826.22..2845826.23 rows=1 width=26) (actual time=42062.939..42062.956 rows=100 loops=1)
   Buffers: shared hit=13614694 read=720003
   ->  Sort  (cost=2845826.22..2845826.23 rows=1 width=26) (actual time=42062.937..42062.944 rows=100 loops=1)
         Sort Key: (count(*)), supplier.s_name
         Sort Method: top-N heapsort  Memory: 32kB
         Buffers: shared hit=13614694 read=720003
         ->  HashAggregate  (cost=2845826.20..2845826.21 rows=1 width=26) (actual time=42060.747..42061.808 rows=3989 loops=1)
               Group Key: supplier.s_name
               Buffers: shared hit=13614686 read=720003
               ->  Nested Loop Anti Join  (cost=2406.88..2845826.20 rows=1 width=26) (actual time=39.933..42000.737 rows=39780 loops=1)
                     Buffers: shared hit=13614686 read=720003
                     ->  Nested Loop Semi Join  (cost=2406.31..2845824.41 rows=1 width=34) (actual time=38.129..39173.026 rows=704386 loops=1)
                           Join Filter: (orders.o_orderkey = l2.l_orderkey)
                           Buffers: shared hit=10080423 read=717387
                           ->  Nested Loop  (cost=2405.75..2323953.49 rows=390603 width=38) (actual time=38.106..34059.157 rows=731312 loops=1)
                                 Buffers: shared hit=6581493 read=554218
                                 ->  Hash Join  (cost=2405.31..1902511.67 rows=800608 width=34) (actual time=38.077..26413.643 rows=1514717 loops=1)
                                       Hash Cond: (l1.l_suppkey = supplier.s_suppkey)
                                       Buffers: shared hit=537751 read=530907
                                       ->  Seq Scan on lineitem l1  (cost=0.00..1817043.25 rows=20015207 width=8) (actual time=0.005..20245.236 rows=37967116 loops=1)
                                             Filter: (l_receiptdate > l_commitdate)
                                             Rows Removed by Filter: 22078553
                                             Buffers: shared hit=535568 read=530905
                                       ->  Hash  (cost=2355.31..2355.31 rows=4000 width=30) (actual time=38.041..38.041 rows=3990 loops=1)
                                             Buckets: 4096  Batches: 1  Memory Usage: 282kB
                                             Buffers: shared hit=2180 read=2
                                             ->  Nested Loop  (cost=43.00..2355.31 rows=4000 width=30) (actual time=0.293..36.951 rows=3990 loops=1)
                                                   Buffers: shared hit=2180 read=2
                                                   ->  Seq Scan on nation  (cost=0.00..1.31 rows=1 width=4) (actual time=0.006..0.010 rows=1 loops=1)
                                                         Filter: (n_name = 'MOROCCO'::bpchar)
                                                         Rows Removed by Filter: 24
                                                         Buffers: shared hit=1
                                                   ->  Bitmap Heap Scan on supplier  (cost=43.00..2314.00 rows=4000 width=34) (actual time=0.280..36.279 rows=3990 loops=1)
                                                         Recheck Cond: (s_nationkey = nation.n_nationkey)
                                                         Rows Removed by Index Recheck: 96010
                                                         Heap Blocks: lossy=2179
                                                         Buffers: shared hit=2179 read=2
                                                         ->  Bitmap Index Scan on supplier_s_nationkey_s_suppkey_brin_idx  (cost=0.00..42.00 rows=4000 width=0) (actual time=0.267..0.267 rows=23040 loops=1)
                                                               Index Cond: (s_nationkey = nation.n_nationkey)
                                                               Buffers: shared read=2
                                 ->  Index Scan using pk_orders on orders  (cost=0.43..0.52 rows=1 width=4) (actual time=0.004..0.004 rows=0 loops=1514717)
                                       Index Cond: (o_orderkey = l1.l_orderkey)
                                       Filter: (o_orderstatus = 'F'::bpchar)
                                       Rows Removed by Filter: 1
                                       Buffers: shared hit=6043742 read=23311
                           ->  Index Scan using pk_lineitem on lineitem l2  (cost=0.56..1.15 rows=15 width=8) (actual time=0.006..0.006 rows=1 loops=731312)
                                 Index Cond: (l_orderkey = l1.l_orderkey)
                                 Filter: (l_suppkey <> l1.l_suppkey)
                                 Rows Removed by Filter: 0
                                 Buffers: shared hit=3498930 read=163169
                     ->  Index Scan using pk_lineitem on lineitem l3  (cost=0.56..1.15 rows=5 width=8) (actual time=0.003..0.003 rows=1 loops=704386)
                           Index Cond: (l_orderkey = l1.l_orderkey)
                           Filter: ((l_receiptdate > l_commitdate) AND (l_suppkey <> l1.l_suppkey))
                           Rows Removed by Filter: 1
                           Buffers: shared hit=3534263 read=2616
 Planning time: 11.488 ms
 Execution time: 42063.260 ms
(57 rows)

COMMIT;
COMMIT
