BEGIN;
BEGIN
EXPLAIN (ANALYZE, BUFFERS)
select
	c_custkey,
	c_name,
	sum(l_extendedprice * (1 - l_discount)) as revenue,
	c_acctbal,
	n_name,
	c_address,
	c_phone,
	c_comment
from
	customer,
	orders,
	lineitem,
	nation
where
	c_custkey = o_custkey
	and l_orderkey = o_orderkey
	and o_orderdate >= date '1994-07-01'
	and o_orderdate < cast(date '1994-07-01' + interval '3 month' as date)
	and l_returnflag = 'R'
	and c_nationkey = n_nationkey
group by
	c_custkey,
	c_name,
	c_acctbal,
	c_phone,
	n_name,
	c_address,
	c_comment
order by
	revenue desc
LIMIT 20;
                                                                                               QUERY PLAN                                                                                                
---------------------------------------------------------------------------------------------------------------------------------------------------------------------------------------------------------
 Limit  (cost=2282545.32..2282545.37 rows=20 width=175) (actual time=33031.232..33031.238 rows=20 loops=1)
   Buffers: shared hit=754423 read=606141 dirtied=896 written=675
   ->  Sort  (cost=2282545.32..2283970.36 rows=570014 width=175) (actual time=33031.228..33031.231 rows=20 loops=1)
         Sort Key: (sum((lineitem.l_extendedprice * (1::double precision - lineitem.l_discount))))
         Sort Method: top-N heapsort  Memory: 30kB
         Buffers: shared hit=754423 read=606141 dirtied=896 written=675
         ->  HashAggregate  (cost=2261677.32..2267377.46 rows=570014 width=175) (actual time=32683.958..32890.651 rows=381510 loops=1)
               Group Key: customer.c_custkey, customer.c_name, customer.c_acctbal, customer.c_phone, nation.n_name, customer.c_address, customer.c_comment
               Buffers: shared hit=754420 read=606141 dirtied=896 written=675
               ->  Hash Join  (cost=345515.13..2247426.97 rows=570014 width=175) (actual time=7634.454..30546.145 rows=1146931 loops=1)
                     Hash Cond: (customer.c_nationkey = nation.n_nationkey)
                     Buffers: shared hit=754420 read=606141 dirtied=896 written=675
                     ->  Hash Join  (cost=345513.57..2239587.71 rows=570014 width=153) (actual time=7634.422..30140.679 rows=1146931 loops=1)
                           Hash Cond: (orders.o_custkey = customer.c_custkey)
                           Buffers: shared hit=754419 read=606141 dirtied=896 written=675
                           ->  Hash Join  (cost=276485.57..2162009.50 rows=570014 width=12) (actual time=6240.195..28045.092 rows=1146931 loops=1)
                                 Hash Cond: (lineitem.l_orderkey = orders.o_orderkey)
                                 Buffers: shared hit=719141 read=606141 dirtied=896 written=675
                                 ->  Seq Scan on lineitem  (cost=0.00..1824308.20 rows=14804157 width=12) (actual time=0.015..18588.756 rows=14823489 loops=1)
                                       Filter: (l_returnflag = 'R'::bpchar)
                                       Rows Removed by Filter: 45222732
                                       Buffers: shared hit=518013 read=552724 dirtied=709 written=675
                                 ->  Hash  (cost=269230.08..269230.08 rows=580439 width=8) (actual time=6236.021..6236.021 rows=573838 loops=1)
                                       Buckets: 1048576  Batches: 1  Memory Usage: 30608kB
                                       Buffers: shared hit=201128 read=53417 dirtied=187
                                       ->  Bitmap Heap Scan on orders  (cost=5989.50..269230.08 rows=580439 width=8) (actual time=29.799..5997.329 rows=573838 loops=1)
                                             Recheck Cond: ((o_orderdate >= '1994-07-01'::date) AND (o_orderdate < '1994-10-01'::date))
                                             Rows Removed by Index Recheck: 14441162
                                             Heap Blocks: lossy=254534
                                             Buffers: shared hit=201128 read=53417 dirtied=187
                                             ->  Bitmap Index Scan on orders_o_orderkey_o_orderdate_brin_idx  (cost=0.00..5844.39 rows=580439 width=0) (actual time=29.635..29.635 rows=2545920 loops=1)
                                                   Index Cond: ((o_orderdate >= '1994-07-01'::date) AND (o_orderdate < '1994-10-01'::date))
                                                   Buffers: shared hit=3 read=8
                           ->  Hash  (cost=50278.00..50278.00 rows=1500000 width=145) (actual time=1388.023..1388.023 rows=1500000 loops=1)
                                 Buckets: 2097152  Batches: 1  Memory Usage: 281501kB
                                 Buffers: shared hit=35278
                                 ->  Seq Scan on customer  (cost=0.00..50278.00 rows=1500000 width=145) (actual time=0.011..584.586 rows=1500000 loops=1)
                                       Buffers: shared hit=35278
                     ->  Hash  (cost=1.25..1.25 rows=25 width=30) (actual time=0.019..0.019 rows=25 loops=1)
                           Buckets: 1024  Batches: 1  Memory Usage: 10kB
                           Buffers: shared hit=1
                           ->  Seq Scan on nation  (cost=0.00..1.25 rows=25 width=30) (actual time=0.006..0.008 rows=25 loops=1)
                                 Buffers: shared hit=1
 Planning time: 27.074 ms
 Execution time: 33046.802 ms
(45 rows)

COMMIT;
COMMIT
