BEGIN;
BEGIN
EXPLAIN (ANALYZE, BUFFERS)
select
	l_shipmode,
	sum(case
		when o_orderpriority = '1-URGENT'
			or o_orderpriority = '2-HIGH'
			then 1
		else 0
	end) as high_line_count,
	sum(case
		when o_orderpriority <> '1-URGENT'
			and o_orderpriority <> '2-HIGH'
			then 1
		else 0
	end) as low_line_count
from
	orders,
	lineitem
where
	o_orderkey = l_orderkey
	and l_shipmode in ('RAIL', 'TRUCK')
	and l_commitdate < l_receiptdate
	and l_shipdate < l_commitdate
	and l_receiptdate >= date '1994-01-01'
	and l_receiptdate < date '1994-01-01' + interval '1 year'
group by
	l_shipmode
order by
	l_shipmode;
                                                                                                                            QUERY PLAN                                                                                                                             
-------------------------------------------------------------------------------------------------------------------------------------------------------------------------------------------------------------------------------------------------------------------
 Sort  (cost=3047176.17..3047176.17 rows=1 width=27) (actual time=37041.834..37041.834 rows=2 loops=1)
   Sort Key: lineitem.l_shipmode
   Sort Method: quicksort  Memory: 25kB
   Buffers: shared hit=765850 read=564679 dirtied=122 written=1385
   ->  HashAggregate  (cost=3047176.15..3047176.16 rows=1 width=27) (actual time=37041.785..37041.785 rows=2 loops=1)
         Group Key: lineitem.l_shipmode
         Buffers: shared hit=765845 read=564679 dirtied=122 written=1385
         ->  Hash Join  (cost=596084.94..3042034.26 rows=293822 width=27) (actual time=10567.098..36619.410 rows=311393 loops=1)
               Hash Cond: (lineitem.l_orderkey = orders.o_orderkey)
               Buffers: shared hit=765845 read=564679 dirtied=122 written=1385
               ->  Seq Scan on lineitem  (cost=0.00..2436767.39 rows=293822 width=15) (actual time=0.111..25678.871 rows=311393 loops=1)
                     Filter: ((l_shipmode = ANY ('{RAIL,TRUCK}'::bpchar[])) AND (l_commitdate < l_receiptdate) AND (l_shipdate < l_commitdate) AND (l_receiptdate >= '1994-01-01'::date) AND (l_receiptdate < '1995-01-01 00:00:00'::timestamp without time zone))
                     Rows Removed by Filter: 59672529
                     Buffers: shared hit=571717 read=503256
               ->  Hash  (cost=406897.75..406897.75 rows=15134975 width=20) (actual time=10451.660..10451.660 rows=15000000 loops=1)
                     Buckets: 16777216  Batches: 1  Memory Usage: 892791kB
                     Buffers: shared hit=194125 read=61423 dirtied=122 written=1385
                     ->  Seq Scan on orders  (cost=0.00..406897.75 rows=15134975 width=20) (actual time=0.012..5236.715 rows=15000000 loops=1)
                           Buffers: shared hit=194125 read=61423 dirtied=122 written=1385
 Planning time: 2.752 ms
 Execution time: 37051.648 ms
(21 rows)

COMMIT;
COMMIT
