BEGIN;
BEGIN
EXPLAIN
select
	l_shipmode,
	sum(case
		when o_orderpriority = '1-URGENT'
			or o_orderpriority = '2-HIGH'
			then 1
		else 0
	end) as high_line_count,
	sum(case
		when o_orderpriority <> '1-URGENT'
			and o_orderpriority <> '2-HIGH'
			then 1
		else 0
	end) as low_line_count
from
	orders,
	lineitem
where
	o_orderkey = l_orderkey
	and l_shipmode in ('SHIP', 'MAIL')
	and l_commitdate < l_receiptdate
	and l_shipdate < l_commitdate
	and l_receiptdate >= date '1995-01-01'
	and l_receiptdate < date '1995-01-01' + interval '1 year'
group by
	l_shipmode
order by
	l_shipmode;
                                                                                                                            QUERY PLAN                                                                                                                            
------------------------------------------------------------------------------------------------------------------------------------------------------------------------------------------------------------------------------------------------------------------
 Sort  (cost=3022964.18..3022964.18 rows=1 width=27)
   Sort Key: lineitem.l_shipmode
   ->  HashAggregate  (cost=3022964.16..3022964.17 rows=1 width=27)
         Group Key: lineitem.l_shipmode
         ->  Hash Join  (cost=591359.14..3017900.62 rows=289345 width=27)
               Hash Cond: (lineitem.l_orderkey = orders.o_orderkey)
               ->  Seq Scan on lineitem  (cost=0.00..2417499.45 rows=289345 width=15)
                     Filter: ((l_shipmode = ANY ('{SHIP,MAIL}'::bpchar[])) AND (l_commitdate < l_receiptdate) AND (l_shipdate < l_commitdate) AND (l_receiptdate >= '1995-01-01'::date) AND (l_receiptdate < '1996-01-01 00:00:00'::timestamp without time zone))
               ->  Hash  (cost=403671.84..403671.84 rows=15014984 width=20)
                     ->  Seq Scan on orders  (cost=0.00..403671.84 rows=15014984 width=20)
 Planning time: 4.034 ms
(11 rows)

COMMIT;
COMMIT
