BEGIN;
BEGIN
EXPLAIN (ANALYZE, BUFFERS)
select
	c_custkey,
	c_name,
	sum(l_extendedprice * (1 - l_discount)) as revenue,
	c_acctbal,
	n_name,
	c_address,
	c_phone,
	c_comment
from
	customer,
	orders,
	lineitem,
	nation
where
	c_custkey = o_custkey
	and l_orderkey = o_orderkey
	and o_orderdate >= date '1994-06-01'
	and o_orderdate < cast(date '1994-06-01' + interval '3 month' as date)
	and l_returnflag = 'R'
	and c_nationkey = n_nationkey
group by
	c_custkey,
	c_name,
	c_acctbal,
	c_phone,
	n_name,
	c_address,
	c_comment
order by
	revenue desc
LIMIT 20;
                                                                                               QUERY PLAN                                                                                                
---------------------------------------------------------------------------------------------------------------------------------------------------------------------------------------------------------
 Limit  (cost=2293179.37..2293179.42 rows=20 width=175) (actual time=37059.121..37059.128 rows=20 loops=1)
   Buffers: shared hit=683312 read=683826 written=668
   ->  Sort  (cost=2293179.37..2294605.29 rows=570370 width=175) (actual time=37059.118..37059.120 rows=20 loops=1)
         Sort Key: (sum((lineitem.l_extendedprice * (1::double precision - lineitem.l_discount))))
         Sort Method: top-N heapsort  Memory: 30kB
         Buffers: shared hit=683312 read=683826 written=668
         ->  HashAggregate  (cost=2272298.33..2278002.03 rows=570370 width=175) (actual time=36672.614..36917.831 rows=381739 loops=1)
               Group Key: customer.c_custkey, customer.c_name, customer.c_acctbal, customer.c_phone, nation.n_name, customer.c_address, customer.c_comment
               Buffers: shared hit=683309 read=683826 written=668
               ->  Hash Join  (cost=346796.29..2258039.08 rows=570370 width=175) (actual time=11523.140..34575.811 rows=1148385 loops=1)
                     Hash Cond: (customer.c_nationkey = nation.n_nationkey)
                     Buffers: shared hit=683309 read=683826 written=668
                     ->  Hash Join  (cost=346794.73..2250194.93 rows=570370 width=153) (actual time=11523.110..34166.498 rows=1148385 loops=1)
                           Hash Cond: (orders.o_custkey = customer.c_custkey)
                           Buffers: shared hit=683308 read=683826 written=668
                           ->  Hash Join  (cost=277766.73..2172611.38 rows=570370 width=12) (actual time=10133.829..32038.628 rows=1148385 loops=1)
                                 Hash Cond: (lineitem.l_orderkey = orders.o_orderkey)
                                 Buffers: shared hit=648030 read=683826 written=668
                                 ->  Seq Scan on lineitem  (cost=0.00..1833350.20 rows=14877533 width=12) (actual time=0.010..18433.310 rows=14808082 loops=1)
                                       Filter: (l_returnflag = 'R'::bpchar)
                                       Rows Removed by Filter: 45176302
                                       Buffers: shared hit=423665 read=652379 written=10
                                 ->  Hash  (cost=270506.55..270506.55 rows=580814 width=8) (actual time=10129.213..10129.213 rows=574171 loops=1)
                                       Buckets: 1048576  Batches: 1  Memory Usage: 30621kB
                                       Buffers: shared hit=224365 read=31447 written=658
                                       ->  Bitmap Heap Scan on orders  (cost=5993.34..270506.55 rows=580814 width=8) (actual time=27.655..9908.010 rows=574171 loops=1)
                                             Recheck Cond: ((o_orderdate >= '1994-06-01'::date) AND (o_orderdate < '1994-09-01'::date))
                                             Rows Removed by Index Recheck: 14425829
                                             Heap Blocks: lossy=255801
                                             Buffers: shared hit=224365 read=31447 written=658
                                             ->  Bitmap Index Scan on orders_o_orderkey_o_orderdate_brin_idx  (cost=0.00..5848.14 rows=580814 width=0) (actual time=27.494..27.494 rows=2558720 loops=1)
                                                   Index Cond: ((o_orderdate >= '1994-06-01'::date) AND (o_orderdate < '1994-09-01'::date))
                                                   Buffers: shared hit=11
                           ->  Hash  (cost=50278.00..50278.00 rows=1500000 width=145) (actual time=1377.759..1377.759 rows=1500000 loops=1)
                                 Buckets: 2097152  Batches: 1  Memory Usage: 281501kB
                                 Buffers: shared hit=35278
                                 ->  Seq Scan on customer  (cost=0.00..50278.00 rows=1500000 width=145) (actual time=0.012..543.535 rows=1500000 loops=1)
                                       Buffers: shared hit=35278
                     ->  Hash  (cost=1.25..1.25 rows=25 width=30) (actual time=0.019..0.019 rows=25 loops=1)
                           Buckets: 1024  Batches: 1  Memory Usage: 10kB
                           Buffers: shared hit=1
                           ->  Seq Scan on nation  (cost=0.00..1.25 rows=25 width=30) (actual time=0.005..0.010 rows=25 loops=1)
                                 Buffers: shared hit=1
 Planning time: 3.672 ms
 Execution time: 37076.012 ms
(45 rows)

COMMIT;
COMMIT
