BEGIN;
BEGIN
EXPLAIN (ANALYZE, BUFFERS)
select
	l_shipmode,
	sum(case
		when o_orderpriority = '1-URGENT'
			or o_orderpriority = '2-HIGH'
			then 1
		else 0
	end) as high_line_count,
	sum(case
		when o_orderpriority <> '1-URGENT'
			and o_orderpriority <> '2-HIGH'
			then 1
		else 0
	end) as low_line_count
from
	orders,
	lineitem
where
	o_orderkey = l_orderkey
	and l_shipmode in ('MAIL', 'AIR')
	and l_commitdate < l_receiptdate
	and l_shipdate < l_commitdate
	and l_receiptdate >= date '1997-01-01'
	and l_receiptdate < date '1997-01-01' + interval '1 year'
group by
	l_shipmode
order by
	l_shipmode;
                                                                                                                           QUERY PLAN                                                                                                                            
-----------------------------------------------------------------------------------------------------------------------------------------------------------------------------------------------------------------------------------------------------------------
 Sort  (cost=3068325.56..3068325.57 rows=1 width=27) (actual time=43072.607..43072.607 rows=2 loops=1)
   Sort Key: lineitem.l_shipmode
   Sort Method: quicksort  Memory: 25kB
   Buffers: shared hit=1024926 read=314845 written=391
   ->  HashAggregate  (cost=3068325.54..3068325.55 rows=1 width=27) (actual time=43072.560..43072.560 rows=2 loops=1)
         Group Key: lineitem.l_shipmode
         Buffers: shared hit=1024921 read=314845 written=391
         ->  Hash Join  (cost=600218.27..3063153.89 rows=295523 width=27) (actual time=11311.427..42750.896 rows=311202 loops=1)
               Hash Cond: (lineitem.l_orderkey = orders.o_orderkey)
               Buffers: shared hit=1024921 read=314845 written=391
               ->  Seq Scan on lineitem  (cost=0.00..2453700.53 rows=295523 width=15) (actual time=0.054..31086.139 rows=311202 loops=1)
                     Filter: ((l_shipmode = ANY ('{MAIL,AIR}'::bpchar[])) AND (l_commitdate < l_receiptdate) AND (l_shipdate < l_commitdate) AND (l_receiptdate >= '1997-01-01'::date) AND (l_receiptdate < '1998-01-01 00:00:00'::timestamp without time zone))
                     Rows Removed by Filter: 59733414
                     Buffers: shared hit=859540 read=222903 written=15
               ->  Hash  (cost=409719.23..409719.23 rows=15239923 width=20) (actual time=11230.319..11230.319 rows=15015000 loops=1)
                     Buckets: 16777216  Batches: 1  Memory Usage: 893553kB
                     Buffers: shared hit=165378 read=91942 written=376
                     ->  Seq Scan on orders  (cost=0.00..409719.23 rows=15239923 width=20) (actual time=0.015..5522.989 rows=15015000 loops=1)
                           Buffers: shared hit=165378 read=91942 written=376
 Planning time: 10.861 ms
 Execution time: 43086.361 ms
(21 rows)

COMMIT;
COMMIT
