BEGIN;
BEGIN
EXPLAIN (ANALYZE, BUFFERS)
select
	c_custkey,
	c_name,
	sum(l_extendedprice * (1 - l_discount)) as revenue,
	c_acctbal,
	n_name,
	c_address,
	c_phone,
	c_comment
from
	customer,
	orders,
	lineitem,
	nation
where
	c_custkey = o_custkey
	and l_orderkey = o_orderkey
	and o_orderdate >= date '1994-11-01'
	and o_orderdate < cast(date '1994-11-01' + interval '3 month' as date)
	and l_returnflag = 'R'
	and c_nationkey = n_nationkey
group by
	c_custkey,
	c_name,
	c_acctbal,
	c_phone,
	n_name,
	c_address,
	c_comment
order by
	revenue desc
LIMIT 20;
                                                                                               QUERY PLAN                                                                                                
---------------------------------------------------------------------------------------------------------------------------------------------------------------------------------------------------------
 Limit  (cost=2302695.31..2302695.36 rows=20 width=175) (actual time=66987.032..66987.037 rows=20 loops=1)
   Buffers: shared hit=953416 read=419007 written=70
   ->  Sort  (cost=2302695.31..2304139.29 rows=577592 width=175) (actual time=66987.030..66987.033 rows=20 loops=1)
         Sort Key: (sum((lineitem.l_extendedprice * (1::double precision - lineitem.l_discount))))
         Sort Method: top-N heapsort  Memory: 30kB
         Buffers: shared hit=953416 read=419007 written=70
         ->  HashAggregate  (cost=2281549.88..2287325.80 rows=577592 width=175) (actual time=66607.462..66845.951 rows=382299 loops=1)
               Group Key: customer.c_custkey, customer.c_name, customer.c_acctbal, customer.c_phone, nation.n_name, customer.c_address, customer.c_comment
               Buffers: shared hit=953413 read=419007 written=70
               ->  Hash Join  (cost=348085.61..2267110.08 rows=577592 width=175) (actual time=11390.521..64093.935 rows=1150166 loops=1)
                     Hash Cond: (customer.c_nationkey = nation.n_nationkey)
                     Buffers: shared hit=953413 read=419007 written=70
                     ->  Hash Join  (cost=348084.04..2259166.63 rows=577592 width=153) (actual time=11390.491..63439.533 rows=1150166 loops=1)
                           Hash Cond: (orders.o_custkey = customer.c_custkey)
                           Buffers: shared hit=953412 read=419007 written=70
                           ->  Hash Join  (cost=279056.04..2181474.75 rows=577592 width=12) (actual time=10018.715..60935.458 rows=1150166 loops=1)
                                 Hash Cond: (lineitem.l_orderkey = orders.o_orderkey)
                                 Buffers: shared hit=918134 read=419007 written=70
                                 ->  Seq Scan on lineitem  (cost=0.00..1840630.49 rows=14936612 width=12) (actual time=0.011..46409.995 rows=14822462 loops=1)
                                       Filter: (l_returnflag = 'R'::bpchar)
                                       Rows Removed by Filter: 45222571
                                       Buffers: shared hit=682117 read=398200 written=8
                                 ->  Hash  (cost=271704.04..271704.04 rows=588160 width=8) (actual time=10013.631..10013.631 rows=575615 loops=1)
                                       Buckets: 1048576  Batches: 1  Memory Usage: 30677kB
                                       Buffers: shared hit=236017 read=20807 written=62
                                       ->  Bitmap Heap Scan on orders  (cost=6068.64..271704.04 rows=588160 width=8) (actual time=57.433..9744.747 rows=575615 loops=1)
                                             Recheck Cond: ((o_orderdate >= '1994-11-01'::date) AND (o_orderdate < '1995-02-01'::date))
                                             Rows Removed by Index Recheck: 14439385
                                             Heap Blocks: lossy=256813
                                             Buffers: shared hit=236017 read=20807 written=62
                                             ->  Bitmap Index Scan on orders_o_orderkey_o_orderdate_brin_idx  (cost=0.00..5921.60 rows=588160 width=0) (actual time=57.238..57.238 rows=2568960 loops=1)
                                                   Index Cond: ((o_orderdate >= '1994-11-01'::date) AND (o_orderdate < '1995-02-01'::date))
                                                   Buffers: shared hit=3 read=8
                           ->  Hash  (cost=50278.00..50278.00 rows=1500000 width=145) (actual time=1361.419..1361.419 rows=1500000 loops=1)
                                 Buckets: 2097152  Batches: 1  Memory Usage: 281501kB
                                 Buffers: shared hit=35278
                                 ->  Seq Scan on customer  (cost=0.00..50278.00 rows=1500000 width=145) (actual time=0.014..567.137 rows=1500000 loops=1)
                                       Buffers: shared hit=35278
                     ->  Hash  (cost=1.25..1.25 rows=25 width=30) (actual time=0.019..0.019 rows=25 loops=1)
                           Buckets: 1024  Batches: 1  Memory Usage: 10kB
                           Buffers: shared hit=1
                           ->  Seq Scan on nation  (cost=0.00..1.25 rows=25 width=30) (actual time=0.005..0.012 rows=25 loops=1)
                                 Buffers: shared hit=1
 Planning time: 17.048 ms
 Execution time: 67006.446 ms
(45 rows)

COMMIT;
COMMIT
