BEGIN;
BEGIN
EXPLAIN (ANALYZE, BUFFERS)
select
	l_shipmode,
	sum(case
		when o_orderpriority = '1-URGENT'
			or o_orderpriority = '2-HIGH'
			then 1
		else 0
	end) as high_line_count,
	sum(case
		when o_orderpriority <> '1-URGENT'
			and o_orderpriority <> '2-HIGH'
			then 1
		else 0
	end) as low_line_count
from
	orders,
	lineitem
where
	o_orderkey = l_orderkey
	and l_shipmode in ('FOB', 'MAIL')
	and l_commitdate < l_receiptdate
	and l_shipdate < l_commitdate
	and l_receiptdate >= date '1995-01-01'
	and l_receiptdate < date '1995-01-01' + interval '1 year'
group by
	l_shipmode
order by
	l_shipmode;
                                                                                                                           QUERY PLAN                                                                                                                            
-----------------------------------------------------------------------------------------------------------------------------------------------------------------------------------------------------------------------------------------------------------------
 Sort  (cost=3068144.99..3068145.00 rows=1 width=27) (actual time=37018.436..37018.436 rows=2 loops=1)
   Sort Key: lineitem.l_shipmode
   Sort Method: quicksort  Memory: 25kB
   Buffers: shared hit=572887 read=766884 written=1621
   ->  HashAggregate  (cost=3068144.97..3068144.98 rows=1 width=27) (actual time=37018.380..37018.381 rows=2 loops=1)
         Group Key: lineitem.l_shipmode
         Buffers: shared hit=572882 read=766884 written=1621
         ->  Hash Join  (cost=600218.27..3063038.14 rows=291819 width=27) (actual time=11119.577..36637.158 rows=311895 loops=1)
               Hash Cond: (lineitem.l_orderkey = orders.o_orderkey)
               Buffers: shared hit=572882 read=766884 written=1621
               ->  Seq Scan on lineitem  (cost=0.00..2453700.53 rows=291819 width=15) (actual time=0.034..25120.247 rows=311895 loops=1)
                     Filter: ((l_shipmode = ANY ('{FOB,MAIL}'::bpchar[])) AND (l_commitdate < l_receiptdate) AND (l_shipdate < l_commitdate) AND (l_receiptdate >= '1995-01-01'::date) AND (l_receiptdate < '1996-01-01 00:00:00'::timestamp without time zone))
                     Rows Removed by Filter: 59673018
                     Buffers: shared hit=450653 read=631790 written=1
               ->  Hash  (cost=409719.23..409719.23 rows=15239923 width=20) (actual time=10987.073..10987.073 rows=15000000 loops=1)
                     Buckets: 16777216  Batches: 1  Memory Usage: 892791kB
                     Buffers: shared hit=122226 read=135094 written=1620
                     ->  Seq Scan on orders  (cost=0.00..409719.23 rows=15239923 width=20) (actual time=0.013..5345.104 rows=15000000 loops=1)
                           Buffers: shared hit=122226 read=135094 written=1620
 Planning time: 2.394 ms
 Execution time: 37038.517 ms
(21 rows)

COMMIT;
COMMIT
