BEGIN;
BEGIN
EXPLAIN (ANALYZE, BUFFERS)
select
	s_name,
	count(*) as numwait
from
	supplier,
	lineitem l1,
	orders,
	nation
where
	s_suppkey = l1.l_suppkey
	and o_orderkey = l1.l_orderkey
	and o_orderstatus = 'F'
	and l1.l_receiptdate > l1.l_commitdate
	and exists (
		select
			*
		from
			lineitem l2
		where
			l2.l_orderkey = l1.l_orderkey
			and l2.l_suppkey <> l1.l_suppkey
	)
	and not exists (
		select
			*
		from
			lineitem l3
		where
			l3.l_orderkey = l1.l_orderkey
			and l3.l_suppkey <> l1.l_suppkey
			and l3.l_receiptdate > l3.l_commitdate
	)
	and s_nationkey = n_nationkey
	and n_name = 'ETHIOPIA'
group by
	s_name
order by
	numwait desc,
	s_name
LIMIT 100;
                                                                                                  QUERY PLAN                                                                                                  
--------------------------------------------------------------------------------------------------------------------------------------------------------------------------------------------------------------
 Limit  (cost=2872174.97..2872174.97 rows=1 width=26) (actual time=42636.549..42636.565 rows=100 loops=1)
   Buffers: shared hit=13745601 read=439475 written=347
   ->  Sort  (cost=2872174.97..2872174.97 rows=1 width=26) (actual time=42636.548..42636.554 rows=100 loops=1)
         Sort Key: (count(*)), supplier.s_name
         Sort Method: top-N heapsort  Memory: 32kB
         Buffers: shared hit=13745601 read=439475 written=347
         ->  HashAggregate  (cost=2872174.95..2872174.96 rows=1 width=26) (actual time=42634.405..42635.416 rows=3945 loops=1)
               Group Key: supplier.s_name
               Buffers: shared hit=13745593 read=439475 written=347
               ->  Nested Loop Anti Join  (cost=2406.88..2872174.94 rows=1 width=26) (actual time=39.640..42582.178 rows=38949 loops=1)
                     Buffers: shared hit=13745593 read=439475 written=347
                     ->  Nested Loop Semi Join  (cost=2406.31..2872173.16 rows=1 width=34) (actual time=37.032..39621.819 rows=696748 loops=1)
                           Join Filter: (orders.o_orderkey = l2.l_orderkey)
                           Buffers: shared hit=10247995 read=438277 written=327
                           ->  Nested Loop  (cost=2405.75..2345393.92 rows=394203 width=38) (actual time=36.973..35305.957 rows=722885 loops=1)
                                 Buffers: shared hit=6640702 read=425554 written=215
                                 ->  Hash Join  (cost=2405.31..1920020.16 rows=807985 width=34) (actual time=36.920..27552.645 rows=1494921 loops=1)
                                       Hash Cond: (l1.l_suppkey = supplier.s_suppkey)
                                       Buffers: shared hit=677692 read=400797 written=138
                                       ->  Seq Scan on lineitem l1  (cost=0.00..1833786.36 rows=20199636 width=8) (actual time=0.013..20269.571 rows=37927594 loops=1)
                                             Filter: (l_receiptdate > l_commitdate)
                                             Rows Removed by Filter: 22056790
                                             Buffers: shared hit=675507 read=400797 written=138
                                       ->  Hash  (cost=2355.31..2355.31 rows=4000 width=30) (actual time=36.808..36.808 rows=3945 loops=1)
                                             Buckets: 4096  Batches: 1  Memory Usage: 279kB
                                             Buffers: shared hit=2182
                                             ->  Nested Loop  (cost=43.00..2355.31 rows=4000 width=30) (actual time=0.272..35.621 rows=3945 loops=1)
                                                   Buffers: shared hit=2182
                                                   ->  Seq Scan on nation  (cost=0.00..1.31 rows=1 width=4) (actual time=0.004..0.009 rows=1 loops=1)
                                                         Filter: (n_name = 'ETHIOPIA'::bpchar)
                                                         Rows Removed by Filter: 24
                                                         Buffers: shared hit=1
                                                   ->  Bitmap Heap Scan on supplier  (cost=43.00..2314.00 rows=4000 width=34) (actual time=0.260..35.002 rows=3945 loops=1)
                                                         Recheck Cond: (s_nationkey = nation.n_nationkey)
                                                         Rows Removed by Index Recheck: 96055
                                                         Heap Blocks: lossy=2179
                                                         Buffers: shared hit=2181
                                                         ->  Bitmap Index Scan on supplier_s_nationkey_s_suppkey_brin_idx  (cost=0.00..42.00 rows=4000 width=0) (actual time=0.247..0.247 rows=23040 loops=1)
                                                               Index Cond: (s_nationkey = nation.n_nationkey)
                                                               Buffers: shared hit=2
                                 ->  Index Scan using pk_orders on orders  (cost=0.43..0.52 rows=1 width=4) (actual time=0.004..0.005 rows=0 loops=1494921)
                                       Index Cond: (o_orderkey = l1.l_orderkey)
                                       Filter: (o_orderstatus = 'F'::bpchar)
                                       Rows Removed by Filter: 1
                                       Buffers: shared hit=5963010 read=24757 written=77
                           ->  Index Scan using pk_lineitem on lineitem l2  (cost=0.56..1.15 rows=15 width=8) (actual time=0.005..0.005 rows=1 loops=722885)
                                 Index Cond: (l_orderkey = l1.l_orderkey)
                                 Filter: (l_suppkey <> l1.l_suppkey)
                                 Rows Removed by Filter: 0
                                 Buffers: shared hit=3607293 read=12723 written=112
                     ->  Index Scan using pk_lineitem on lineitem l3  (cost=0.56..1.15 rows=5 width=8) (actual time=0.004..0.004 rows=1 loops=696748)
                           Index Cond: (l_orderkey = l1.l_orderkey)
                           Filter: ((l_receiptdate > l_commitdate) AND (l_suppkey <> l1.l_suppkey))
                           Rows Removed by Filter: 1
                           Buffers: shared hit=3497598 read=1198 written=20
 Planning time: 9.149 ms
 Execution time: 42636.847 ms
(57 rows)

COMMIT;
COMMIT
