BEGIN;
BEGIN
EXPLAIN (ANALYZE, BUFFERS)
select
	c_custkey,
	c_name,
	sum(l_extendedprice * (1 - l_discount)) as revenue,
	c_acctbal,
	n_name,
	c_address,
	c_phone,
	c_comment
from
	customer,
	orders,
	lineitem,
	nation
where
	c_custkey = o_custkey
	and l_orderkey = o_orderkey
	and o_orderdate >= date '1993-12-01'
	and o_orderdate < cast(date '1993-12-01' + interval '3 month' as date)
	and l_returnflag = 'R'
	and c_nationkey = n_nationkey
group by
	c_custkey,
	c_name,
	c_acctbal,
	c_phone,
	n_name,
	c_address,
	c_comment
order by
	revenue desc
LIMIT 20;
                                                                                               QUERY PLAN                                                                                                
---------------------------------------------------------------------------------------------------------------------------------------------------------------------------------------------------------
 Limit  (cost=2292993.57..2292993.62 rows=20 width=175) (actual time=37020.226..37020.232 rows=20 loops=1)
   Buffers: shared hit=741575 read=626889 dirtied=1103 written=654
   ->  Sort  (cost=2292993.57..2294377.66 rows=553638 width=175) (actual time=37020.223..37020.227 rows=20 loops=1)
         Sort Key: (sum((lineitem.l_extendedprice * (1::double precision - lineitem.l_discount))))
         Sort Method: top-N heapsort  Memory: 30kB
         Buffers: shared hit=741575 read=626889 dirtied=1103 written=654
         ->  HashAggregate  (cost=2272725.08..2278261.46 rows=553638 width=175) (actual time=36660.716..36881.197 rows=374996 loops=1)
               Group Key: customer.c_custkey, customer.c_name, customer.c_acctbal, customer.c_phone, nation.n_name, customer.c_address, customer.c_comment
               Buffers: shared hit=741572 read=626889 dirtied=1103 written=654
               ->  Hash Join  (cost=346405.91..2258884.13 rows=553638 width=175) (actual time=10024.077..34506.220 rows=1121329 loops=1)
                     Hash Cond: (customer.c_nationkey = nation.n_nationkey)
                     Buffers: shared hit=741572 read=626889 dirtied=1103 written=654
                     ->  Hash Join  (cost=346404.35..2251270.04 rows=553638 width=153) (actual time=10024.046..34007.985 rows=1121329 loops=1)
                           Hash Cond: (orders.o_custkey = customer.c_custkey)
                           Buffers: shared hit=741571 read=626889 dirtied=1103 written=654
                           ->  Hash Join  (cost=277376.35..2173937.47 rows=553638 width=12) (actual time=8504.198..31601.704 rows=1121329 loops=1)
                                 Hash Cond: (lineitem.l_orderkey = orders.o_orderkey)
                                 Buffers: shared hit=706293 read=626889 dirtied=1103 written=654
                                 ->  Seq Scan on lineitem  (cost=0.00..1835178.36 rows=14892368 width=12) (actual time=0.013..19340.663 rows=14822651 loops=1)
                                       Filter: (l_returnflag = 'R'::bpchar)
                                       Rows Removed by Filter: 45222221
                                       Buffers: shared hit=516513 read=560604 dirtied=848 written=645
                                 ->  Hash  (cost=270329.21..270329.21 rows=563771 width=8) (actual time=8497.628..8497.628 rows=560974 loops=1)
                                       Buckets: 1048576  Batches: 1  Memory Usage: 30106kB
                                       Buffers: shared hit=189780 read=66285 dirtied=255 written=9
                                       ->  Bitmap Heap Scan on orders  (cost=5818.65..270329.21 rows=563771 width=8) (actual time=30.567..8180.355 rows=560974 loops=1)
                                             Recheck Cond: ((o_orderdate >= '1993-12-01'::date) AND (o_orderdate < '1994-03-01'::date))
                                             Rows Removed by Index Recheck: 14454026
                                             Heap Blocks: lossy=256054
                                             Buffers: shared hit=189780 read=66285 dirtied=255 written=9
                                             ->  Bitmap Index Scan on orders_o_orderkey_o_orderdate_brin_idx  (cost=0.00..5677.71 rows=563771 width=0) (actual time=30.402..30.402 rows=2561280 loops=1)
                                                   Index Cond: ((o_orderdate >= '1993-12-01'::date) AND (o_orderdate < '1994-03-01'::date))
                                                   Buffers: shared hit=3 read=8
                           ->  Hash  (cost=50278.00..50278.00 rows=1500000 width=145) (actual time=1509.137..1509.137 rows=1500000 loops=1)
                                 Buckets: 2097152  Batches: 1  Memory Usage: 281501kB
                                 Buffers: shared hit=35278
                                 ->  Seq Scan on customer  (cost=0.00..50278.00 rows=1500000 width=145) (actual time=0.013..647.832 rows=1500000 loops=1)
                                       Buffers: shared hit=35278
                     ->  Hash  (cost=1.25..1.25 rows=25 width=30) (actual time=0.019..0.019 rows=25 loops=1)
                           Buckets: 1024  Batches: 1  Memory Usage: 10kB
                           Buffers: shared hit=1
                           ->  Seq Scan on nation  (cost=0.00..1.25 rows=25 width=30) (actual time=0.005..0.011 rows=25 loops=1)
                                 Buffers: shared hit=1
 Planning time: 5.681 ms
 Execution time: 37040.915 ms
(45 rows)

COMMIT;
COMMIT
