BEGIN;
BEGIN
EXPLAIN (ANALYZE, BUFFERS)
select
	s_name,
	count(*) as numwait
from
	supplier,
	lineitem l1,
	orders,
	nation
where
	s_suppkey = l1.l_suppkey
	and o_orderkey = l1.l_orderkey
	and o_orderstatus = 'F'
	and l1.l_receiptdate > l1.l_commitdate
	and exists (
		select
			*
		from
			lineitem l2
		where
			l2.l_orderkey = l1.l_orderkey
			and l2.l_suppkey <> l1.l_suppkey
	)
	and not exists (
		select
			*
		from
			lineitem l3
		where
			l3.l_orderkey = l1.l_orderkey
			and l3.l_suppkey <> l1.l_suppkey
			and l3.l_receiptdate > l3.l_commitdate
	)
	and s_nationkey = n_nationkey
	and n_name = 'UNITED STATES'
group by
	s_name
order by
	numwait desc,
	s_name
LIMIT 100;
                                                                                                  QUERY PLAN                                                                                                  
--------------------------------------------------------------------------------------------------------------------------------------------------------------------------------------------------------------
 Limit  (cost=2852871.72..2852871.73 rows=1 width=26) (actual time=43957.591..43957.607 rows=100 loops=1)
   Buffers: shared hit=13807157 read=582609 written=961
   ->  Sort  (cost=2852871.72..2852871.73 rows=1 width=26) (actual time=43957.590..43957.598 rows=100 loops=1)
         Sort Key: (count(*)), supplier.s_name
         Sort Method: top-N heapsort  Memory: 32kB
         Buffers: shared hit=13807157 read=582609 written=961
         ->  HashAggregate  (cost=2852871.70..2852871.71 rows=1 width=26) (actual time=43955.136..43956.454 rows=4004 loops=1)
               Group Key: supplier.s_name
               Buffers: shared hit=13807149 read=582609 written=961
               ->  Nested Loop Anti Join  (cost=2406.88..2852871.70 rows=1 width=26) (actual time=36.648..43891.945 rows=40059 loops=1)
                     Buffers: shared hit=13807149 read=582609 written=961
                     ->  Nested Loop Semi Join  (cost=2406.31..2852869.92 rows=1 width=34) (actual time=36.044..40818.070 rows=707715 loops=1)
                           Join Filter: (orders.o_orderkey = l2.l_orderkey)
                           Buffers: shared hit=10255550 read=580631 written=940
                           ->  Nested Loop  (cost=2405.75..2329682.54 rows=391569 width=38) (actual time=36.006..35605.372 rows=734376 loops=1)
                                 Buffers: shared hit=6690000 read=468734 written=666
                                 ->  Hash Join  (cost=2405.31..1907208.16 rows=802587 width=34) (actual time=35.827..27468.111 rows=1519791 loops=1)
                                       Hash Cond: (l1.l_suppkey = supplier.s_suppkey)
                                       Buffers: shared hit=658374 read=412920 written=51
                                       ->  Seq Scan on lineitem l1  (cost=0.00..1821534.44 rows=20064678 width=8) (actual time=0.016..20065.857 rows=37928885 loops=1)
                                             Filter: (l_receiptdate > l_commitdate)
                                             Rows Removed by Filter: 22056768
                                             Buffers: shared hit=656190 read=412919 written=51
                                       ->  Hash  (cost=2355.31..2355.31 rows=4000 width=30) (actual time=35.763..35.763 rows=4004 loops=1)
                                             Buckets: 4096  Batches: 1  Memory Usage: 283kB
                                             Buffers: shared hit=2181 read=1
                                             ->  Nested Loop  (cost=43.00..2355.31 rows=4000 width=30) (actual time=0.400..34.538 rows=4004 loops=1)
                                                   Buffers: shared hit=2181 read=1
                                                   ->  Seq Scan on nation  (cost=0.00..1.31 rows=1 width=4) (actual time=0.009..0.010 rows=1 loops=1)
                                                         Filter: (n_name = 'UNITED STATES'::bpchar)
                                                         Rows Removed by Filter: 24
                                                         Buffers: shared hit=1
                                                   ->  Bitmap Heap Scan on supplier  (cost=43.00..2314.00 rows=4000 width=34) (actual time=0.384..33.853 rows=4004 loops=1)
                                                         Recheck Cond: (s_nationkey = nation.n_nationkey)
                                                         Rows Removed by Index Recheck: 95996
                                                         Heap Blocks: lossy=2179
                                                         Buffers: shared hit=2180 read=1
                                                         ->  Bitmap Index Scan on supplier_s_nationkey_s_suppkey_brin_idx  (cost=0.00..42.00 rows=4000 width=0) (actual time=0.365..0.365 rows=23040 loops=1)
                                                               Index Cond: (s_nationkey = nation.n_nationkey)
                                                               Buffers: shared hit=1 read=1
                                 ->  Index Scan using pk_orders on orders  (cost=0.43..0.52 rows=1 width=4) (actual time=0.005..0.005 rows=0 loops=1519791)
                                       Index Cond: (o_orderkey = l1.l_orderkey)
                                       Filter: (o_orderstatus = 'F'::bpchar)
                                       Rows Removed by Filter: 1
                                       Buffers: shared hit=6031626 read=55814 written=615
                           ->  Index Scan using pk_lineitem on lineitem l2  (cost=0.56..1.15 rows=15 width=8) (actual time=0.006..0.006 rows=1 loops=734376)
                                 Index Cond: (l_orderkey = l1.l_orderkey)
                                 Filter: (l_suppkey <> l1.l_suppkey)
                                 Rows Removed by Filter: 0
                                 Buffers: shared hit=3565550 read=111897 written=274
                     ->  Index Scan using pk_lineitem on lineitem l3  (cost=0.56..1.15 rows=5 width=8) (actual time=0.004..0.004 rows=1 loops=707715)
                           Index Cond: (l_orderkey = l1.l_orderkey)
                           Filter: ((l_receiptdate > l_commitdate) AND (l_suppkey <> l1.l_suppkey))
                           Rows Removed by Filter: 1
                           Buffers: shared hit=3551599 read=1978 written=21
 Planning time: 10.763 ms
 Execution time: 43957.956 ms
(57 rows)

COMMIT;
COMMIT
