BEGIN;
BEGIN
EXPLAIN (ANALYZE, BUFFERS)
select
	c_custkey,
	c_name,
	sum(l_extendedprice * (1 - l_discount)) as revenue,
	c_acctbal,
	n_name,
	c_address,
	c_phone,
	c_comment
from
	customer,
	orders,
	lineitem,
	nation
where
	c_custkey = o_custkey
	and l_orderkey = o_orderkey
	and o_orderdate >= date '1994-05-01'
	and o_orderdate < cast(date '1994-05-01' + interval '3 month' as date)
	and l_returnflag = 'R'
	and c_nationkey = n_nationkey
group by
	c_custkey,
	c_name,
	c_acctbal,
	c_phone,
	n_name,
	c_address,
	c_comment
order by
	revenue desc
LIMIT 20;
                                                                                               QUERY PLAN                                                                                                
---------------------------------------------------------------------------------------------------------------------------------------------------------------------------------------------------------
 Limit  (cost=2291013.03..2291013.08 rows=20 width=175) (actual time=34275.504..34275.510 rows=20 loops=1)
   Buffers: shared hit=843176 read=522638 written=958
   ->  Sort  (cost=2291013.03..2292438.36 rows=570131 width=175) (actual time=34275.501..34275.505 rows=20 loops=1)
         Sort Key: (sum((lineitem.l_extendedprice * (1::double precision - lineitem.l_discount))))
         Sort Method: top-N heapsort  Memory: 30kB
         Buffers: shared hit=843176 read=522638 written=958
         ->  HashAggregate  (cost=2270140.74..2275842.05 rows=570131 width=175) (actual time=33880.228..34133.847 rows=381430 loops=1)
               Group Key: customer.c_custkey, customer.c_name, customer.c_acctbal, customer.c_phone, nation.n_name, customer.c_address, customer.c_comment
               Buffers: shared hit=843173 read=522638 written=958
               ->  Hash Join  (cost=346534.23..2255887.46 rows=570131 width=175) (actual time=8658.577..31823.238 rows=1148559 loops=1)
                     Hash Cond: (customer.c_nationkey = nation.n_nationkey)
                     Buffers: shared hit=843173 read=522638 written=958
                     ->  Hash Join  (cost=346532.67..2248046.60 rows=570131 width=153) (actual time=8658.547..31401.824 rows=1148559 loops=1)
                           Hash Cond: (orders.o_custkey = customer.c_custkey)
                           Buffers: shared hit=843172 read=522638 written=958
                           ->  Hash Join  (cost=277504.67..2170466.64 rows=570131 width=12) (actual time=7200.114..29149.047 rows=1148559 loops=1)
                                 Hash Cond: (lineitem.l_orderkey = orders.o_orderkey)
                                 Buffers: shared hit=807894 read=522638 written=958
                                 ->  Seq Scan on lineitem  (cost=0.00..1831525.44 rows=14862725 width=12) (actual time=0.013..18335.187 rows=14807964 loops=1)
                                       Filter: (l_returnflag = 'R'::bpchar)
                                       Rows Removed by Filter: 45175958
                                       Buffers: shared hit=584255 read=490718
                                 ->  Hash  (cost=270247.49..270247.49 rows=580574 width=8) (actual time=7194.907..7194.907 rows=573907 loops=1)
                                       Buckets: 1048576  Batches: 1  Memory Usage: 30611kB
                                       Buffers: shared hit=223639 read=31920 written=958
                                       ->  Bitmap Heap Scan on orders  (cost=5990.88..270247.49 rows=580574 width=8) (actual time=27.745..6966.165 rows=573907 loops=1)
                                             Recheck Cond: ((o_orderdate >= '1994-05-01'::date) AND (o_orderdate < '1994-08-01'::date))
                                             Rows Removed by Index Recheck: 14426093
                                             Heap Blocks: lossy=255548
                                             Buffers: shared hit=223639 read=31920 written=958
                                             ->  Bitmap Index Scan on orders_o_orderkey_o_orderdate_brin_idx  (cost=0.00..5845.74 rows=580574 width=0) (actual time=27.569..27.569 rows=2556160 loops=1)
                                                   Index Cond: ((o_orderdate >= '1994-05-01'::date) AND (o_orderdate < '1994-08-01'::date))
                                                   Buffers: shared hit=3 read=8
                           ->  Hash  (cost=50278.00..50278.00 rows=1500000 width=145) (actual time=1452.204..1452.204 rows=1500000 loops=1)
                                 Buckets: 2097152  Batches: 1  Memory Usage: 281501kB
                                 Buffers: shared hit=35278
                                 ->  Seq Scan on customer  (cost=0.00..50278.00 rows=1500000 width=145) (actual time=0.010..611.594 rows=1500000 loops=1)
                                       Buffers: shared hit=35278
                     ->  Hash  (cost=1.25..1.25 rows=25 width=30) (actual time=0.019..0.019 rows=25 loops=1)
                           Buckets: 1024  Batches: 1  Memory Usage: 10kB
                           Buffers: shared hit=1
                           ->  Seq Scan on nation  (cost=0.00..1.25 rows=25 width=30) (actual time=0.006..0.011 rows=25 loops=1)
                                 Buffers: shared hit=1
 Planning time: 3.925 ms
 Execution time: 34301.780 ms
(45 rows)

COMMIT;
COMMIT
