BEGIN;
BEGIN
EXPLAIN (ANALYZE, BUFFERS)
select
	l_shipmode,
	sum(case
		when o_orderpriority = '1-URGENT'
			or o_orderpriority = '2-HIGH'
			then 1
		else 0
	end) as high_line_count,
	sum(case
		when o_orderpriority <> '1-URGENT'
			and o_orderpriority <> '2-HIGH'
			then 1
		else 0
	end) as low_line_count
from
	orders,
	lineitem
where
	o_orderkey = l_orderkey
	and l_shipmode in ('TRUCK', 'MAIL')
	and l_commitdate < l_receiptdate
	and l_shipdate < l_commitdate
	and l_receiptdate >= date '1995-01-01'
	and l_receiptdate < date '1995-01-01' + interval '1 year'
group by
	l_shipmode
order by
	l_shipmode;
                                                                                                                            QUERY PLAN                                                                                                                             
-------------------------------------------------------------------------------------------------------------------------------------------------------------------------------------------------------------------------------------------------------------------
 Sort  (cost=3056146.08..3056146.09 rows=1 width=27) (actual time=36234.951..36234.951 rows=2 loops=1)
   Sort Key: lineitem.l_shipmode
   Sort Method: quicksort  Memory: 25kB
   Buffers: shared hit=1015611 read=318890 written=146
   ->  HashAggregate  (cost=3056146.06..3056146.07 rows=1 width=27) (actual time=36234.900..36234.900 rows=2 loops=1)
         Group Key: lineitem.l_shipmode
         Buffers: shared hit=1015606 read=318890 written=146
         ->  Hash Join  (cost=597855.36..3051034.26 rows=292103 width=27) (actual time=10855.148..35882.115 rows=311921 loops=1)
               Hash Cond: (lineitem.l_orderkey = orders.o_orderkey)
               Buffers: shared hit=1015606 read=318890 written=146
               ->  Seq Scan on lineitem  (cost=0.00..2444050.68 rows=292103 width=15) (actual time=0.256..24673.623 rows=311921 loops=1)
                     Filter: ((l_shipmode = ANY ('{TRUCK,MAIL}'::bpchar[])) AND (l_commitdate < l_receiptdate) AND (l_shipdate < l_commitdate) AND (l_receiptdate >= '1995-01-01'::date) AND (l_receiptdate < '1996-01-01 00:00:00'::timestamp without time zone))
                     Rows Removed by Filter: 59733073
                     Buffers: shared hit=851330 read=226856 written=2
               ->  Hash  (cost=408106.27..408106.27 rows=15179927 width=20) (actual time=10775.347..10775.347 rows=15015000 loops=1)
                     Buckets: 16777216  Batches: 1  Memory Usage: 893553kB
                     Buffers: shared hit=164273 read=92034 written=144
                     ->  Seq Scan on orders  (cost=0.00..408106.27 rows=15179927 width=20) (actual time=0.010..5104.783 rows=15015000 loops=1)
                           Buffers: shared hit=164273 read=92034 written=144
 Planning time: 2.326 ms
 Execution time: 36250.022 ms
(21 rows)

COMMIT;
COMMIT
