BEGIN;
BEGIN
EXPLAIN (ANALYZE, BUFFERS)
select
	s_name,
	count(*) as numwait
from
	supplier,
	lineitem l1,
	orders,
	nation
where
	s_suppkey = l1.l_suppkey
	and o_orderkey = l1.l_orderkey
	and o_orderstatus = 'F'
	and l1.l_receiptdate > l1.l_commitdate
	and exists (
		select
			*
		from
			lineitem l2
		where
			l2.l_orderkey = l1.l_orderkey
			and l2.l_suppkey <> l1.l_suppkey
	)
	and not exists (
		select
			*
		from
			lineitem l3
		where
			l3.l_orderkey = l1.l_orderkey
			and l3.l_suppkey <> l1.l_suppkey
			and l3.l_receiptdate > l3.l_commitdate
	)
	and s_nationkey = n_nationkey
	and n_name = 'MOROCCO'
group by
	s_name
order by
	numwait desc,
	s_name
LIMIT 100;
                                                                                                  QUERY PLAN                                                                                                  
--------------------------------------------------------------------------------------------------------------------------------------------------------------------------------------------------------------
 Limit  (cost=2888666.75..2888666.76 rows=1 width=26) (actual time=43933.593..43933.610 rows=100 loops=1)
   Buffers: shared hit=14021772 read=322310 written=474
   ->  Sort  (cost=2888666.75..2888666.76 rows=1 width=26) (actual time=43933.591..43933.599 rows=100 loops=1)
         Sort Key: (count(*)), supplier.s_name
         Sort Method: top-N heapsort  Memory: 32kB
         Buffers: shared hit=14021772 read=322310 written=474
         ->  HashAggregate  (cost=2888666.73..2888666.74 rows=1 width=26) (actual time=43931.367..43932.473 rows=3989 loops=1)
               Group Key: supplier.s_name
               Buffers: shared hit=14021764 read=322310 written=474
               ->  Nested Loop Anti Join  (cost=2406.88..2888666.73 rows=1 width=26) (actual time=59.931..43874.122 rows=39758 loops=1)
                     Buffers: shared hit=14021764 read=322310 written=474
                     ->  Nested Loop Semi Join  (cost=2406.31..2888664.94 rows=1 width=34) (actual time=54.159..40789.775 rows=704005 loops=1)
                           Join Filter: (orders.o_orderkey = l2.l_orderkey)
                           Buffers: shared hit=10488014 read=321148 written=463
                           ->  Nested Loop  (cost=2405.75..2358816.97 rows=396453 width=38) (actual time=54.103..35580.644 rows=730906 loops=1)
                                 Buffers: shared hit=6915536 read=233606 written=98
                                 ->  Hash Join  (cost=2405.31..1930964.99 rows=812597 width=34) (actual time=53.710..27708.084 rows=1514111 loops=1)
                                       Hash Cond: (l1.l_suppkey = supplier.s_suppkey)
                                       Buffers: shared hit=870042 read=214586 written=61
                                       ->  Seq Scan on lineitem l1  (cost=0.00..1844252.74 rows=20314926 width=8) (actual time=0.010..19960.600 rows=37965587 loops=1)
                                             Filter: (l_receiptdate > l_commitdate)
                                             Rows Removed by Filter: 22079029
                                             Buffers: shared hit=867857 read=214586 written=61
                                       ->  Hash  (cost=2355.31..2355.31 rows=4000 width=30) (actual time=53.661..53.661 rows=3990 loops=1)
                                             Buckets: 4096  Batches: 1  Memory Usage: 282kB
                                             Buffers: shared hit=2182
                                             ->  Nested Loop  (cost=43.00..2355.31 rows=4000 width=30) (actual time=0.321..52.428 rows=3990 loops=1)
                                                   Buffers: shared hit=2182
                                                   ->  Seq Scan on nation  (cost=0.00..1.31 rows=1 width=4) (actual time=0.008..0.012 rows=1 loops=1)
                                                         Filter: (n_name = 'MOROCCO'::bpchar)
                                                         Rows Removed by Filter: 24
                                                         Buffers: shared hit=1
                                                   ->  Bitmap Heap Scan on supplier  (cost=43.00..2314.00 rows=4000 width=34) (actual time=0.306..51.711 rows=3990 loops=1)
                                                         Recheck Cond: (s_nationkey = nation.n_nationkey)
                                                         Rows Removed by Index Recheck: 96010
                                                         Heap Blocks: lossy=2179
                                                         Buffers: shared hit=2181
                                                         ->  Bitmap Index Scan on supplier_s_nationkey_s_suppkey_brin_idx  (cost=0.00..42.00 rows=4000 width=0) (actual time=0.289..0.289 rows=23040 loops=1)
                                                               Index Cond: (s_nationkey = nation.n_nationkey)
                                                               Buffers: shared hit=2
                                 ->  Index Scan using pk_orders on orders  (cost=0.43..0.52 rows=1 width=4) (actual time=0.005..0.005 rows=0 loops=1514111)
                                       Index Cond: (o_orderkey = l1.l_orderkey)
                                       Filter: (o_orderstatus = 'F'::bpchar)
                                       Rows Removed by Filter: 1
                                       Buffers: shared hit=6045494 read=19020 written=37
                           ->  Index Scan using pk_lineitem on lineitem l2  (cost=0.56..1.15 rows=15 width=8) (actual time=0.006..0.006 rows=1 loops=730906)
                                 Index Cond: (l_orderkey = l1.l_orderkey)
                                 Filter: (l_suppkey <> l1.l_suppkey)
                                 Rows Removed by Filter: 0
                                 Buffers: shared hit=3572478 read=87542 written=365
                     ->  Index Scan using pk_lineitem on lineitem l3  (cost=0.56..1.15 rows=5 width=8) (actual time=0.004..0.004 rows=1 loops=704005)
                           Index Cond: (l_orderkey = l1.l_orderkey)
                           Filter: ((l_receiptdate > l_commitdate) AND (l_suppkey <> l1.l_suppkey))
                           Rows Removed by Filter: 1
                           Buffers: shared hit=3533750 read=1162 written=11
 Planning time: 9.076 ms
 Execution time: 43933.926 ms
(57 rows)

COMMIT;
COMMIT
