BEGIN;
BEGIN
EXPLAIN (ANALYZE, BUFFERS)
select
	l_shipmode,
	sum(case
		when o_orderpriority = '1-URGENT'
			or o_orderpriority = '2-HIGH'
			then 1
		else 0
	end) as high_line_count,
	sum(case
		when o_orderpriority <> '1-URGENT'
			and o_orderpriority <> '2-HIGH'
			then 1
		else 0
	end) as low_line_count
from
	orders,
	lineitem
where
	o_orderkey = l_orderkey
	and l_shipmode in ('RAIL', 'FOB')
	and l_commitdate < l_receiptdate
	and l_shipdate < l_commitdate
	and l_receiptdate >= date '1996-01-01'
	and l_receiptdate < date '1996-01-01' + interval '1 year'
group by
	l_shipmode
order by
	l_shipmode;
                                                                                                                           QUERY PLAN                                                                                                                            
-----------------------------------------------------------------------------------------------------------------------------------------------------------------------------------------------------------------------------------------------------------------
 Sort  (cost=3071295.54..3071295.55 rows=1 width=27) (actual time=33768.418..33768.418 rows=2 loops=1)
   Sort Key: lineitem.l_shipmode
   Sort Method: quicksort  Memory: 25kB
   Buffers: shared hit=582361 read=758732
   ->  HashAggregate  (cost=3071295.52..3071295.53 rows=1 width=27) (actual time=33768.371..33768.371 rows=2 loops=1)
         Group Key: lineitem.l_shipmode
         Buffers: shared hit=582356 read=758732
         ->  Hash Join  (cost=600808.41..3066139.45 rows=294633 width=27) (actual time=9145.961..33438.505 rows=312491 loops=1)
               Hash Cond: (lineitem.l_orderkey = orders.o_orderkey)
               Buffers: shared hit=582356 read=758732
               ->  Seq Scan on lineitem  (cost=0.00..2456123.76 rows=294633 width=15) (actual time=0.020..23961.015 rows=312491 loops=1)
                     Filter: ((l_shipmode = ANY ('{RAIL,FOB}'::bpchar[])) AND (l_commitdate < l_receiptdate) AND (l_shipdate < l_commitdate) AND (l_receiptdate >= '1996-01-01'::date) AND (l_receiptdate < '1997-01-01 00:00:00'::timestamp without time zone))
                     Rows Removed by Filter: 59732689
                     Buffers: shared hit=324780 read=758732
               ->  Hash  (cost=410122.07..410122.07 rows=15254907 width=20) (actual time=9076.100..9076.100 rows=15015000 loops=1)
                     Buckets: 16777216  Batches: 1  Memory Usage: 893553kB
                     Buffers: shared hit=257573
                     ->  Seq Scan on orders  (cost=0.00..410122.07 rows=15254907 width=20) (actual time=0.012..3988.594 rows=15015000 loops=1)
                           Buffers: shared hit=257573
 Planning time: 2.269 ms
 Execution time: 33772.643 ms
(21 rows)

COMMIT;
COMMIT
