BEGIN;
BEGIN
EXPLAIN (ANALYZE, BUFFERS)
select
	s_name,
	count(*) as numwait
from
	supplier,
	lineitem l1,
	orders,
	nation
where
	s_suppkey = l1.l_suppkey
	and o_orderkey = l1.l_orderkey
	and o_orderstatus = 'F'
	and l1.l_receiptdate > l1.l_commitdate
	and exists (
		select
			*
		from
			lineitem l2
		where
			l2.l_orderkey = l1.l_orderkey
			and l2.l_suppkey <> l1.l_suppkey
	)
	and not exists (
		select
			*
		from
			lineitem l3
		where
			l3.l_orderkey = l1.l_orderkey
			and l3.l_suppkey <> l1.l_suppkey
			and l3.l_receiptdate > l3.l_commitdate
	)
	and s_nationkey = n_nationkey
	and n_name = 'GERMANY'
group by
	s_name
order by
	numwait desc,
	s_name
LIMIT 100;
                                                                                                  QUERY PLAN                                                                                                  
--------------------------------------------------------------------------------------------------------------------------------------------------------------------------------------------------------------
 Limit  (cost=2851544.97..2851544.97 rows=1 width=26) (actual time=42967.851..42967.868 rows=100 loops=1)
   Buffers: shared hit=14114050 read=403448 written=589
   ->  Sort  (cost=2851544.97..2851544.97 rows=1 width=26) (actual time=42967.850..42967.854 rows=100 loops=1)
         Sort Key: (count(*)), supplier.s_name
         Sort Method: top-N heapsort  Memory: 32kB
         Buffers: shared hit=14114050 read=403448 written=589
         ->  HashAggregate  (cost=2851544.95..2851544.96 rows=1 width=26) (actual time=42965.621..42966.674 rows=4049 loops=1)
               Group Key: supplier.s_name
               Buffers: shared hit=14114042 read=403448 written=589
               ->  Nested Loop Anti Join  (cost=2406.88..2851544.94 rows=1 width=26) (actual time=35.236..42907.726 rows=40123 loops=1)
                     Buffers: shared hit=14114042 read=403448 written=589
                     ->  Nested Loop Semi Join  (cost=2406.31..2851543.16 rows=1 width=34) (actual time=34.200..39831.195 rows=714536 loops=1)
                           Join Filter: (orders.o_orderkey = l2.l_orderkey)
                           Buffers: shared hit=10527216 read=402305 written=586
                           ->  Nested Loop  (cost=2405.75..2328607.88 rows=391384 width=38) (actual time=34.162..35461.346 rows=741510 loops=1)
                                 Buffers: shared hit=6832774 read=383571 written=420
                                 ->  Hash Join  (cost=2405.31..1906310.20 rows=802209 width=34) (actual time=34.087..27765.193 rows=1534268 loops=1)
                                       Hash Cond: (l1.l_suppkey = supplier.s_suppkey)
                                       Buffers: shared hit=706735 read=364055 written=17
                                       ->  Seq Scan on lineitem l1  (cost=0.00..1820675.73 rows=20055219 width=8) (actual time=0.013..20395.436 rows=37928885 loops=1)
                                             Filter: (l_receiptdate > l_commitdate)
                                             Rows Removed by Filter: 22056768
                                             Buffers: shared hit=704551 read=364054 written=17
                                       ->  Hash  (cost=2355.31..2355.31 rows=4000 width=30) (actual time=34.040..34.040 rows=4049 loops=1)
                                             Buckets: 4096  Batches: 1  Memory Usage: 286kB
                                             Buffers: shared hit=2181 read=1
                                             ->  Nested Loop  (cost=43.00..2355.31 rows=4000 width=30) (actual time=0.308..32.890 rows=4049 loops=1)
                                                   Buffers: shared hit=2181 read=1
                                                   ->  Seq Scan on nation  (cost=0.00..1.31 rows=1 width=4) (actual time=0.007..0.013 rows=1 loops=1)
                                                         Filter: (n_name = 'GERMANY'::bpchar)
                                                         Rows Removed by Filter: 24
                                                         Buffers: shared hit=1
                                                   ->  Bitmap Heap Scan on supplier  (cost=43.00..2314.00 rows=4000 width=34) (actual time=0.295..32.236 rows=4049 loops=1)
                                                         Recheck Cond: (s_nationkey = nation.n_nationkey)
                                                         Rows Removed by Index Recheck: 95951
                                                         Heap Blocks: lossy=2179
                                                         Buffers: shared hit=2180 read=1
                                                         ->  Bitmap Index Scan on supplier_s_nationkey_s_suppkey_brin_idx  (cost=0.00..42.00 rows=4000 width=0) (actual time=0.274..0.274 rows=23040 loops=1)
                                                               Index Cond: (s_nationkey = nation.n_nationkey)
                                                               Buffers: shared hit=1 read=1
                                 ->  Index Scan using pk_orders on orders  (cost=0.43..0.52 rows=1 width=4) (actual time=0.004..0.004 rows=0 loops=1534268)
                                       Index Cond: (o_orderkey = l1.l_orderkey)
                                       Filter: (o_orderstatus = 'F'::bpchar)
                                       Rows Removed by Filter: 1
                                       Buffers: shared hit=6126039 read=19516 written=403
                           ->  Index Scan using pk_lineitem on lineitem l2  (cost=0.56..1.15 rows=15 width=8) (actual time=0.005..0.005 rows=1 loops=741510)
                                 Index Cond: (l_orderkey = l1.l_orderkey)
                                 Filter: (l_suppkey <> l1.l_suppkey)
                                 Rows Removed by Filter: 0
                                 Buffers: shared hit=3694442 read=18734 written=166
                     ->  Index Scan using pk_lineitem on lineitem l3  (cost=0.56..1.15 rows=5 width=8) (actual time=0.004..0.004 rows=1 loops=714536)
                           Index Cond: (l_orderkey = l1.l_orderkey)
                           Filter: ((l_receiptdate > l_commitdate) AND (l_suppkey <> l1.l_suppkey))
                           Rows Removed by Filter: 1
                           Buffers: shared hit=3586826 read=1143 written=3
 Planning time: 9.377 ms
 Execution time: 42968.183 ms
(57 rows)

COMMIT;
COMMIT
