BEGIN;
BEGIN
EXPLAIN (ANALYZE, BUFFERS)
select
	c_custkey,
	c_name,
	sum(l_extendedprice * (1 - l_discount)) as revenue,
	c_acctbal,
	n_name,
	c_address,
	c_phone,
	c_comment
from
	customer,
	orders,
	lineitem,
	nation
where
	c_custkey = o_custkey
	and l_orderkey = o_orderkey
	and o_orderdate >= date '1993-03-01'
	and o_orderdate < cast(date '1993-03-01' + interval '3 month' as date)
	and l_returnflag = 'R'
	and c_nationkey = n_nationkey
group by
	c_custkey,
	c_name,
	c_acctbal,
	c_phone,
	n_name,
	c_address,
	c_comment
order by
	revenue desc
LIMIT 20;
                                                                                               QUERY PLAN                                                                                                
---------------------------------------------------------------------------------------------------------------------------------------------------------------------------------------------------------
 Limit  (cost=2292493.85..2292493.90 rows=20 width=175) (actual time=40026.606..40026.613 rows=20 loops=1)
   Buffers: shared hit=529860 read=837278 dirtied=212 written=223
   ->  Sort  (cost=2292493.85..2293907.43 rows=565431 width=175) (actual time=40026.603..40026.606 rows=20 loops=1)
         Sort Key: (sum((lineitem.l_extendedprice * (1::double precision - lineitem.l_discount))))
         Sort Method: top-N heapsort  Memory: 30kB
         Buffers: shared hit=529860 read=837278 dirtied=212 written=223
         ->  HashAggregate  (cost=2271793.62..2277447.93 rows=565431 width=175) (actual time=39593.135..39860.911 rows=382285 loops=1)
               Group Key: customer.c_custkey, customer.c_name, customer.c_acctbal, customer.c_phone, nation.n_name, customer.c_address, customer.c_comment
               Buffers: shared hit=529857 read=837278 dirtied=212 written=223
               ->  Hash Join  (cost=346606.45..2257657.85 rows=565431 width=175) (actual time=13493.467..37343.132 rows=1149524 loops=1)
                     Hash Cond: (customer.c_nationkey = nation.n_nationkey)
                     Buffers: shared hit=529857 read=837278 dirtied=212 written=223
                     ->  Hash Join  (cost=346604.89..2249881.61 rows=565431 width=153) (actual time=13493.436..36929.846 rows=1149524 loops=1)
                           Hash Cond: (orders.o_custkey = customer.c_custkey)
                           Buffers: shared hit=529856 read=837278 dirtied=212 written=223
                           ->  Hash Join  (cost=277576.89..2172372.15 rows=565431 width=12) (actual time=11853.702..34388.642 rows=1149524 loops=1)
                                 Hash Cond: (lineitem.l_orderkey = orders.o_orderkey)
                                 Buffers: shared hit=526714 read=805142 dirtied=212 written=223
                                 ->  Seq Scan on lineitem  (cost=0.00..1833350.20 rows=14877533 width=12) (actual time=0.016..19040.942 rows=14822772 loops=1)
                                       Filter: (l_returnflag = 'R'::bpchar)
                                       Rows Removed by Filter: 45221404
                                       Buffers: shared hit=322706 read=753338 written=7
                                 ->  Hash  (cost=270379.57..270379.57 rows=575785 width=8) (actual time=11849.214..11849.214 rows=574055 loops=1)
                                       Buckets: 1048576  Batches: 1  Memory Usage: 30617kB
                                       Buffers: shared hit=204008 read=51804 dirtied=212 written=216
                                       ->  Bitmap Heap Scan on orders  (cost=5941.80..270379.57 rows=575785 width=8) (actual time=28.216..11595.870 rows=574055 loops=1)
                                             Recheck Cond: ((o_orderdate >= '1993-03-01'::date) AND (o_orderdate < '1993-06-01'::date))
                                             Rows Removed by Index Recheck: 14440945
                                             Heap Blocks: lossy=255801
                                             Buffers: shared hit=204008 read=51804 dirtied=212 written=216
                                             ->  Bitmap Index Scan on orders_o_orderkey_o_orderdate_brin_idx  (cost=0.00..5797.85 rows=575785 width=0) (actual time=28.037..28.037 rows=2558720 loops=1)
                                                   Index Cond: ((o_orderdate >= '1993-03-01'::date) AND (o_orderdate < '1993-06-01'::date))
                                                   Buffers: shared hit=5 read=6
                           ->  Hash  (cost=50278.00..50278.00 rows=1500000 width=145) (actual time=1630.781..1630.781 rows=1500000 loops=1)
                                 Buckets: 2097152  Batches: 1  Memory Usage: 281501kB
                                 Buffers: shared hit=3142 read=32136
                                 ->  Seq Scan on customer  (cost=0.00..50278.00 rows=1500000 width=145) (actual time=0.011..760.995 rows=1500000 loops=1)
                                       Buffers: shared hit=3142 read=32136
                     ->  Hash  (cost=1.25..1.25 rows=25 width=30) (actual time=0.020..0.020 rows=25 loops=1)
                           Buckets: 1024  Batches: 1  Memory Usage: 10kB
                           Buffers: shared hit=1
                           ->  Seq Scan on nation  (cost=0.00..1.25 rows=25 width=30) (actual time=0.005..0.008 rows=25 loops=1)
                                 Buffers: shared hit=1
 Planning time: 4.102 ms
 Execution time: 40041.972 ms
(45 rows)

COMMIT;
COMMIT
