BEGIN;
BEGIN
EXPLAIN (ANALYZE, BUFFERS)
select
	l_shipmode,
	sum(case
		when o_orderpriority = '1-URGENT'
			or o_orderpriority = '2-HIGH'
			then 1
		else 0
	end) as high_line_count,
	sum(case
		when o_orderpriority <> '1-URGENT'
			and o_orderpriority <> '2-HIGH'
			then 1
		else 0
	end) as low_line_count
from
	orders,
	lineitem
where
	o_orderkey = l_orderkey
	and l_shipmode in ('TRUCK', 'AIR')
	and l_commitdate < l_receiptdate
	and l_shipdate < l_commitdate
	and l_receiptdate >= date '1997-01-01'
	and l_receiptdate < date '1997-01-01' + interval '1 year'
group by
	l_shipmode
order by
	l_shipmode;
                                                                                                                            QUERY PLAN                                                                                                                            
------------------------------------------------------------------------------------------------------------------------------------------------------------------------------------------------------------------------------------------------------------------
 Sort  (cost=3035109.45..3035109.45 rows=1 width=27) (actual time=37885.090..37885.090 rows=2 loops=1)
   Sort Key: lineitem.l_shipmode
   Sort Method: quicksort  Memory: 25kB
   Buffers: shared hit=1052305 read=272974 dirtied=4 written=3
   ->  HashAggregate  (cost=3035109.43..3035109.44 rows=1 width=27) (actual time=37885.040..37885.042 rows=2 loops=1)
         Group Key: lineitem.l_shipmode
         Buffers: shared hit=1052300 read=272974 dirtied=4 written=3
         ->  Hash Join  (cost=593719.70..3030003.17 rows=291786 width=27) (actual time=10667.870..37486.087 rows=311555 loops=1)
               Hash Cond: (lineitem.l_orderkey = orders.o_orderkey)
               Buffers: shared hit=1052300 read=272974 dirtied=4 written=3
               ->  Seq Scan on lineitem  (cost=0.00..2427165.16 rows=291786 width=15) (actual time=0.096..26429.460 rows=311555 loops=1)
                     Filter: ((l_shipmode = ANY ('{TRUCK,AIR}'::bpchar[])) AND (l_commitdate < l_receiptdate) AND (l_shipdate < l_commitdate) AND (l_receiptdate >= '1997-01-01'::date) AND (l_receiptdate < '1998-01-01 00:00:00'::timestamp without time zone))
                     Rows Removed by Filter: 59734666
                     Buffers: shared hit=842640 read=228097 dirtied=4 written=3
               ->  Hash  (cost=405283.20..405283.20 rows=15074920 width=20) (actual time=10521.542..10521.542 rows=15015000 loops=1)
                     Buckets: 16777216  Batches: 1  Memory Usage: 893553kB
                     Buffers: shared hit=209657 read=44877
                     ->  Seq Scan on orders  (cost=0.00..405283.20 rows=15074920 width=20) (actual time=0.012..4852.190 rows=15015000 loops=1)
                           Buffers: shared hit=209657 read=44877
 Planning time: 2.232 ms
 Execution time: 37900.810 ms
(21 rows)

COMMIT;
COMMIT
