BEGIN;
BEGIN
EXPLAIN (ANALYZE, BUFFERS)
select
	s_name,
	count(*) as numwait
from
	supplier,
	lineitem l1,
	orders,
	nation
where
	s_suppkey = l1.l_suppkey
	and o_orderkey = l1.l_orderkey
	and o_orderstatus = 'F'
	and l1.l_receiptdate > l1.l_commitdate
	and exists (
		select
			*
		from
			lineitem l2
		where
			l2.l_orderkey = l1.l_orderkey
			and l2.l_suppkey <> l1.l_suppkey
	)
	and not exists (
		select
			*
		from
			lineitem l3
		where
			l3.l_orderkey = l1.l_orderkey
			and l3.l_suppkey <> l1.l_suppkey
			and l3.l_receiptdate > l3.l_commitdate
	)
	and s_nationkey = n_nationkey
	and n_name = 'INDONESIA'
group by
	s_name
order by
	numwait desc,
	s_name
LIMIT 100;
                                                                                                  QUERY PLAN                                                                                                  
--------------------------------------------------------------------------------------------------------------------------------------------------------------------------------------------------------------
 Limit  (cost=2848696.31..2848696.31 rows=1 width=26) (actual time=43493.041..43493.059 rows=100 loops=1)
   Buffers: shared hit=14056126 read=226167 written=1032
   ->  Sort  (cost=2848696.31..2848696.31 rows=1 width=26) (actual time=43493.040..43493.047 rows=100 loops=1)
         Sort Key: (count(*)), supplier.s_name
         Sort Method: top-N heapsort  Memory: 32kB
         Buffers: shared hit=14056126 read=226167 written=1032
         ->  HashAggregate  (cost=2848696.29..2848696.30 rows=1 width=26) (actual time=43490.618..43491.853 rows=3974 loops=1)
               Group Key: supplier.s_name
               Buffers: shared hit=14056118 read=226167 written=1032
               ->  Nested Loop Anti Join  (cost=2406.88..2848696.28 rows=1 width=26) (actual time=63.555..43425.393 rows=39363 loops=1)
                     Buffers: shared hit=14056118 read=226167 written=1032
                     ->  Nested Loop Semi Join  (cost=2406.31..2848694.50 rows=1 width=34) (actual time=63.547..40294.918 rows=702192 loops=1)
                           Join Filter: (orders.o_orderkey = l2.l_orderkey)
                           Buffers: shared hit=10530863 read=225486 written=1019
                           ->  Nested Loop  (cost=2405.75..2326289.56 rows=390995 width=38) (actual time=63.514..35880.528 rows=728692 loops=1)
                                 Buffers: shared hit=6907536 read=199820 written=853
                                 ->  Hash Join  (cost=2405.31..1904418.06 rows=801412 width=34) (actual time=63.474..27795.302 rows=1507377 loops=1)
                                       Hash Cond: (l1.l_suppkey = supplier.s_suppkey)
                                       Buffers: shared hit=901051 read=168677 written=45
                                       ->  Seq Scan on lineitem l1  (cost=0.00..1818866.30 rows=20035288 width=8) (actual time=0.014..20326.773 rows=37966905 loops=1)
                                             Filter: (l_receiptdate > l_commitdate)
                                             Rows Removed by Filter: 22078698
                                             Buffers: shared hit=898867 read=168676 written=45
                                       ->  Hash  (cost=2355.31..2355.31 rows=4000 width=30) (actual time=63.360..63.360 rows=3974 loops=1)
                                             Buckets: 4096  Batches: 1  Memory Usage: 281kB
                                             Buffers: shared hit=2181 read=1
                                             ->  Nested Loop  (cost=43.00..2355.31 rows=4000 width=30) (actual time=0.308..62.233 rows=3974 loops=1)
                                                   Buffers: shared hit=2181 read=1
                                                   ->  Seq Scan on nation  (cost=0.00..1.31 rows=1 width=4) (actual time=0.006..0.011 rows=1 loops=1)
                                                         Filter: (n_name = 'INDONESIA'::bpchar)
                                                         Rows Removed by Filter: 24
                                                         Buffers: shared hit=1
                                                   ->  Bitmap Heap Scan on supplier  (cost=43.00..2314.00 rows=4000 width=34) (actual time=0.295..61.605 rows=3974 loops=1)
                                                         Recheck Cond: (s_nationkey = nation.n_nationkey)
                                                         Rows Removed by Index Recheck: 96026
                                                         Heap Blocks: lossy=2179
                                                         Buffers: shared hit=2180 read=1
                                                         ->  Bitmap Index Scan on supplier_s_nationkey_s_suppkey_brin_idx  (cost=0.00..42.00 rows=4000 width=0) (actual time=0.278..0.278 rows=23040 loops=1)
                                                               Index Cond: (s_nationkey = nation.n_nationkey)
                                                               Buffers: shared hit=1 read=1
                                 ->  Index Scan using pk_orders on orders  (cost=0.43..0.52 rows=1 width=4) (actual time=0.005..0.005 rows=0 loops=1507377)
                                       Index Cond: (o_orderkey = l1.l_orderkey)
                                       Filter: (o_orderstatus = 'F'::bpchar)
                                       Rows Removed by Filter: 1
                                       Buffers: shared hit=6006485 read=31143 written=808
                           ->  Index Scan using pk_lineitem on lineitem l2  (cost=0.56..1.15 rows=15 width=8) (actual time=0.005..0.005 rows=1 loops=728692)
                                 Index Cond: (l_orderkey = l1.l_orderkey)
                                 Filter: (l_suppkey <> l1.l_suppkey)
                                 Rows Removed by Filter: 0
                                 Buffers: shared hit=3623327 read=25666 written=166
                     ->  Index Scan using pk_lineitem on lineitem l3  (cost=0.56..1.15 rows=5 width=8) (actual time=0.004..0.004 rows=1 loops=702192)
                           Index Cond: (l_orderkey = l1.l_orderkey)
                           Filter: ((l_receiptdate > l_commitdate) AND (l_suppkey <> l1.l_suppkey))
                           Rows Removed by Filter: 1
                           Buffers: shared hit=3525255 read=681 written=13
 Planning time: 46.103 ms
 Execution time: 43493.379 ms
(57 rows)

COMMIT;
COMMIT
