BEGIN;
BEGIN
EXPLAIN (ANALYZE, BUFFERS)
select
	c_custkey,
	c_name,
	sum(l_extendedprice * (1 - l_discount)) as revenue,
	c_acctbal,
	n_name,
	c_address,
	c_phone,
	c_comment
from
	customer,
	orders,
	lineitem,
	nation
where
	c_custkey = o_custkey
	and l_orderkey = o_orderkey
	and o_orderdate >= date '1993-05-01'
	and o_orderdate < cast(date '1993-05-01' + interval '3 month' as date)
	and l_returnflag = 'R'
	and c_nationkey = n_nationkey
group by
	c_custkey,
	c_name,
	c_acctbal,
	c_phone,
	n_name,
	c_address,
	c_comment
order by
	revenue desc
LIMIT 20;
                                                                                               QUERY PLAN                                                                                                
---------------------------------------------------------------------------------------------------------------------------------------------------------------------------------------------------------
 Limit  (cost=2306497.57..2306497.62 rows=20 width=175) (actual time=36937.366..36937.371 rows=20 loops=1)
   Buffers: shared hit=974258 read=400798 written=2413
   ->  Sort  (cost=2306497.57..2307933.67 rows=574441 width=175) (actual time=36937.363..36937.367 rows=20 loops=1)
         Sort Key: (sum((lineitem.l_extendedprice * (1::double precision - lineitem.l_discount))))
         Sort Method: top-N heapsort  Memory: 30kB
         Buffers: shared hit=974258 read=400798 written=2413
         ->  HashAggregate  (cost=2285467.49..2291211.90 rows=574441 width=175) (actual time=36591.513..36795.517 rows=381506 loops=1)
               Group Key: customer.c_custkey, customer.c_name, customer.c_acctbal, customer.c_phone, nation.n_name, customer.c_address, customer.c_comment
               Buffers: shared hit=974255 read=400798 written=2413
               ->  Hash Join  (cost=348471.62..2271106.47 rows=574441 width=175) (actual time=12668.264..34600.853 rows=1147772 loops=1)
                     Hash Cond: (customer.c_nationkey = nation.n_nationkey)
                     Buffers: shared hit=974255 read=400798 written=2413
                     ->  Hash Join  (cost=348470.06..2263206.34 rows=574441 width=153) (actual time=12668.235..34185.564 rows=1147772 loops=1)
                           Hash Cond: (orders.o_custkey = customer.c_custkey)
                           Buffers: shared hit=974254 read=400798 written=2413
                           ->  Hash Join  (cost=279442.06..2185561.73 rows=574441 width=12) (actual time=11155.730..31933.807 rows=1147772 loops=1)
                                 Hash Cond: (lineitem.l_orderkey = orders.o_orderkey)
                                 Buffers: shared hit=938976 read=400798 written=2413
                                 ->  Seq Scan on lineitem  (cost=0.00..1844252.74 rows=14966006 width=12) (actual time=0.045..17461.426 rows=14807252 loops=1)
                                       Filter: (l_returnflag = 'R'::bpchar)
                                       Rows Removed by Filter: 45177661
                                       Buffers: shared hit=783045 read=299398
                                 ->  Hash  (cost=272130.12..272130.12 rows=584955 width=8) (actual time=11150.376..11150.376 rows=573638 loops=1)
                                       Buckets: 1048576  Batches: 1  Memory Usage: 30600kB
                                       Buffers: shared hit=155931 read=101400 written=2413
                                       ->  Bitmap Heap Scan on orders  (cost=6035.79..272130.12 rows=584955 width=8) (actual time=27.866..10888.745 rows=573638 loops=1)
                                             Recheck Cond: ((o_orderdate >= '1993-05-01'::date) AND (o_orderdate < '1993-08-01'::date))
                                             Rows Removed by Index Recheck: 14426362
                                             Heap Blocks: lossy=257320
                                             Buffers: shared hit=155931 read=101400 written=2413
                                             ->  Bitmap Index Scan on orders_o_orderkey_o_orderdate_brin_idx  (cost=0.00..5889.55 rows=584955 width=0) (actual time=27.697..27.697 rows=2574080 loops=1)
                                                   Index Cond: ((o_orderdate >= '1993-05-01'::date) AND (o_orderdate < '1993-08-01'::date))
                                                   Buffers: shared hit=3 read=8
                           ->  Hash  (cost=50278.00..50278.00 rows=1500000 width=145) (actual time=1482.104..1482.104 rows=1500000 loops=1)
                                 Buckets: 2097152  Batches: 1  Memory Usage: 281501kB
                                 Buffers: shared hit=35278
                                 ->  Seq Scan on customer  (cost=0.00..50278.00 rows=1500000 width=145) (actual time=0.011..613.668 rows=1500000 loops=1)
                                       Buffers: shared hit=35278
                     ->  Hash  (cost=1.25..1.25 rows=25 width=30) (actual time=0.018..0.018 rows=25 loops=1)
                           Buckets: 1024  Batches: 1  Memory Usage: 10kB
                           Buffers: shared hit=1
                           ->  Seq Scan on nation  (cost=0.00..1.25 rows=25 width=30) (actual time=0.005..0.011 rows=25 loops=1)
                                 Buffers: shared hit=1
 Planning time: 4.189 ms
 Execution time: 36954.466 ms
(45 rows)

COMMIT;
COMMIT
