BEGIN;
BEGIN
EXPLAIN (ANALYZE, BUFFERS)
select
	s_name,
	count(*) as numwait
from
	supplier,
	lineitem l1,
	orders,
	nation
where
	s_suppkey = l1.l_suppkey
	and o_orderkey = l1.l_orderkey
	and o_orderstatus = 'F'
	and l1.l_receiptdate > l1.l_commitdate
	and exists (
		select
			*
		from
			lineitem l2
		where
			l2.l_orderkey = l1.l_orderkey
			and l2.l_suppkey <> l1.l_suppkey
	)
	and not exists (
		select
			*
		from
			lineitem l3
		where
			l3.l_orderkey = l1.l_orderkey
			and l3.l_suppkey <> l1.l_suppkey
			and l3.l_receiptdate > l3.l_commitdate
	)
	and s_nationkey = n_nationkey
	and n_name = 'VIETNAM'
group by
	s_name
order by
	numwait desc,
	s_name
LIMIT 100;
                                                                                                  QUERY PLAN                                                                                                  
--------------------------------------------------------------------------------------------------------------------------------------------------------------------------------------------------------------
 Limit  (cost=2885812.08..2885812.09 rows=1 width=26) (actual time=47651.162..47651.178 rows=100 loops=1)
   Buffers: shared hit=13701947 read=647095 dirtied=253 written=655
   ->  Sort  (cost=2885812.08..2885812.09 rows=1 width=26) (actual time=47651.160..47651.165 rows=100 loops=1)
         Sort Key: (count(*)), supplier.s_name
         Sort Method: top-N heapsort  Memory: 32kB
         Buffers: shared hit=13701947 read=647095 dirtied=253 written=655
         ->  HashAggregate  (cost=2885812.06..2885812.07 rows=1 width=26) (actual time=47648.818..47650.007 rows=3987 loops=1)
               Group Key: supplier.s_name
               Buffers: shared hit=13701939 read=647095 dirtied=253 written=655
               ->  Nested Loop Anti Join  (cost=2406.88..2885812.06 rows=1 width=26) (actual time=84.143..47587.553 rows=39317 loops=1)
                     Buffers: shared hit=13701939 read=647095 dirtied=253 written=655
                     ->  Nested Loop Semi Join  (cost=2406.31..2885810.28 rows=1 width=34) (actual time=83.611..44307.108 rows=704632 loops=1)
                           Join Filter: (orders.o_orderkey = l2.l_orderkey)
                           Buffers: shared hit=10166101 read=644764 dirtied=253 written=633
                           ->  Nested Loop  (cost=2405.75..2356493.95 rows=396063 width=38) (actual time=83.553..38748.874 rows=731144 loops=1)
                                 Buffers: shared hit=6625957 read=523666 dirtied=253 written=103
                                 ->  Hash Join  (cost=2405.31..1929069.28 rows=811798 width=34) (actual time=83.455..30102.886 rows=1514440 loops=1)
                                       Hash Cond: (l1.l_suppkey = supplier.s_suppkey)
                                       Buffers: shared hit=562927 read=520637 written=90
                                       ->  Seq Scan on lineitem l1  (cost=0.00..1842439.90 rows=20294957 width=8) (actual time=0.017..21957.981 rows=37965829 loops=1)
                                             Filter: (l_receiptdate > l_commitdate)
                                             Rows Removed by Filter: 22078964
                                             Buffers: shared hit=560743 read=520636 written=90
                                       ->  Hash  (cost=2355.31..2355.31 rows=4000 width=30) (actual time=83.409..83.409 rows=3987 loops=1)
                                             Buckets: 4096  Batches: 1  Memory Usage: 282kB
                                             Buffers: shared hit=2181 read=1
                                             ->  Nested Loop  (cost=43.00..2355.31 rows=4000 width=30) (actual time=0.307..82.144 rows=3987 loops=1)
                                                   Buffers: shared hit=2181 read=1
                                                   ->  Seq Scan on nation  (cost=0.00..1.31 rows=1 width=4) (actual time=0.008..0.011 rows=1 loops=1)
                                                         Filter: (n_name = 'VIETNAM'::bpchar)
                                                         Rows Removed by Filter: 24
                                                         Buffers: shared hit=1
                                                   ->  Bitmap Heap Scan on supplier  (cost=43.00..2314.00 rows=4000 width=34) (actual time=0.292..81.395 rows=3987 loops=1)
                                                         Recheck Cond: (s_nationkey = nation.n_nationkey)
                                                         Rows Removed by Index Recheck: 96013
                                                         Heap Blocks: lossy=2179
                                                         Buffers: shared hit=2180 read=1
                                                         ->  Bitmap Index Scan on supplier_s_nationkey_s_suppkey_brin_idx  (cost=0.00..42.00 rows=4000 width=0) (actual time=0.272..0.272 rows=23040 loops=1)
                                                               Index Cond: (s_nationkey = nation.n_nationkey)
                                                               Buffers: shared hit=1 read=1
                                 ->  Index Scan using pk_orders on orders  (cost=0.43..0.52 rows=1 width=4) (actual time=0.005..0.005 rows=0 loops=1514440)
                                       Index Cond: (o_orderkey = l1.l_orderkey)
                                       Filter: (o_orderstatus = 'F'::bpchar)
                                       Rows Removed by Filter: 1
                                       Buffers: shared hit=6063030 read=3029 dirtied=253 written=13
                           ->  Index Scan using pk_lineitem on lineitem l2  (cost=0.56..1.15 rows=15 width=8) (actual time=0.007..0.007 rows=1 loops=731144)
                                 Index Cond: (l_orderkey = l1.l_orderkey)
                                 Filter: (l_suppkey <> l1.l_suppkey)
                                 Rows Removed by Filter: 0
                                 Buffers: shared hit=3540144 read=121098 written=530
                     ->  Index Scan using pk_lineitem on lineitem l3  (cost=0.56..1.15 rows=5 width=8) (actual time=0.004..0.004 rows=1 loops=704632)
                           Index Cond: (l_orderkey = l1.l_orderkey)
                           Filter: ((l_receiptdate > l_commitdate) AND (l_suppkey <> l1.l_suppkey))
                           Rows Removed by Filter: 1
                           Buffers: shared hit=3535838 read=2331 written=22
 Planning time: 8.988 ms
 Execution time: 47651.503 ms
(57 rows)

COMMIT;
COMMIT
