BEGIN;
BEGIN
EXPLAIN (ANALYZE, BUFFERS)
select
	c_custkey,
	c_name,
	sum(l_extendedprice * (1 - l_discount)) as revenue,
	c_acctbal,
	n_name,
	c_address,
	c_phone,
	c_comment
from
	customer,
	orders,
	lineitem,
	nation
where
	c_custkey = o_custkey
	and l_orderkey = o_orderkey
	and o_orderdate >= date '1995-01-01'
	and o_orderdate < cast(date '1995-01-01' + interval '3 month' as date)
	and l_returnflag = 'R'
	and c_nationkey = n_nationkey
group by
	c_custkey,
	c_name,
	c_acctbal,
	c_phone,
	n_name,
	c_address,
	c_comment
order by
	revenue desc
LIMIT 20;
                                                                                               QUERY PLAN                                                                                                
---------------------------------------------------------------------------------------------------------------------------------------------------------------------------------------------------------
 Limit  (cost=2288154.18..2288154.23 rows=20 width=175) (actual time=35825.257..35825.263 rows=20 loops=1)
   Buffers: shared hit=863264 read=501239 dirtied=255 written=81
   ->  Sort  (cost=2288154.18..2289566.03 rows=564740 width=175) (actual time=35825.253..35825.254 rows=20 loops=1)
         Sort Key: (sum((lineitem.l_extendedprice * (1::double precision - lineitem.l_discount))))
         Sort Method: top-N heapsort  Memory: 30kB
         Buffers: shared hit=863264 read=501239 dirtied=255 written=81
         ->  HashAggregate  (cost=2267479.25..2273126.65 rows=564740 width=175) (actual time=35472.695..35693.331 rows=354576 loops=1)
               Group Key: customer.c_custkey, customer.c_name, customer.c_acctbal, customer.c_phone, nation.n_name, customer.c_address, customer.c_comment
               Buffers: shared hit=863261 read=501239 dirtied=255 written=81
               ->  Hash Join  (cost=346073.87..2253360.75 rows=564740 width=175) (actual time=8887.071..33697.550 rows=940668 loops=1)
                     Hash Cond: (customer.c_nationkey = nation.n_nationkey)
                     Buffers: shared hit=863261 read=501239 dirtied=255 written=81
                     ->  Hash Join  (cost=346072.31..2245594.01 rows=564740 width=153) (actual time=8887.042..33340.136 rows=940668 loops=1)
                           Hash Cond: (orders.o_custkey = customer.c_custkey)
                           Buffers: shared hit=863260 read=501239 dirtied=255 written=81
                           ->  Hash Join  (cost=277044.31..2168094.91 rows=564740 width=12) (actual time=7562.262..31311.461 rows=940668 loops=1)
                                 Hash Cond: (lineitem.l_orderkey = orders.o_orderkey)
                                 Buffers: shared hit=827982 read=501239 dirtied=255 written=81
                                 ->  Seq Scan on lineitem  (cost=0.00..1829722.84 rows=14848097 width=12) (actual time=0.017..20063.440 rows=14808293 loops=1)
                                       Filter: (l_returnflag = 'R'::bpchar)
                                       Rows Removed by Filter: 45176616
                                       Buffers: shared hit=606427 read=467488
                                 ->  Hash  (cost=269855.80..269855.80 rows=575081 width=8) (actual time=7557.194..7557.194 rows=561470 loops=1)
                                       Buckets: 1048576  Batches: 1  Memory Usage: 30125kB
                                       Buffers: shared hit=221555 read=33751 dirtied=255 written=81
                                       ->  Bitmap Heap Scan on orders  (cost=5934.58..269855.80 rows=575081 width=8) (actual time=27.594..7305.530 rows=561470 loops=1)
                                             Recheck Cond: ((o_orderdate >= '1995-01-01'::date) AND (o_orderdate < '1995-04-01'::date))
                                             Rows Removed by Index Recheck: 14438530
                                             Heap Blocks: lossy=255295
                                             Buffers: shared hit=221555 read=33751 dirtied=255 written=81
                                             ->  Bitmap Index Scan on orders_o_orderkey_o_orderdate_brin_idx  (cost=0.00..5790.81 rows=575081 width=0) (actual time=27.430..27.430 rows=2553600 loops=1)
                                                   Index Cond: ((o_orderdate >= '1995-01-01'::date) AND (o_orderdate < '1995-04-01'::date))
                                                   Buffers: shared hit=3 read=8
                           ->  Hash  (cost=50278.00..50278.00 rows=1500000 width=145) (actual time=1318.517..1318.517 rows=1500000 loops=1)
                                 Buckets: 2097152  Batches: 1  Memory Usage: 281501kB
                                 Buffers: shared hit=35278
                                 ->  Seq Scan on customer  (cost=0.00..50278.00 rows=1500000 width=145) (actual time=0.009..544.340 rows=1500000 loops=1)
                                       Buffers: shared hit=35278
                     ->  Hash  (cost=1.25..1.25 rows=25 width=30) (actual time=0.018..0.018 rows=25 loops=1)
                           Buckets: 1024  Batches: 1  Memory Usage: 10kB
                           Buffers: shared hit=1
                           ->  Seq Scan on nation  (cost=0.00..1.25 rows=25 width=30) (actual time=0.004..0.006 rows=25 loops=1)
                                 Buffers: shared hit=1
 Planning time: 5.458 ms
 Execution time: 35841.592 ms
(45 rows)

COMMIT;
COMMIT
