BEGIN;
BEGIN
EXPLAIN (ANALYZE, BUFFERS)
select
	l_shipmode,
	sum(case
		when o_orderpriority = '1-URGENT'
			or o_orderpriority = '2-HIGH'
			then 1
		else 0
	end) as high_line_count,
	sum(case
		when o_orderpriority <> '1-URGENT'
			and o_orderpriority <> '2-HIGH'
			then 1
		else 0
	end) as low_line_count
from
	orders,
	lineitem
where
	o_orderkey = l_orderkey
	and l_shipmode in ('MAIL', 'TRUCK')
	and l_commitdate < l_receiptdate
	and l_shipdate < l_commitdate
	and l_receiptdate >= date '1994-01-01'
	and l_receiptdate < date '1994-01-01' + interval '1 year'
group by
	l_shipmode
order by
	l_shipmode;
                                                                                                                            QUERY PLAN                                                                                                                             
-------------------------------------------------------------------------------------------------------------------------------------------------------------------------------------------------------------------------------------------------------------------
 Sort  (cost=3056215.40..3056215.41 rows=1 width=27) (actual time=38438.380..38438.380 rows=2 loops=1)
   Sort Key: lineitem.l_shipmode
   Sort Method: quicksort  Memory: 25kB
   Buffers: shared hit=757706 read=576795 dirtied=759 written=2203
   ->  HashAggregate  (cost=3056215.38..3056215.39 rows=1 width=27) (actual time=38438.327..38438.327 rows=2 loops=1)
         Group Key: lineitem.l_shipmode
         Buffers: shared hit=757701 read=576795 dirtied=759 written=2203
         ->  Hash Join  (cost=597855.36..3051078.70 rows=293525 width=27) (actual time=12433.999..38093.390 rows=310632 loops=1)
               Hash Cond: (lineitem.l_orderkey = orders.o_orderkey)
               Buffers: shared hit=757701 read=576795 dirtied=759 written=2203
               ->  Seq Scan on lineitem  (cost=0.00..2444050.68 rows=293525 width=15) (actual time=0.063..25283.797 rows=310632 loops=1)
                     Filter: ((l_shipmode = ANY ('{MAIL,TRUCK}'::bpchar[])) AND (l_commitdate < l_receiptdate) AND (l_shipdate < l_commitdate) AND (l_receiptdate >= '1994-01-01'::date) AND (l_receiptdate < '1995-01-01 00:00:00'::timestamp without time zone))
                     Rows Removed by Filter: 59674220
                     Buffers: shared hit=594262 read=483924 written=1
               ->  Hash  (cost=408106.27..408106.27 rows=15179927 width=20) (actual time=12352.523..12352.523 rows=15000000 loops=1)
                     Buckets: 16777216  Batches: 1  Memory Usage: 892791kB
                     Buffers: shared hit=163436 read=92871 dirtied=759 written=2202
                     ->  Seq Scan on orders  (cost=0.00..408106.27 rows=15179927 width=20) (actual time=0.013..6543.065 rows=15000000 loops=1)
                           Buffers: shared hit=163436 read=92871 dirtied=759 written=2202
 Planning time: 2.328 ms
 Execution time: 38454.918 ms
(21 rows)

COMMIT;
COMMIT
