BEGIN;
BEGIN
EXPLAIN (ANALYZE, BUFFERS)
select
	l_shipmode,
	sum(case
		when o_orderpriority = '1-URGENT'
			or o_orderpriority = '2-HIGH'
			then 1
		else 0
	end) as high_line_count,
	sum(case
		when o_orderpriority <> '1-URGENT'
			and o_orderpriority <> '2-HIGH'
			then 1
		else 0
	end) as low_line_count
from
	orders,
	lineitem
where
	o_orderkey = l_orderkey
	and l_shipmode in ('SHIP', 'AIR')
	and l_commitdate < l_receiptdate
	and l_shipdate < l_commitdate
	and l_receiptdate >= date '1996-01-01'
	and l_receiptdate < date '1996-01-01' + interval '1 year'
group by
	l_shipmode
order by
	l_shipmode;
                                                                                                                           QUERY PLAN                                                                                                                            
-----------------------------------------------------------------------------------------------------------------------------------------------------------------------------------------------------------------------------------------------------------------
 Sort  (cost=3041137.28..3041137.29 rows=1 width=27) (actual time=37953.796..37953.796 rows=2 loops=1)
   Sort Key: lineitem.l_shipmode
   Sort Method: quicksort  Memory: 25kB
   Buffers: shared hit=775808 read=552095 written=92
   ->  HashAggregate  (cost=3041137.26..3041137.27 rows=1 width=27) (actual time=37953.744..37953.744 rows=2 loops=1)
         Group Key: lineitem.l_shipmode
         Buffers: shared hit=775803 read=552095 written=92
         ->  Hash Join  (cost=594902.33..3036014.36 rows=292737 width=27) (actual time=11669.147..37506.317 rows=312812 loops=1)
               Hash Cond: (lineitem.l_orderkey = orders.o_orderkey)
               Buffers: shared hit=775803 read=552095 written=92
               ->  Seq Scan on lineitem  (cost=0.00..2431964.00 rows=292737 width=15) (actual time=0.084..25472.652 rows=312812 loops=1)
                     Filter: ((l_shipmode = ANY ('{SHIP,AIR}'::bpchar[])) AND (l_commitdate < l_receiptdate) AND (l_shipdate < l_commitdate) AND (l_receiptdate >= '1996-01-01'::date) AND (l_receiptdate < '1997-01-01 00:00:00'::timestamp without time zone))
                     Rows Removed by Filter: 59732498
                     Buffers: shared hit=639691 read=433163
               ->  Hash  (cost=406090.48..406090.48 rows=15104948 width=20) (actual time=11571.445..11571.445 rows=15015000 loops=1)
                     Buckets: 16777216  Batches: 1  Memory Usage: 893553kB
                     Buffers: shared hit=136109 read=118932 written=92
                     ->  Seq Scan on orders  (cost=0.00..406090.48 rows=15104948 width=20) (actual time=0.013..5710.352 rows=15015000 loops=1)
                           Buffers: shared hit=136109 read=118932 written=92
 Planning time: 2.301 ms
 Execution time: 37970.520 ms
(21 rows)

COMMIT;
COMMIT
