BEGIN;
BEGIN
EXPLAIN (ANALYZE, BUFFERS)
select
	s_name,
	count(*) as numwait
from
	supplier,
	lineitem l1,
	orders,
	nation
where
	s_suppkey = l1.l_suppkey
	and o_orderkey = l1.l_orderkey
	and o_orderstatus = 'F'
	and l1.l_receiptdate > l1.l_commitdate
	and exists (
		select
			*
		from
			lineitem l2
		where
			l2.l_orderkey = l1.l_orderkey
			and l2.l_suppkey <> l1.l_suppkey
	)
	and not exists (
		select
			*
		from
			lineitem l3
		where
			l3.l_orderkey = l1.l_orderkey
			and l3.l_suppkey <> l1.l_suppkey
			and l3.l_receiptdate > l3.l_commitdate
	)
	and s_nationkey = n_nationkey
	and n_name = 'UNITED KINGDOM'
group by
	s_name
order by
	numwait desc,
	s_name
LIMIT 100;
                                                                                                  QUERY PLAN                                                                                                  
--------------------------------------------------------------------------------------------------------------------------------------------------------------------------------------------------------------
 Limit  (cost=2865789.26..2865789.26 rows=1 width=26) (actual time=47307.394..47307.413 rows=100 loops=1)
   Buffers: shared hit=13700630 read=568652 written=2017
   ->  Sort  (cost=2865789.26..2865789.26 rows=1 width=26) (actual time=47307.392..47307.399 rows=100 loops=1)
         Sort Key: (count(*)), supplier.s_name
         Sort Method: top-N heapsort  Memory: 32kB
         Buffers: shared hit=13700630 read=568652 written=2017
         ->  HashAggregate  (cost=2865789.24..2865789.25 rows=1 width=26) (actual time=47305.131..47306.246 rows=3973 loops=1)
               Group Key: supplier.s_name
               Buffers: shared hit=13700622 read=568652 written=2017
               ->  Nested Loop Anti Join  (cost=2406.88..2865789.23 rows=1 width=26) (actual time=55.284..47235.716 rows=39550 loops=1)
                     Buffers: shared hit=13700622 read=568652 written=2017
                     ->  Nested Loop Semi Join  (cost=2406.31..2865787.45 rows=1 width=34) (actual time=55.018..44172.732 rows=700548 loops=1)
                           Join Filter: (orders.o_orderkey = l2.l_orderkey)
                           Buffers: shared hit=10184712 read=566530 written=1999
                           ->  Nested Loop  (cost=2405.75..2340200.49 rows=393329 width=38) (actual time=54.930..38296.973 rows=726816 loops=1)
                                 Buffers: shared hit=6690538 read=420857 written=537
                                 ->  Hash Join  (cost=2405.31..1915770.89 rows=806195 width=34) (actual time=54.877..29590.014 rows=1506776 loops=1)
                                       Hash Cond: (l1.l_suppkey = supplier.s_suppkey)
                                       Buffers: shared hit=694372 read=381728 written=72
                                       ->  Seq Scan on lineitem l1  (cost=0.00..1829722.84 rows=20154876 width=8) (actual time=0.014..21649.213 rows=37965693 loops=1)
                                             Filter: (l_receiptdate > l_commitdate)
                                             Rows Removed by Filter: 22078971
                                             Buffers: shared hit=692188 read=381727 written=72
                                       ->  Hash  (cost=2355.31..2355.31 rows=4000 width=30) (actual time=54.815..54.815 rows=3973 loops=1)
                                             Buckets: 4096  Batches: 1  Memory Usage: 281kB
                                             Buffers: shared hit=2181 read=1
                                             ->  Nested Loop  (cost=43.00..2355.31 rows=4000 width=30) (actual time=0.303..53.693 rows=3973 loops=1)
                                                   Buffers: shared hit=2181 read=1
                                                   ->  Seq Scan on nation  (cost=0.00..1.31 rows=1 width=4) (actual time=0.009..0.012 rows=1 loops=1)
                                                         Filter: (n_name = 'UNITED KINGDOM'::bpchar)
                                                         Rows Removed by Filter: 24
                                                         Buffers: shared hit=1
                                                   ->  Bitmap Heap Scan on supplier  (cost=43.00..2314.00 rows=4000 width=34) (actual time=0.287..52.991 rows=3973 loops=1)
                                                         Recheck Cond: (s_nationkey = nation.n_nationkey)
                                                         Rows Removed by Index Recheck: 96027
                                                         Heap Blocks: lossy=2179
                                                         Buffers: shared hit=2180 read=1
                                                         ->  Bitmap Index Scan on supplier_s_nationkey_s_suppkey_brin_idx  (cost=0.00..42.00 rows=4000 width=0) (actual time=0.271..0.271 rows=23040 loops=1)
                                                               Index Cond: (s_nationkey = nation.n_nationkey)
                                                               Buffers: shared hit=1 read=1
                                 ->  Index Scan using pk_orders on orders  (cost=0.43..0.52 rows=1 width=4) (actual time=0.005..0.005 rows=0 loops=1506776)
                                       Index Cond: (o_orderkey = l1.l_orderkey)
                                       Filter: (o_orderstatus = 'F'::bpchar)
                                       Rows Removed by Filter: 1
                                       Buffers: shared hit=5996166 read=39129 written=465
                           ->  Index Scan using pk_lineitem on lineitem l2  (cost=0.56..1.15 rows=15 width=8) (actual time=0.007..0.007 rows=1 loops=726816)
                                 Index Cond: (l_orderkey = l1.l_orderkey)
                                 Filter: (l_suppkey <> l1.l_suppkey)
                                 Rows Removed by Filter: 0
                                 Buffers: shared hit=3494174 read=145673 written=1462
                     ->  Index Scan using pk_lineitem on lineitem l3  (cost=0.56..1.15 rows=5 width=8) (actual time=0.004..0.004 rows=1 loops=700548)
                           Index Cond: (l_orderkey = l1.l_orderkey)
                           Filter: ((l_receiptdate > l_commitdate) AND (l_suppkey <> l1.l_suppkey))
                           Rows Removed by Filter: 1
                           Buffers: shared hit=3515910 read=2122 written=18
 Planning time: 9.117 ms
 Execution time: 47307.733 ms
(57 rows)

COMMIT;
COMMIT
