BEGIN;
BEGIN
EXPLAIN (ANALYZE, BUFFERS)
select
	c_custkey,
	c_name,
	sum(l_extendedprice * (1 - l_discount)) as revenue,
	c_acctbal,
	n_name,
	c_address,
	c_phone,
	c_comment
from
	customer,
	orders,
	lineitem,
	nation
where
	c_custkey = o_custkey
	and l_orderkey = o_orderkey
	and o_orderdate >= date '1994-09-01'
	and o_orderdate < cast(date '1994-09-01' + interval '3 month' as date)
	and l_returnflag = 'R'
	and c_nationkey = n_nationkey
group by
	c_custkey,
	c_name,
	c_acctbal,
	c_phone,
	n_name,
	c_address,
	c_comment
order by
	revenue desc
LIMIT 20;
                                                                                               QUERY PLAN                                                                                                
---------------------------------------------------------------------------------------------------------------------------------------------------------------------------------------------------------
 Limit  (cost=2272373.65..2272373.70 rows=20 width=175) (actual time=40351.991..40351.998 rows=20 loops=1)
   Buffers: shared hit=1125836 read=229452 dirtied=253 written=2399
   ->  Sort  (cost=2272373.65..2273768.53 rows=557955 width=175) (actual time=40351.989..40351.992 rows=20 loops=1)
         Sort Key: (sum((lineitem.l_extendedprice * (1::double precision - lineitem.l_discount))))
         Sort Method: top-N heapsort  Memory: 30kB
         Buffers: shared hit=1125836 read=229452 dirtied=253 written=2399
         ->  HashAggregate  (cost=2251947.11..2257526.66 rows=557955 width=175) (actual time=39995.707..40211.158 rows=378505 loops=1)
               Group Key: customer.c_custkey, customer.c_name, customer.c_acctbal, customer.c_phone, nation.n_name, customer.c_address, customer.c_comment
               Buffers: shared hit=1125833 read=229452 dirtied=253 written=2399
               ->  Hash Join  (cost=344039.72..2237998.24 rows=557955 width=175) (actual time=14729.064..37779.786 rows=1135709 loops=1)
                     Hash Cond: (customer.c_nationkey = nation.n_nationkey)
                     Buffers: shared hit=1125833 read=229452 dirtied=253 written=2399
                     ->  Hash Join  (cost=344038.16..2230324.79 rows=557955 width=153) (actual time=14729.035..37347.791 rows=1135709 loops=1)
                           Hash Cond: (orders.o_custkey = customer.c_custkey)
                           Buffers: shared hit=1125832 read=229452 dirtied=253 written=2399
                           ->  Hash Join  (cost=275010.16..2152927.47 rows=557955 width=12) (actual time=13328.214..35083.623 rows=1135709 loops=1)
                                 Hash Cond: (lineitem.l_orderkey = orders.o_orderkey)
                                 Buffers: shared hit=1090799 read=229207 dirtied=253 written=2399
                                 ->  Seq Scan on lineitem  (cost=0.00..1817043.25 rows=14745203 width=12) (actual time=0.011..18315.935 rows=14808323 loops=1)
                                       Filter: (l_returnflag = 'R'::bpchar)
                                       Rows Removed by Filter: 45177006
                                       Buffers: shared hit=934273 read=132200 written=5
                                 ->  Hash  (cost=267908.12..267908.12 rows=568163 width=8) (actual time=13323.643..13323.643 rows=567783 loops=1)
                                       Buckets: 1048576  Batches: 1  Memory Usage: 30372kB
                                       Buffers: shared hit=156526 read=97007 dirtied=253 written=2394
                                       ->  Bitmap Heap Scan on orders  (cost=5863.68..267908.12 rows=568163 width=8) (actual time=27.410..13077.549 rows=567783 loops=1)
                                             Recheck Cond: ((o_orderdate >= '1994-09-01'::date) AND (o_orderdate < '1994-12-01'::date))
                                             Rows Removed by Index Recheck: 14432217
                                             Heap Blocks: lossy=253522
                                             Buffers: shared hit=156526 read=97007 dirtied=253 written=2394
                                             ->  Bitmap Index Scan on orders_o_orderkey_o_orderdate_brin_idx  (cost=0.00..5721.63 rows=568163 width=0) (actual time=27.235..27.235 rows=2535680 loops=1)
                                                   Index Cond: ((o_orderdate >= '1994-09-01'::date) AND (o_orderdate < '1994-12-01'::date))
                                                   Buffers: shared hit=11
                           ->  Hash  (cost=50278.00..50278.00 rows=1500000 width=145) (actual time=1391.976..1391.976 rows=1500000 loops=1)
                                 Buckets: 2097152  Batches: 1  Memory Usage: 281501kB
                                 Buffers: shared hit=35033 read=245
                                 ->  Seq Scan on customer  (cost=0.00..50278.00 rows=1500000 width=145) (actual time=0.008..559.242 rows=1500000 loops=1)
                                       Buffers: shared hit=35033 read=245
                     ->  Hash  (cost=1.25..1.25 rows=25 width=30) (actual time=0.018..0.018 rows=25 loops=1)
                           Buckets: 1024  Batches: 1  Memory Usage: 10kB
                           Buffers: shared hit=1
                           ->  Seq Scan on nation  (cost=0.00..1.25 rows=25 width=30) (actual time=0.005..0.009 rows=25 loops=1)
                                 Buffers: shared hit=1
 Planning time: 2.980 ms
 Execution time: 40367.711 ms
(45 rows)

COMMIT;
COMMIT
