BEGIN;
BEGIN
EXPLAIN (ANALYZE, BUFFERS)
select
	l_shipmode,
	sum(case
		when o_orderpriority = '1-URGENT'
			or o_orderpriority = '2-HIGH'
			then 1
		else 0
	end) as high_line_count,
	sum(case
		when o_orderpriority <> '1-URGENT'
			and o_orderpriority <> '2-HIGH'
			then 1
		else 0
	end) as low_line_count
from
	orders,
	lineitem
where
	o_orderkey = l_orderkey
	and l_shipmode in ('AIR', 'RAIL')
	and l_commitdate < l_receiptdate
	and l_shipdate < l_commitdate
	and l_receiptdate >= date '1993-01-01'
	and l_receiptdate < date '1993-01-01' + interval '1 year'
group by
	l_shipmode
order by
	l_shipmode;
                                                                                                                           QUERY PLAN                                                                                                                            
-----------------------------------------------------------------------------------------------------------------------------------------------------------------------------------------------------------------------------------------------------------------
 Sort  (cost=3056203.90..3056203.90 rows=1 width=27) (actual time=34469.327..34469.328 rows=2 loops=1)
   Sort Key: lineitem.l_shipmode
   Sort Method: quicksort  Memory: 25kB
   Buffers: shared hit=859231 read=475270 written=7
   ->  HashAggregate  (cost=3056203.88..3056203.89 rows=1 width=27) (actual time=34469.279..34469.280 rows=2 loops=1)
         Group Key: lineitem.l_shipmode
         Buffers: shared hit=859226 read=475270 written=7
         ->  Hash Join  (cost=597855.36..3051071.32 rows=293289 width=27) (actual time=8632.597..34137.690 rows=312975 loops=1)
               Hash Cond: (lineitem.l_orderkey = orders.o_orderkey)
               Buffers: shared hit=859226 read=475270 written=7
               ->  Seq Scan on lineitem  (cost=0.00..2444050.68 rows=293289 width=15) (actual time=0.025..25127.594 rows=312975 loops=1)
                     Filter: ((l_shipmode = ANY ('{AIR,RAIL}'::bpchar[])) AND (l_commitdate < l_receiptdate) AND (l_shipdate < l_commitdate) AND (l_receiptdate >= '1993-01-01'::date) AND (l_receiptdate < '1994-01-01 00:00:00'::timestamp without time zone))
                     Rows Removed by Filter: 59732019
                     Buffers: shared hit=609636 read=468550 written=1
               ->  Hash  (cost=408106.27..408106.27 rows=15179927 width=20) (actual time=8581.276..8581.276 rows=15015000 loops=1)
                     Buckets: 16777216  Batches: 1  Memory Usage: 893553kB
                     Buffers: shared hit=249587 read=6720 written=6
                     ->  Seq Scan on orders  (cost=0.00..408106.27 rows=15179927 width=20) (actual time=0.013..4145.153 rows=15015000 loops=1)
                           Buffers: shared hit=249587 read=6720 written=6
 Planning time: 2.847 ms
 Execution time: 34475.369 ms
(21 rows)

COMMIT;
COMMIT
