BEGIN;
BEGIN
EXPLAIN (ANALYZE, BUFFERS)
select
	c_custkey,
	c_name,
	sum(l_extendedprice * (1 - l_discount)) as revenue,
	c_acctbal,
	n_name,
	c_address,
	c_phone,
	c_comment
from
	customer,
	orders,
	lineitem,
	nation
where
	c_custkey = o_custkey
	and l_orderkey = o_orderkey
	and o_orderdate >= date '1993-10-01'
	and o_orderdate < cast(date '1993-10-01' + interval '3 month' as date)
	and l_returnflag = 'R'
	and c_nationkey = n_nationkey
group by
	c_custkey,
	c_name,
	c_acctbal,
	c_phone,
	n_name,
	c_address,
	c_comment
order by
	revenue desc
LIMIT 20;
                                                                                               QUERY PLAN                                                                                                
---------------------------------------------------------------------------------------------------------------------------------------------------------------------------------------------------------
 Limit  (cost=2295394.84..2295394.89 rows=20 width=175) (actual time=35198.239..35198.244 rows=20 loops=1)
   Buffers: shared hit=1050911 read=317553 dirtied=176 written=430
   ->  Sort  (cost=2295394.84..2296822.18 rows=570938 width=175) (actual time=35198.235..35198.239 rows=20 loops=1)
         Sort Key: (sum((lineitem.l_extendedprice * (1::double precision - lineitem.l_discount))))
         Sort Method: top-N heapsort  Memory: 30kB
         Buffers: shared hit=1050911 read=317553 dirtied=176 written=430
         ->  HashAggregate  (cost=2274493.00..2280202.38 rows=570938 width=175) (actual time=34770.183..34985.580 rows=381460 loops=1)
               Group Key: customer.c_custkey, customer.c_name, customer.c_acctbal, customer.c_phone, nation.n_name, customer.c_address, customer.c_comment
               Buffers: shared hit=1050908 read=317553 dirtied=176 written=430
               ->  Hash Join  (cost=347070.96..2260219.55 rows=570938 width=175) (actual time=9155.914..32618.623 rows=1148455 loops=1)
                     Hash Cond: (customer.c_nationkey = nation.n_nationkey)
                     Buffers: shared hit=1050908 read=317553 dirtied=176 written=430
                     ->  Hash Join  (cost=347069.40..2252367.59 rows=570938 width=153) (actual time=9155.884..32204.742 rows=1148455 loops=1)
                           Hash Cond: (orders.o_custkey = customer.c_custkey)
                           Buffers: shared hit=1050907 read=317553 dirtied=176 written=430
                           ->  Hash Join  (cost=278041.40..2174775.52 rows=570938 width=12) (actual time=7305.337..29567.525 rows=1148455 loops=1)
                                 Hash Cond: (lineitem.l_orderkey = orders.o_orderkey)
                                 Buffers: shared hit=1050904 read=282278 dirtied=176 written=5
                                 ->  Seq Scan on lineitem  (cost=0.00..1835178.36 rows=14892368 width=12) (actual time=0.019..18351.232 rows=14822651 loops=1)
                                       Filter: (l_returnflag = 'R'::bpchar)
                                       Rows Removed by Filter: 45222221
                                       Buffers: shared hit=861778 read=215339
                                 ->  Hash  (cost=270774.05..270774.05 rows=581388 width=8) (actual time=7300.128..7300.128 rows=573892 loops=1)
                                       Buckets: 1048576  Batches: 1  Memory Usage: 30610kB
                                       Buffers: shared hit=189126 read=66939 dirtied=176 written=5
                                       ->  Bitmap Heap Scan on orders  (cost=5999.23..270774.05 rows=581388 width=8) (actual time=27.684..7054.466 rows=573892 loops=1)
                                             Recheck Cond: ((o_orderdate >= '1993-10-01'::date) AND (o_orderdate < '1994-01-01'::date))
                                             Rows Removed by Index Recheck: 14441108
                                             Heap Blocks: lossy=256054
                                             Buffers: shared hit=189126 read=66939 dirtied=176 written=5
                                             ->  Bitmap Index Scan on orders_o_orderkey_o_orderdate_brin_idx  (cost=0.00..5853.88 rows=581388 width=0) (actual time=27.518..27.518 rows=2561280 loops=1)
                                                   Index Cond: ((o_orderdate >= '1993-10-01'::date) AND (o_orderdate < '1994-01-01'::date))
                                                   Buffers: shared hit=3 read=8
                           ->  Hash  (cost=50278.00..50278.00 rows=1500000 width=145) (actual time=1840.400..1840.400 rows=1500000 loops=1)
                                 Buckets: 2097152  Batches: 1  Memory Usage: 281501kB
                                 Buffers: shared hit=3 read=35275 written=425
                                 ->  Seq Scan on customer  (cost=0.00..50278.00 rows=1500000 width=145) (actual time=0.009..991.746 rows=1500000 loops=1)
                                       Buffers: shared hit=3 read=35275 written=425
                     ->  Hash  (cost=1.25..1.25 rows=25 width=30) (actual time=0.019..0.019 rows=25 loops=1)
                           Buckets: 1024  Batches: 1  Memory Usage: 10kB
                           Buffers: shared hit=1
                           ->  Seq Scan on nation  (cost=0.00..1.25 rows=25 width=30) (actual time=0.004..0.009 rows=25 loops=1)
                                 Buffers: shared hit=1
 Planning time: 35.470 ms
 Execution time: 35215.981 ms
(45 rows)

COMMIT;
COMMIT
