BEGIN;
BEGIN
EXPLAIN (ANALYZE, BUFFERS)
select
	l_shipmode,
	sum(case
		when o_orderpriority = '1-URGENT'
			or o_orderpriority = '2-HIGH'
			then 1
		else 0
	end) as high_line_count,
	sum(case
		when o_orderpriority <> '1-URGENT'
			and o_orderpriority <> '2-HIGH'
			then 1
		else 0
	end) as low_line_count
from
	orders,
	lineitem
where
	o_orderkey = l_orderkey
	and l_shipmode in ('TRUCK', 'AIR')
	and l_commitdate < l_receiptdate
	and l_shipdate < l_commitdate
	and l_receiptdate >= date '1996-01-01'
	and l_receiptdate < date '1996-01-01' + interval '1 year'
group by
	l_shipmode
order by
	l_shipmode;
                                                                                                                            QUERY PLAN                                                                                                                            
------------------------------------------------------------------------------------------------------------------------------------------------------------------------------------------------------------------------------------------------------------------
 Sort  (cost=3035107.25..3035107.26 rows=1 width=27) (actual time=36393.403..36393.404 rows=2 loops=1)
   Sort Key: lineitem.l_shipmode
   Sort Method: quicksort  Memory: 25kB
   Buffers: shared hit=984225 read=341054 written=1
   ->  HashAggregate  (cost=3035107.23..3035107.24 rows=1 width=27) (actual time=36393.349..36393.349 rows=2 loops=1)
         Group Key: lineitem.l_shipmode
         Buffers: shared hit=984220 read=341054 written=1
         ->  Hash Join  (cost=593719.70..3030001.77 rows=291741 width=27) (actual time=9943.451..36054.475 rows=312816 loops=1)
               Hash Cond: (lineitem.l_orderkey = orders.o_orderkey)
               Buffers: shared hit=984220 read=341054 written=1
               ->  Seq Scan on lineitem  (cost=0.00..2427165.16 rows=291741 width=15) (actual time=0.026..25741.289 rows=312816 loops=1)
                     Filter: ((l_shipmode = ANY ('{TRUCK,AIR}'::bpchar[])) AND (l_commitdate < l_receiptdate) AND (l_shipdate < l_commitdate) AND (l_receiptdate >= '1996-01-01'::date) AND (l_receiptdate < '1997-01-01 00:00:00'::timestamp without time zone))
                     Rows Removed by Filter: 59733405
                     Buffers: shared hit=734463 read=336274 written=1
               ->  Hash  (cost=405283.20..405283.20 rows=15074920 width=20) (actual time=9854.466..9854.466 rows=15015000 loops=1)
                     Buckets: 16777216  Batches: 1  Memory Usage: 893553kB
                     Buffers: shared hit=249754 read=4780
                     ->  Seq Scan on orders  (cost=0.00..405283.20 rows=15074920 width=20) (actual time=0.013..4268.122 rows=15015000 loops=1)
                           Buffers: shared hit=249754 read=4780
 Planning time: 2.197 ms
 Execution time: 36408.948 ms
(21 rows)

COMMIT;
COMMIT
