BEGIN;
BEGIN
EXPLAIN (ANALYZE, BUFFERS)
select
	s_name,
	count(*) as numwait
from
	supplier,
	lineitem l1,
	orders,
	nation
where
	s_suppkey = l1.l_suppkey
	and o_orderkey = l1.l_orderkey
	and o_orderstatus = 'F'
	and l1.l_receiptdate > l1.l_commitdate
	and exists (
		select
			*
		from
			lineitem l2
		where
			l2.l_orderkey = l1.l_orderkey
			and l2.l_suppkey <> l1.l_suppkey
	)
	and not exists (
		select
			*
		from
			lineitem l3
		where
			l3.l_orderkey = l1.l_orderkey
			and l3.l_suppkey <> l1.l_suppkey
			and l3.l_receiptdate > l3.l_commitdate
	)
	and s_nationkey = n_nationkey
	and n_name = 'JAPAN'
group by
	s_name
order by
	numwait desc,
	s_name
LIMIT 100;
                                                                                                  QUERY PLAN                                                                                                  
--------------------------------------------------------------------------------------------------------------------------------------------------------------------------------------------------------------
 Limit  (cost=2871500.76..2871500.77 rows=1 width=26) (actual time=41306.686..41306.706 rows=100 loops=1)
   Buffers: shared hit=13945117 read=482292 written=445
   ->  Sort  (cost=2871500.76..2871500.77 rows=1 width=26) (actual time=41306.685..41306.692 rows=100 loops=1)
         Sort Key: (count(*)), supplier.s_name
         Sort Method: top-N heapsort  Memory: 32kB
         Buffers: shared hit=13945117 read=482292 written=445
         ->  HashAggregate  (cost=2871500.74..2871500.75 rows=1 width=26) (actual time=41304.425..41305.517 rows=4009 loops=1)
               Group Key: supplier.s_name
               Buffers: shared hit=13945109 read=482292 written=445
               ->  Nested Loop Anti Join  (cost=2406.88..2871500.74 rows=1 width=26) (actual time=54.971..41246.846 rows=40097 loops=1)
                     Buffers: shared hit=13945109 read=482292 written=445
                     ->  Nested Loop Semi Join  (cost=2406.31..2871498.95 rows=1 width=34) (actual time=54.594..38368.854 rows=709196 loops=1)
                           Join Filter: (orders.o_orderkey = l2.l_orderkey)
                           Buffers: shared hit=10385491 read=480715 written=443
                           ->  Nested Loop  (cost=2405.75..2344848.08 rows=394109 width=38) (actual time=54.564..33880.518 rows=736182 loops=1)
                                 Buffers: shared hit=6765067 read=414479 written=344
                                 ->  Hash Join  (cost=2405.31..1919564.06 rows=807793 width=34) (actual time=54.523..26445.637 rows=1523260 loops=1)
                                       Hash Cond: (l1.l_suppkey = supplier.s_suppkey)
                                       Buffers: shared hit=687642 read=390587 written=12
                                       ->  Seq Scan on lineitem l1  (cost=0.00..1833350.20 rows=20194832 width=8) (actual time=0.015..19158.678 rows=37965313 loops=1)
                                             Filter: (l_receiptdate > l_commitdate)
                                             Rows Removed by Filter: 22078863
                                             Buffers: shared hit=685459 read=390585 written=12
                                       ->  Hash  (cost=2355.31..2355.31 rows=4000 width=30) (actual time=54.424..54.424 rows=4009 loops=1)
                                             Buckets: 4096  Batches: 1  Memory Usage: 283kB
                                             Buffers: shared hit=2180 read=2
                                             ->  Nested Loop  (cost=43.00..2355.31 rows=4000 width=30) (actual time=0.327..53.258 rows=4009 loops=1)
                                                   Buffers: shared hit=2180 read=2
                                                   ->  Seq Scan on nation  (cost=0.00..1.31 rows=1 width=4) (actual time=0.006..0.010 rows=1 loops=1)
                                                         Filter: (n_name = 'JAPAN'::bpchar)
                                                         Rows Removed by Filter: 24
                                                         Buffers: shared hit=1
                                                   ->  Bitmap Heap Scan on supplier  (cost=43.00..2314.00 rows=4000 width=34) (actual time=0.313..52.581 rows=4009 loops=1)
                                                         Recheck Cond: (s_nationkey = nation.n_nationkey)
                                                         Rows Removed by Index Recheck: 95991
                                                         Heap Blocks: lossy=2179
                                                         Buffers: shared hit=2179 read=2
                                                         ->  Bitmap Index Scan on supplier_s_nationkey_s_suppkey_brin_idx  (cost=0.00..42.00 rows=4000 width=0) (actual time=0.281..0.281 rows=23040 loops=1)
                                                               Index Cond: (s_nationkey = nation.n_nationkey)
                                                               Buffers: shared read=2
                                 ->  Index Scan using pk_orders on orders  (cost=0.43..0.52 rows=1 width=4) (actual time=0.004..0.004 rows=0 loops=1523260)
                                       Index Cond: (o_orderkey = l1.l_orderkey)
                                       Filter: (o_orderstatus = 'F'::bpchar)
                                       Rows Removed by Filter: 1
                                       Buffers: shared hit=6077425 read=23892 written=332
                           ->  Index Scan using pk_lineitem on lineitem l2  (cost=0.56..1.15 rows=15 width=8) (actual time=0.005..0.005 rows=1 loops=736182)
                                 Index Cond: (l_orderkey = l1.l_orderkey)
                                 Filter: (l_suppkey <> l1.l_suppkey)
                                 Rows Removed by Filter: 0
                                 Buffers: shared hit=3620424 read=66236 written=99
                     ->  Index Scan using pk_lineitem on lineitem l3  (cost=0.56..1.15 rows=5 width=8) (actual time=0.004..0.004 rows=1 loops=709196)
                           Index Cond: (l_orderkey = l1.l_orderkey)
                           Filter: ((l_receiptdate > l_commitdate) AND (l_suppkey <> l1.l_suppkey))
                           Rows Removed by Filter: 1
                           Buffers: shared hit=3559618 read=1577 written=2
 Planning time: 8.731 ms
 Execution time: 41307.039 ms
(57 rows)

COMMIT;
COMMIT
