BEGIN;
BEGIN
EXPLAIN (ANALYZE, BUFFERS)
select
	c_custkey,
	c_name,
	sum(l_extendedprice * (1 - l_discount)) as revenue,
	c_acctbal,
	n_name,
	c_address,
	c_phone,
	c_comment
from
	customer,
	orders,
	lineitem,
	nation
where
	c_custkey = o_custkey
	and l_orderkey = o_orderkey
	and o_orderdate >= date '1993-12-01'
	and o_orderdate < cast(date '1993-12-01' + interval '3 month' as date)
	and l_returnflag = 'R'
	and c_nationkey = n_nationkey
group by
	c_custkey,
	c_name,
	c_acctbal,
	c_phone,
	n_name,
	c_address,
	c_comment
order by
	revenue desc
LIMIT 20;
                                                                                               QUERY PLAN                                                                                                
---------------------------------------------------------------------------------------------------------------------------------------------------------------------------------------------------------
 Limit  (cost=2299598.68..2299598.73 rows=20 width=175) (actual time=35995.561..35995.567 rows=20 loops=1)
   Buffers: shared hit=975235 read=397188 dirtied=253 written=127
   ->  Sort  (cost=2299598.68..2300986.88 rows=555282 width=175) (actual time=35995.558..35995.561 rows=20 loops=1)
         Sort Key: (sum((lineitem.l_extendedprice * (1::double precision - lineitem.l_discount))))
         Sort Method: top-N heapsort  Memory: 30kB
         Buffers: shared hit=975235 read=397188 dirtied=253 written=127
         ->  HashAggregate  (cost=2279270.01..2284822.83 rows=555282 width=175) (actual time=35635.500..35856.607 rows=375068 loops=1)
               Group Key: customer.c_custkey, customer.c_name, customer.c_acctbal, customer.c_phone, nation.n_name, customer.c_address, customer.c_comment
               Buffers: shared hit=975232 read=397188 dirtied=253 written=127
               ->  Hash Join  (cost=347228.00..2265387.96 rows=555282 width=175) (actual time=10670.997..33659.823 rows=1121544 loops=1)
                     Hash Cond: (customer.c_nationkey = nation.n_nationkey)
                     Buffers: shared hit=975232 read=397188 dirtied=253 written=127
                     ->  Hash Join  (cost=347226.43..2257751.27 rows=555282 width=153) (actual time=10670.965..33257.825 rows=1121544 loops=1)
                           Hash Cond: (orders.o_custkey = customer.c_custkey)
                           Buffers: shared hit=975231 read=397188 dirtied=253 written=127
                           ->  Hash Join  (cost=278198.43..2180394.04 rows=555282 width=12) (actual time=9124.483..30986.290 rows=1121544 loops=1)
                                 Hash Cond: (lineitem.l_orderkey = orders.o_orderkey)
                                 Buffers: shared hit=940072 read=397069 dirtied=253 written=127
                                 ->  Seq Scan on lineitem  (cost=0.00..1840630.49 rows=14936612 width=12) (actual time=0.012..18439.757 rows=14822462 loops=1)
                                       Filter: (l_returnflag = 'R'::bpchar)
                                       Rows Removed by Filter: 45222571
                                       Buffers: shared hit=747745 read=332572
                                 ->  Hash  (cost=271130.41..271130.41 rows=565442 width=8) (actual time=9118.515..9118.515 rows=561064 loops=1)
                                       Buckets: 1048576  Batches: 1  Memory Usage: 30109kB
                                       Buffers: shared hit=192327 read=64497 dirtied=253 written=127
                                       ->  Bitmap Heap Scan on orders  (cost=5835.78..271130.41 rows=565442 width=8) (actual time=30.421..8861.245 rows=561064 loops=1)
                                             Recheck Cond: ((o_orderdate >= '1993-12-01'::date) AND (o_orderdate < '1994-03-01'::date))
                                             Rows Removed by Index Recheck: 14453936
                                             Heap Blocks: lossy=256813
                                             Buffers: shared hit=192327 read=64497 dirtied=253 written=127
                                             ->  Bitmap Index Scan on orders_o_orderkey_o_orderdate_brin_idx  (cost=0.00..5694.42 rows=565442 width=0) (actual time=30.253..30.253 rows=2568960 loops=1)
                                                   Index Cond: ((o_orderdate >= '1993-12-01'::date) AND (o_orderdate < '1994-03-01'::date))
                                                   Buffers: shared hit=3 read=8
                           ->  Hash  (cost=50278.00..50278.00 rows=1500000 width=145) (actual time=1515.025..1515.025 rows=1500000 loops=1)
                                 Buckets: 2097152  Batches: 1  Memory Usage: 281501kB
                                 Buffers: shared hit=35159 read=119
                                 ->  Seq Scan on customer  (cost=0.00..50278.00 rows=1500000 width=145) (actual time=0.014..614.432 rows=1500000 loops=1)
                                       Buffers: shared hit=35159 read=119
                     ->  Hash  (cost=1.25..1.25 rows=25 width=30) (actual time=0.019..0.019 rows=25 loops=1)
                           Buckets: 1024  Batches: 1  Memory Usage: 10kB
                           Buffers: shared hit=1
                           ->  Seq Scan on nation  (cost=0.00..1.25 rows=25 width=30) (actual time=0.005..0.010 rows=25 loops=1)
                                 Buffers: shared hit=1
 Planning time: 26.884 ms
 Execution time: 36014.300 ms
(45 rows)

COMMIT;
COMMIT
