BEGIN;
BEGIN
EXPLAIN (ANALYZE, BUFFERS)
select
	l_shipmode,
	sum(case
		when o_orderpriority = '1-URGENT'
			or o_orderpriority = '2-HIGH'
			then 1
		else 0
	end) as high_line_count,
	sum(case
		when o_orderpriority <> '1-URGENT'
			and o_orderpriority <> '2-HIGH'
			then 1
		else 0
	end) as low_line_count
from
	orders,
	lineitem
where
	o_orderkey = l_orderkey
	and l_shipmode in ('RAIL', 'REG AIR')
	and l_commitdate < l_receiptdate
	and l_shipdate < l_commitdate
	and l_receiptdate >= date '1993-01-01'
	and l_receiptdate < date '1993-01-01' + interval '1 year'
group by
	l_shipmode
order by
	l_shipmode;
                                                                                                                              QUERY PLAN                                                                                                                               
-----------------------------------------------------------------------------------------------------------------------------------------------------------------------------------------------------------------------------------------------------------------------
 Sort  (cost=3059219.43..3059219.43 rows=1 width=27) (actual time=36103.866..36103.866 rows=2 loops=1)
   Sort Key: lineitem.l_shipmode
   Sort Method: quicksort  Memory: 25kB
   Buffers: shared hit=862408 read=473420 dirtied=200 written=107
   ->  HashAggregate  (cost=3059219.41..3059219.42 rows=1 width=27) (actual time=36103.818..36103.818 rows=2 loops=1)
         Group Key: lineitem.l_shipmode
         Buffers: shared hit=862403 read=473420 dirtied=200 written=107
         ->  Hash Join  (cost=598445.50..3054090.14 rows=293101 width=27) (actual time=10564.157..35782.175 rows=312834 loops=1)
               Hash Cond: (lineitem.l_orderkey = orders.o_orderkey)
               Buffers: shared hit=862403 read=473420 dirtied=200 written=107
               ->  Seq Scan on lineitem  (cost=0.00..2446485.23 rows=293101 width=15) (actual time=0.253..24832.606 rows=312834 loops=1)
                     Filter: ((l_shipmode = ANY ('{RAIL,"REG AIR"}'::bpchar[])) AND (l_commitdate < l_receiptdate) AND (l_shipdate < l_commitdate) AND (l_receiptdate >= '1993-01-01'::date) AND (l_receiptdate < '1994-01-01 00:00:00'::timestamp without time zone))
                     Rows Removed by Filter: 59732463
                     Buffers: shared hit=642057 read=437203 dirtied=1 written=3
               ->  Hash  (cost=408509.11..408509.11 rows=15194911 width=20) (actual time=10445.737..10445.737 rows=15015000 loops=1)
                     Buckets: 16777216  Batches: 1  Memory Usage: 893553kB
                     Buffers: shared hit=220343 read=36217 dirtied=199 written=104
                     ->  Seq Scan on orders  (cost=0.00..408509.11 rows=15194911 width=20) (actual time=0.012..4610.245 rows=15015000 loops=1)
                           Buffers: shared hit=220343 read=36217 dirtied=199 written=104
 Planning time: 3.312 ms
 Execution time: 36121.135 ms
(21 rows)

COMMIT;
COMMIT
