BEGIN;
BEGIN
EXPLAIN (ANALYZE, BUFFERS)
select
	s_name,
	count(*) as numwait
from
	supplier,
	lineitem l1,
	orders,
	nation
where
	s_suppkey = l1.l_suppkey
	and o_orderkey = l1.l_orderkey
	and o_orderstatus = 'F'
	and l1.l_receiptdate > l1.l_commitdate
	and exists (
		select
			*
		from
			lineitem l2
		where
			l2.l_orderkey = l1.l_orderkey
			and l2.l_suppkey <> l1.l_suppkey
	)
	and not exists (
		select
			*
		from
			lineitem l3
		where
			l3.l_orderkey = l1.l_orderkey
			and l3.l_suppkey <> l1.l_suppkey
			and l3.l_receiptdate > l3.l_commitdate
	)
	and s_nationkey = n_nationkey
	and n_name = 'ARGENTINA'
group by
	s_name
order by
	numwait desc,
	s_name
LIMIT 100;
                                                                                                  QUERY PLAN                                                                                                  
--------------------------------------------------------------------------------------------------------------------------------------------------------------------------------------------------------------
 Limit  (cost=2845826.22..2845826.23 rows=1 width=26) (actual time=47114.531..47114.547 rows=100 loops=1)
   Buffers: shared hit=14072836 read=316144 written=479
   ->  Sort  (cost=2845826.22..2845826.23 rows=1 width=26) (actual time=47114.529..47114.536 rows=100 loops=1)
         Sort Key: (count(*)), supplier.s_name
         Sort Method: top-N heapsort  Memory: 32kB
         Buffers: shared hit=14072836 read=316144 written=479
         ->  HashAggregate  (cost=2845826.20..2845826.21 rows=1 width=26) (actual time=47112.218..47113.401 rows=4007 loops=1)
               Group Key: supplier.s_name
               Buffers: shared hit=14072828 read=316144 written=479
               ->  Nested Loop Anti Join  (cost=2406.88..2845826.20 rows=1 width=26) (actual time=34.396..47041.470 rows=39858 loops=1)
                     Buffers: shared hit=14072828 read=316144 written=479
                     ->  Nested Loop Semi Join  (cost=2406.31..2845824.41 rows=1 width=34) (actual time=32.118..43604.401 rows=707693 loops=1)
                           Join Filter: (orders.o_orderkey = l2.l_orderkey)
                           Buffers: shared hit=10520147 read=315233 written=463
                           ->  Nested Loop  (cost=2405.75..2323953.49 rows=390603 width=38) (actual time=32.063..38491.320 rows=734231 loops=1)
                                 Buffers: shared hit=6867312 read=291292 written=91
                                 ->  Hash Join  (cost=2405.31..1902511.67 rows=800608 width=34) (actual time=31.905..30105.509 rows=1520420 loops=1)
                                       Hash Cond: (l1.l_suppkey = supplier.s_suppkey)
                                       Buffers: shared hit=789759 read=278899 written=79
                                       ->  Seq Scan on lineitem l1  (cost=0.00..1817043.25 rows=20015207 width=8) (actual time=0.012..22341.521 rows=37928797 loops=1)
                                             Filter: (l_receiptdate > l_commitdate)
                                             Rows Removed by Filter: 22056532
                                             Buffers: shared hit=787574 read=278899 written=79
                                       ->  Hash  (cost=2355.31..2355.31 rows=4000 width=30) (actual time=31.787..31.787 rows=4007 loops=1)
                                             Buckets: 4096  Batches: 1  Memory Usage: 283kB
                                             Buffers: shared hit=2182
                                             ->  Nested Loop  (cost=43.00..2355.31 rows=4000 width=30) (actual time=0.264..30.685 rows=4007 loops=1)
                                                   Buffers: shared hit=2182
                                                   ->  Seq Scan on nation  (cost=0.00..1.31 rows=1 width=4) (actual time=0.004..0.010 rows=1 loops=1)
                                                         Filter: (n_name = 'ARGENTINA'::bpchar)
                                                         Rows Removed by Filter: 24
                                                         Buffers: shared hit=1
                                                   ->  Bitmap Heap Scan on supplier  (cost=43.00..2314.00 rows=4000 width=34) (actual time=0.254..30.072 rows=4007 loops=1)
                                                         Recheck Cond: (s_nationkey = nation.n_nationkey)
                                                         Rows Removed by Index Recheck: 95993
                                                         Heap Blocks: lossy=2179
                                                         Buffers: shared hit=2181
                                                         ->  Bitmap Index Scan on supplier_s_nationkey_s_suppkey_brin_idx  (cost=0.00..42.00 rows=4000 width=0) (actual time=0.241..0.241 rows=23040 loops=1)
                                                               Index Cond: (s_nationkey = nation.n_nationkey)
                                                               Buffers: shared hit=2
                                 ->  Index Scan using pk_orders on orders  (cost=0.43..0.52 rows=1 width=4) (actual time=0.005..0.005 rows=0 loops=1520420)
                                       Index Cond: (o_orderkey = l1.l_orderkey)
                                       Filter: (o_orderstatus = 'F'::bpchar)
                                       Rows Removed by Filter: 1
                                       Buffers: shared hit=6077553 read=12393 written=12
                           ->  Index Scan using pk_lineitem on lineitem l2  (cost=0.56..1.15 rows=15 width=8) (actual time=0.006..0.006 rows=1 loops=734231)
                                 Index Cond: (l_orderkey = l1.l_orderkey)
                                 Filter: (l_suppkey <> l1.l_suppkey)
                                 Rows Removed by Filter: 0
                                 Buffers: shared hit=3652835 read=23941 written=372
                     ->  Index Scan using pk_lineitem on lineitem l3  (cost=0.56..1.15 rows=5 width=8) (actual time=0.004..0.004 rows=1 loops=707693)
                           Index Cond: (l_orderkey = l1.l_orderkey)
                           Filter: ((l_receiptdate > l_commitdate) AND (l_suppkey <> l1.l_suppkey))
                           Rows Removed by Filter: 1
                           Buffers: shared hit=3552681 read=911 written=16
 Planning time: 8.349 ms
 Execution time: 47114.842 ms
(57 rows)

COMMIT;
COMMIT
