BEGIN;
BEGIN
EXPLAIN
select
	sum(l_extendedprice* (1 - l_discount)) as revenue
from
	lineitem,
	part
where
	(
		p_partkey = l_partkey
		and p_brand = 'Brand#23'
		and p_container in ('SM CASE', 'SM BOX', 'SM PACK', 'SM PKG')
		and l_quantity >= 1 and l_quantity <= 1+10
		and p_size between 1 and 5
		and l_shipmode in ('AIR', 'AIR REG')
		and l_shipinstruct = 'DELIVER IN PERSON'
	)
	or
	(
		p_partkey = l_partkey
		and p_brand = 'Brand#51'
		and p_container in ('MED BAG', 'MED BOX', 'MED PKG', 'MED PACK')
		and l_quantity >= 20 and l_quantity <= 20+10
		and p_size between 1 and 10
		and l_shipmode in ('AIR', 'AIR REG')
		and l_shipinstruct = 'DELIVER IN PERSON'
	)
	or
	(
		p_partkey = l_partkey
		and p_brand = 'Brand#53'
		and p_container in ('LG CASE', 'LG BOX', 'LG PACK', 'LG PKG')
		and l_quantity >= 23 and l_quantity <= 23+10
		and p_size between 1 and 15
		and l_shipmode in ('AIR', 'AIR REG')
		and l_shipinstruct = 'DELIVER IN PERSON'
	);
                                                                                                                                                                                                                                                                                                                                                                                                                                                                                                                                                  QUERY PLAN                                                                                                                                                                                                                                                                                                                                                                                                                                                                                                                                                  
--------------------------------------------------------------------------------------------------------------------------------------------------------------------------------------------------------------------------------------------------------------------------------------------------------------------------------------------------------------------------------------------------------------------------------------------------------------------------------------------------------------------------------------------------------------------------------------------------------------------------------------------------------------------------------------------------------------------------------------------------------------------------------------------------------------------------------------------------------------------------------------------------------------------------------------------------------------------------------------------------------------------------------------------------------------------------------------------------------------
 Aggregate  (cost=608975.72..608975.73 rows=1 width=8)
   ->  Nested Loop  (cost=12826.18..608967.29 rows=1123 width=8)
         ->  Bitmap Heap Scan on part  (cost=12825.61..26455.36 rows=4729 width=30)
               Recheck Cond: (((p_container = ANY ('{"SM CASE","SM BOX","SM PACK","SM PKG"}'::bpchar[])) AND (p_brand = 'Brand#23'::bpchar) AND (p_size <= 5) AND (p_size >= 1)) OR ((p_container = ANY ('{"MED BAG","MED BOX","MED PKG","MED PACK"}'::bpchar[])) AND (p_brand = 'Brand#51'::bpchar) AND (p_size <= 10) AND (p_size >= 1)) OR ((p_container = ANY ('{"LG CASE","LG BOX","LG PACK","LG PKG"}'::bpchar[])) AND (p_brand = 'Brand#53'::bpchar) AND (p_size <= 15) AND (p_size >= 1)))
               ->  BitmapOr  (cost=12825.61..12825.61 rows=4732 width=0)
                     ->  BitmapAnd  (cost=2291.41..2291.41 rows=786 width=0)
                           ->  Bitmap Index Scan on part_p_container_p_brand_p_partkey_idx  (cost=0.00..288.79 rows=7909 width=0)
                                 Index Cond: ((p_container = ANY ('{"SM CASE","SM BOX","SM PACK","SM PKG"}'::bpchar[])) AND (p_brand = 'Brand#23'::bpchar))
                           ->  Bitmap Index Scan on part_p_size_brin_idx  (cost=0.00..2000.00 rows=198800 width=0)
                                 Index Cond: ((p_size <= 5) AND (p_size >= 1))
                     ->  BitmapAnd  (cost=4262.87..4262.87 rows=1564 width=0)
                           ->  Bitmap Index Scan on part_p_container_p_brand_p_partkey_idx  (cost=0.00..272.39 rows=7869 width=0)
                                 Index Cond: ((p_container = ANY ('{"MED BAG","MED BOX","MED PKG","MED PACK"}'::bpchar[])) AND (p_brand = 'Brand#51'::bpchar))
                           ->  Bitmap Index Scan on part_p_size_brin_idx  (cost=0.00..3987.87 rows=397587 width=0)
                                 Index Cond: ((p_size <= 10) AND (p_size >= 1))
                     ->  BitmapAnd  (cost=6270.83..6270.83 rows=2382 width=0)
                           ->  Bitmap Index Scan on part_p_container_p_brand_p_partkey_idx  (cost=0.00..289.55 rows=7983 width=0)
                                 Index Cond: ((p_container = ANY ('{"LG CASE","LG BOX","LG PACK","LG PKG"}'::bpchar[])) AND (p_brand = 'Brand#53'::bpchar))
                           ->  Bitmap Index Scan on part_p_size_brin_idx  (cost=0.00..5978.67 rows=596667 width=0)
                                 Index Cond: ((p_size <= 15) AND (p_size >= 1))
         ->  Index Scan using lineitem_l_partkey_l_quantity_idx on lineitem  (cost=0.56..123.17 rows=1 width=16)
               Index Cond: (l_partkey = part.p_partkey)
               Filter: ((l_shipmode = ANY ('{AIR,"AIR REG"}'::bpchar[])) AND (l_shipinstruct = 'DELIVER IN PERSON'::bpchar) AND (((l_quantity >= 1::double precision) AND (l_quantity <= 11::double precision)) OR ((l_quantity >= 20::double precision) AND (l_quantity <= 30::double precision)) OR ((l_quantity >= 23::double precision) AND (l_quantity <= 33::double precision))) AND (((part.p_brand = 'Brand#23'::bpchar) AND (part.p_container = ANY ('{"SM CASE","SM BOX","SM PACK","SM PKG"}'::bpchar[])) AND (l_quantity >= 1::double precision) AND (l_quantity <= 11::double precision) AND (part.p_size <= 5)) OR ((part.p_brand = 'Brand#51'::bpchar) AND (part.p_container = ANY ('{"MED BAG","MED BOX","MED PKG","MED PACK"}'::bpchar[])) AND (l_quantity >= 20::double precision) AND (l_quantity <= 30::double precision) AND (part.p_size <= 10)) OR ((part.p_brand = 'Brand#53'::bpchar) AND (part.p_container = ANY ('{"LG CASE","LG BOX","LG PACK","LG PKG"}'::bpchar[])) AND (l_quantity >= 23::double precision) AND (l_quantity <= 33::double precision) AND (part.p_size <= 15))))
 Planning time: 3.280 ms
(24 rows)

COMMIT;
COMMIT
