BEGIN;
BEGIN
EXPLAIN (ANALYZE, BUFFERS)
select
	c_custkey,
	c_name,
	sum(l_extendedprice * (1 - l_discount)) as revenue,
	c_acctbal,
	n_name,
	c_address,
	c_phone,
	c_comment
from
	customer,
	orders,
	lineitem,
	nation
where
	c_custkey = o_custkey
	and l_orderkey = o_orderkey
	and o_orderdate >= date '1994-04-01'
	and o_orderdate < cast(date '1994-04-01' + interval '3 month' as date)
	and l_returnflag = 'R'
	and c_nationkey = n_nationkey
group by
	c_custkey,
	c_name,
	c_acctbal,
	c_phone,
	n_name,
	c_address,
	c_comment
order by
	revenue desc
LIMIT 20;
                                                                                               QUERY PLAN                                                                                                
---------------------------------------------------------------------------------------------------------------------------------------------------------------------------------------------------------
 Limit  (cost=2300332.76..2300332.81 rows=20 width=175) (actual time=34538.654..34538.661 rows=20 loops=1)
   Buffers: shared hit=935036 read=437387 written=4
   ->  Sort  (cost=2300332.76..2301734.19 rows=560571 width=175) (actual time=34538.652..34538.654 rows=20 loops=1)
         Sort Key: (sum((lineitem.l_extendedprice * (1::double precision - lineitem.l_discount))))
         Sort Method: top-N heapsort  Memory: 30kB
         Buffers: shared hit=935036 read=437387 written=4
         ->  HashAggregate  (cost=2279810.46..2285416.17 rows=560571 width=175) (actual time=34139.520..34385.277 rows=378972 loops=1)
               Group Key: customer.c_custkey, customer.c_name, customer.c_acctbal, customer.c_phone, nation.n_name, customer.c_address, customer.c_comment
               Buffers: shared hit=935033 read=437387 written=4
               ->  Hash Join  (cost=347431.28..2265796.19 rows=560571 width=175) (actual time=7721.383..31990.208 rows=1138040 loops=1)
                     Hash Cond: (customer.c_nationkey = nation.n_nationkey)
                     Buffers: shared hit=935033 read=437387 written=4
                     ->  Hash Join  (cost=347429.71..2258086.77 rows=560571 width=153) (actual time=7721.354..31532.180 rows=1138040 loops=1)
                           Hash Cond: (orders.o_custkey = customer.c_custkey)
                           Buffers: shared hit=935032 read=437387 written=4
                           ->  Hash Join  (cost=278401.71..2180650.21 rows=560571 width=12) (actual time=6314.863..29240.877 rows=1138040 loops=1)
                                 Hash Cond: (lineitem.l_orderkey = orders.o_orderkey)
                                 Buffers: shared hit=899864 read=437277 written=4
                                 ->  Seq Scan on lineitem  (cost=0.00..1840630.49 rows=14936612 width=12) (actual time=0.010..19155.246 rows=14822462 loops=1)
                                       Filter: (l_returnflag = 'R'::bpchar)
                                       Rows Removed by Filter: 45222571
                                       Buffers: shared hit=649842 read=430475 written=2
                                 ->  Hash  (cost=271266.38..271266.38 rows=570827 width=8) (actual time=6309.751..6309.751 rows=568587 loops=1)
                                       Buckets: 1048576  Batches: 1  Memory Usage: 30403kB
                                       Buffers: shared hit=250022 read=6802 written=2
                                       ->  Bitmap Heap Scan on orders  (cost=5890.97..271266.38 rows=570827 width=8) (actual time=27.782..6084.355 rows=568587 loops=1)
                                             Recheck Cond: ((o_orderdate >= '1994-04-01'::date) AND (o_orderdate < '1994-07-01'::date))
                                             Rows Removed by Index Recheck: 14446413
                                             Heap Blocks: lossy=256813
                                             Buffers: shared hit=250022 read=6802 written=2
                                             ->  Bitmap Index Scan on orders_o_orderkey_o_orderdate_brin_idx  (cost=0.00..5748.27 rows=570827 width=0) (actual time=27.616..27.616 rows=2568960 loops=1)
                                                   Index Cond: ((o_orderdate >= '1994-04-01'::date) AND (o_orderdate < '1994-07-01'::date))
                                                   Buffers: shared hit=3 read=8
                           ->  Hash  (cost=50278.00..50278.00 rows=1500000 width=145) (actual time=1365.106..1365.106 rows=1500000 loops=1)
                                 Buckets: 2097152  Batches: 1  Memory Usage: 281501kB
                                 Buffers: shared hit=35168 read=110
                                 ->  Seq Scan on customer  (cost=0.00..50278.00 rows=1500000 width=145) (actual time=0.012..558.116 rows=1500000 loops=1)
                                       Buffers: shared hit=35168 read=110
                     ->  Hash  (cost=1.25..1.25 rows=25 width=30) (actual time=0.019..0.019 rows=25 loops=1)
                           Buckets: 1024  Batches: 1  Memory Usage: 10kB
                           Buffers: shared hit=1
                           ->  Seq Scan on nation  (cost=0.00..1.25 rows=25 width=30) (actual time=0.005..0.010 rows=25 loops=1)
                                 Buffers: shared hit=1
 Planning time: 124.496 ms
 Execution time: 34559.598 ms
(45 rows)

COMMIT;
COMMIT
