BEGIN;
BEGIN
EXPLAIN (ANALYZE, BUFFERS)
select
	l_shipmode,
	sum(case
		when o_orderpriority = '1-URGENT'
			or o_orderpriority = '2-HIGH'
			then 1
		else 0
	end) as high_line_count,
	sum(case
		when o_orderpriority <> '1-URGENT'
			and o_orderpriority <> '2-HIGH'
			then 1
		else 0
	end) as low_line_count
from
	orders,
	lineitem
where
	o_orderkey = l_orderkey
	and l_shipmode in ('FOB', 'RAIL')
	and l_commitdate < l_receiptdate
	and l_shipdate < l_commitdate
	and l_receiptdate >= date '1993-01-01'
	and l_receiptdate < date '1993-01-01' + interval '1 year'
group by
	l_shipmode
order by
	l_shipmode;
                                                                                                                           QUERY PLAN                                                                                                                            
-----------------------------------------------------------------------------------------------------------------------------------------------------------------------------------------------------------------------------------------------------------------
 Sort  (cost=3043994.02..3043994.02 rows=1 width=27) (actual time=38510.929..38510.929 rows=2 loops=1)
   Sort Key: lineitem.l_shipmode
   Sort Method: quicksort  Memory: 25kB
   Buffers: shared hit=897412 read=431806 written=74
   ->  HashAggregate  (cost=3043994.00..3043994.01 rows=1 width=27) (actual time=38510.883..38510.884 rows=2 loops=1)
         Group Key: lineitem.l_shipmode
         Buffers: shared hit=897407 read=431806 written=74
         ->  Hash Join  (cost=595494.80..3038921.66 rows=289848 width=27) (actual time=9731.201..38166.847 rows=312891 loops=1)
               Hash Cond: (lineitem.l_orderkey = orders.o_orderkey)
               Buffers: shared hit=897407 read=431806 written=74
               ->  Seq Scan on lineitem  (cost=0.00..2434369.11 rows=289848 width=15) (actual time=0.075..28089.252 rows=312891 loops=1)
                     Filter: ((l_shipmode = ANY ('{FOB,RAIL}'::bpchar[])) AND (l_commitdate < l_receiptdate) AND (l_shipdate < l_commitdate) AND (l_receiptdate >= '1993-01-01'::date) AND (l_receiptdate < '1994-01-01 00:00:00'::timestamp without time zone))
                     Rows Removed by Filter: 59731773
                     Buffers: shared hit=687310 read=386605 written=3
               ->  Hash  (cost=406494.91..406494.91 rows=15119991 width=20) (actual time=9656.691..9656.691 rows=15015000 loops=1)
                     Buckets: 16777216  Batches: 1  Memory Usage: 893553kB
                     Buffers: shared hit=210094 read=45201 written=71
                     ->  Seq Scan on orders  (cost=0.00..406494.91 rows=15119991 width=20) (actual time=0.012..4530.467 rows=15015000 loops=1)
                           Buffers: shared hit=210094 read=45201 written=71
 Planning time: 2.241 ms
 Execution time: 38516.135 ms
(21 rows)

COMMIT;
COMMIT
