BEGIN;
BEGIN
EXPLAIN (ANALYZE, BUFFERS)
select
	l_shipmode,
	sum(case
		when o_orderpriority = '1-URGENT'
			or o_orderpriority = '2-HIGH'
			then 1
		else 0
	end) as high_line_count,
	sum(case
		when o_orderpriority <> '1-URGENT'
			and o_orderpriority <> '2-HIGH'
			then 1
		else 0
	end) as low_line_count
from
	orders,
	lineitem
where
	o_orderkey = l_orderkey
	and l_shipmode in ('SHIP', 'MAIL')
	and l_commitdate < l_receiptdate
	and l_shipdate < l_commitdate
	and l_receiptdate >= date '1995-01-01'
	and l_receiptdate < date '1995-01-01' + interval '1 year'
group by
	l_shipmode
order by
	l_shipmode;
                                                                                                                            QUERY PLAN                                                                                                                            
------------------------------------------------------------------------------------------------------------------------------------------------------------------------------------------------------------------------------------------------------------------
 Sort  (cost=3041056.31..3041056.31 rows=1 width=27) (actual time=36167.463..36167.463 rows=2 loops=1)
   Sort Key: lineitem.l_shipmode
   Sort Method: quicksort  Memory: 25kB
   Buffers: shared hit=864090 read=463813 written=8
   ->  HashAggregate  (cost=3041056.29..3041056.30 rows=1 width=27) (actual time=36167.417..36167.418 rows=2 loops=1)
         Group Key: lineitem.l_shipmode
         Buffers: shared hit=864085 read=463813 written=8
         ->  Hash Join  (cost=594902.33..3035962.46 rows=291076 width=27) (actual time=9123.061..35751.172 rows=311445 loops=1)
               Hash Cond: (lineitem.l_orderkey = orders.o_orderkey)
               Buffers: shared hit=864085 read=463813 written=8
               ->  Seq Scan on lineitem  (cost=0.00..2431964.00 rows=291076 width=15) (actual time=0.016..26266.873 rows=311445 loops=1)
                     Filter: ((l_shipmode = ANY ('{SHIP,MAIL}'::bpchar[])) AND (l_commitdate < l_receiptdate) AND (l_shipdate < l_commitdate) AND (l_receiptdate >= '1995-01-01'::date) AND (l_receiptdate < '1996-01-01 00:00:00'::timestamp without time zone))
                     Rows Removed by Filter: 59733865
                     Buffers: shared hit=614005 read=458849 written=2
               ->  Hash  (cost=406090.48..406090.48 rows=15104948 width=20) (actual time=9032.736..9032.736 rows=15015000 loops=1)
                     Buckets: 16777216  Batches: 1  Memory Usage: 893553kB
                     Buffers: shared hit=250077 read=4964 written=6
                     ->  Seq Scan on orders  (cost=0.00..406090.48 rows=15104948 width=20) (actual time=0.012..4144.435 rows=15015000 loops=1)
                           Buffers: shared hit=250077 read=4964 written=6
 Planning time: 2.395 ms
 Execution time: 36181.125 ms
(21 rows)

COMMIT;
COMMIT
