BEGIN;
BEGIN
EXPLAIN (ANALYZE, BUFFERS)
select
	c_custkey,
	c_name,
	sum(l_extendedprice * (1 - l_discount)) as revenue,
	c_acctbal,
	n_name,
	c_address,
	c_phone,
	c_comment
from
	customer,
	orders,
	lineitem,
	nation
where
	c_custkey = o_custkey
	and l_orderkey = o_orderkey
	and o_orderdate >= date '1993-09-01'
	and o_orderdate < cast(date '1993-09-01' + interval '3 month' as date)
	and l_returnflag = 'R'
	and c_nationkey = n_nationkey
group by
	c_custkey,
	c_name,
	c_acctbal,
	c_phone,
	n_name,
	c_address,
	c_comment
order by
	revenue desc
LIMIT 20;
                                                                                               QUERY PLAN                                                                                                
---------------------------------------------------------------------------------------------------------------------------------------------------------------------------------------------------------
 Limit  (cost=2277798.40..2277798.45 rows=20 width=175) (actual time=38661.628..38661.633 rows=20 loops=1)
   Buffers: shared hit=741554 read=616372 written=16
   ->  Sort  (cost=2277798.40..2279214.46 rows=566426 width=175) (actual time=38661.625..38661.628 rows=20 loops=1)
         Sort Key: (sum((lineitem.l_extendedprice * (1::double precision - lineitem.l_discount))))
         Sort Method: top-N heapsort  Memory: 30kB
         Buffers: shared hit=741554 read=616372 written=16
         ->  HashAggregate  (cost=2257061.74..2262726.00 rows=566426 width=175) (actual time=38302.669..38515.657 rows=378761 loops=1)
               Group Key: customer.c_custkey, customer.c_name, customer.c_acctbal, customer.c_phone, nation.n_name, customer.c_address, customer.c_comment
               Buffers: shared hit=741551 read=616372 written=16
               ->  Hash Join  (cost=344871.31..2242901.09 rows=566426 width=175) (actual time=12250.422..36180.024 rows=1136357 loops=1)
                     Hash Cond: (customer.c_nationkey = nation.n_nationkey)
                     Buffers: shared hit=741551 read=616372 written=16
                     ->  Hash Join  (cost=344869.75..2235111.17 rows=566426 width=153) (actual time=12250.393..35761.467 rows=1136357 loops=1)
                           Hash Cond: (orders.o_custkey = customer.c_custkey)
                           Buffers: shared hit=741550 read=616372 written=16
                           ->  Hash Join  (cost=275841.75..2157586.78 rows=566426 width=12) (actual time=10938.202..33622.609 rows=1136357 loops=1)
                                 Hash Cond: (lineitem.l_orderkey = orders.o_orderkey)
                                 Buffers: shared hit=706272 read=616372 written=16
                                 ->  Seq Scan on lineitem  (cost=0.00..1820675.73 rows=14774680 width=12) (actual time=0.014..19171.163 rows=14823192 loops=1)
                                       Filter: (l_returnflag = 'R'::bpchar)
                                       Rows Removed by Filter: 45222187
                                       Buffers: shared hit=546671 read=521934 written=1
                                 ->  Hash  (cost=268631.90..268631.90 rows=576788 width=8) (actual time=10934.807..10934.807 rows=567893 loops=1)
                                       Buckets: 1048576  Batches: 1  Memory Usage: 30376kB
                                       Buffers: shared hit=159601 read=94438 written=15
                                       ->  Bitmap Heap Scan on orders  (cost=5952.08..268631.90 rows=576788 width=8) (actual time=27.479..10692.224 rows=567893 loops=1)
                                             Recheck Cond: ((o_orderdate >= '1993-09-01'::date) AND (o_orderdate < '1993-12-01'::date))
                                             Rows Removed by Index Recheck: 14447107
                                             Heap Blocks: lossy=254028
                                             Buffers: shared hit=159601 read=94438 written=15
                                             ->  Bitmap Index Scan on orders_o_orderkey_o_orderdate_brin_idx  (cost=0.00..5807.88 rows=576788 width=0) (actual time=27.319..27.319 rows=2540800 loops=1)
                                                   Index Cond: ((o_orderdate >= '1993-09-01'::date) AND (o_orderdate < '1993-12-01'::date))
                                                   Buffers: shared hit=3 read=8
                           ->  Hash  (cost=50278.00..50278.00 rows=1500000 width=145) (actual time=1306.010..1306.010 rows=1500000 loops=1)
                                 Buckets: 2097152  Batches: 1  Memory Usage: 281501kB
                                 Buffers: shared hit=35278
                                 ->  Seq Scan on customer  (cost=0.00..50278.00 rows=1500000 width=145) (actual time=0.009..538.900 rows=1500000 loops=1)
                                       Buffers: shared hit=35278
                     ->  Hash  (cost=1.25..1.25 rows=25 width=30) (actual time=0.019..0.019 rows=25 loops=1)
                           Buckets: 1024  Batches: 1  Memory Usage: 10kB
                           Buffers: shared hit=1
                           ->  Seq Scan on nation  (cost=0.00..1.25 rows=25 width=30) (actual time=0.004..0.008 rows=25 loops=1)
                                 Buffers: shared hit=1
 Planning time: 3.855 ms
 Execution time: 38677.748 ms
(45 rows)

COMMIT;
COMMIT
