BEGIN;
BEGIN
EXPLAIN (ANALYZE, BUFFERS)
select
	sum(l_extendedprice* (1 - l_discount)) as revenue
from
	lineitem,
	part
where
	(
		p_partkey = l_partkey
		and p_brand = 'Brand#15'
		and p_container in ('SM CASE', 'SM BOX', 'SM PACK', 'SM PKG')
		and l_quantity >= 6 and l_quantity <= 6+10
		and p_size between 1 and 5
		and l_shipmode in ('AIR', 'AIR REG')
		and l_shipinstruct = 'DELIVER IN PERSON'
	)
	or
	(
		p_partkey = l_partkey
		and p_brand = 'Brand#54'
		and p_container in ('MED BAG', 'MED BOX', 'MED PKG', 'MED PACK')
		and l_quantity >= 15 and l_quantity <= 15+10
		and p_size between 1 and 10
		and l_shipmode in ('AIR', 'AIR REG')
		and l_shipinstruct = 'DELIVER IN PERSON'
	)
	or
	(
		p_partkey = l_partkey
		and p_brand = 'Brand#55'
		and p_container in ('LG CASE', 'LG BOX', 'LG PACK', 'LG PKG')
		and l_quantity >= 29 and l_quantity <= 29+10
		and p_size between 1 and 15
		and l_shipmode in ('AIR', 'AIR REG')
		and l_shipinstruct = 'DELIVER IN PERSON'
	);
                                                                                                                                                                                                                                                                                                                                                                                                                                                                                                                                                  QUERY PLAN                                                                                                                                                                                                                                                                                                                                                                                                                                                                                                                                                  
--------------------------------------------------------------------------------------------------------------------------------------------------------------------------------------------------------------------------------------------------------------------------------------------------------------------------------------------------------------------------------------------------------------------------------------------------------------------------------------------------------------------------------------------------------------------------------------------------------------------------------------------------------------------------------------------------------------------------------------------------------------------------------------------------------------------------------------------------------------------------------------------------------------------------------------------------------------------------------------------------------------------------------------------------------------------------------------------------------------
 Aggregate  (cost=607261.96..607261.97 rows=1 width=8) (actual time=1783.331..1783.331 rows=1 loops=1)
   Buffers: shared hit=116366 read=70802 dirtied=155
   ->  Nested Loop  (cost=12809.80..607253.55 rows=1121 width=8) (actual time=42.460..1782.372 rows=1186 loops=1)
         Buffers: shared hit=116366 read=70802 dirtied=155
         ->  Bitmap Heap Scan on part  (cost=12809.23..26405.76 rows=4714 width=30) (actual time=40.199..310.063 rows=4951 loops=1)
               Recheck Cond: (((p_container = ANY ('{"SM CASE","SM BOX","SM PACK","SM PKG"}'::bpchar[])) AND (p_brand = 'Brand#15'::bpchar) AND (p_size <= 5) AND (p_size >= 1)) OR ((p_container = ANY ('{"MED BAG","MED BOX","MED PKG","MED PACK"}'::bpchar[])) AND (p_brand = 'Brand#54'::bpchar) AND (p_size <= 10) AND (p_size >= 1)) OR ((p_container = ANY ('{"LG CASE","LG BOX","LG PACK","LG PKG"}'::bpchar[])) AND (p_brand = 'Brand#55'::bpchar) AND (p_size <= 15) AND (p_size >= 1)))
               Rows Removed by Index Recheck: 19132
               Heap Blocks: exact=18207
               Buffers: shared hit=1133 read=17260
               ->  BitmapOr  (cost=12809.23..12809.23 rows=4717 width=0) (actual time=36.266..36.266 rows=0 loops=1)
                     Buffers: shared hit=16 read=170
                     ->  BitmapAnd  (cost=2275.04..2275.04 rows=783 width=0) (actual time=8.668..8.668 rows=0 loops=1)
                           Buffers: shared hit=4 read=58
                           ->  Bitmap Index Scan on part_p_container_p_brand_p_partkey_idx  (cost=0.00..272.43 rows=7874 width=0) (actual time=3.629..3.629 rows=8004 loops=1)
                                 Index Cond: ((p_container = ANY ('{"SM CASE","SM BOX","SM PACK","SM PKG"}'::bpchar[])) AND (p_brand = 'Brand#15'::bpchar))
                                 Buffers: shared hit=3 read=57
                           ->  Bitmap Index Scan on part_p_size_brin_idx  (cost=0.00..2000.00 rows=198800 width=0) (actual time=4.285..4.285 rows=405760 loops=1)
                                 Index Cond: ((p_size <= 5) AND (p_size >= 1))
                                 Buffers: shared hit=1 read=1
                     ->  BitmapAnd  (cost=4280.07..4280.07 rows=1588 width=0) (actual time=15.532..15.532 rows=0 loops=1)
                           Buffers: shared hit=6 read=56
                           ->  Bitmap Index Scan on part_p_container_p_brand_p_partkey_idx  (cost=0.00..289.59 rows=7988 width=0) (actual time=7.502..7.502 rows=8100 loops=1)
                                 Index Cond: ((p_container = ANY ('{"MED BAG","MED BOX","MED PKG","MED PACK"}'::bpchar[])) AND (p_brand = 'Brand#54'::bpchar))
                                 Buffers: shared hit=4 read=56
                           ->  Bitmap Index Scan on part_p_size_brin_idx  (cost=0.00..3987.87 rows=397587 width=0) (actual time=4.181..4.181 rows=405760 loops=1)
                                 Index Cond: ((p_size <= 10) AND (p_size >= 1))
                                 Buffers: shared hit=2
                     ->  BitmapAnd  (cost=6253.63..6253.63 rows=2346 width=0) (actual time=8.347..8.347 rows=0 loops=1)
                           Buffers: shared hit=6 read=56
                           ->  Bitmap Index Scan on part_p_container_p_brand_p_partkey_idx  (cost=0.00..272.35 rows=7865 width=0) (actual time=3.428..3.428 rows=7979 loops=1)
                                 Index Cond: ((p_container = ANY ('{"LG CASE","LG BOX","LG PACK","LG PKG"}'::bpchar[])) AND (p_brand = 'Brand#55'::bpchar))
                                 Buffers: shared hit=4 read=56
                           ->  Bitmap Index Scan on part_p_size_brin_idx  (cost=0.00..5978.67 rows=596667 width=0) (actual time=4.189..4.189 rows=405760 loops=1)
                                 Index Cond: ((p_size <= 15) AND (p_size >= 1))
                                 Buffers: shared hit=2
         ->  Index Scan using lineitem_l_partkey_l_quantity_idx on lineitem  (cost=0.56..123.21 rows=1 width=16) (actual time=0.268..0.296 rows=0 loops=4951)
               Index Cond: (l_partkey = part.p_partkey)
               Filter: ((l_shipmode = ANY ('{AIR,"AIR REG"}'::bpchar[])) AND (l_shipinstruct = 'DELIVER IN PERSON'::bpchar) AND (((l_quantity >= 6::double precision) AND (l_quantity <= 16::double precision)) OR ((l_quantity >= 15::double precision) AND (l_quantity <= 25::double precision)) OR ((l_quantity >= 29::double precision) AND (l_quantity <= 39::double precision))) AND (((part.p_brand = 'Brand#15'::bpchar) AND (part.p_container = ANY ('{"SM CASE","SM BOX","SM PACK","SM PKG"}'::bpchar[])) AND (l_quantity >= 6::double precision) AND (l_quantity <= 16::double precision) AND (part.p_size <= 5)) OR ((part.p_brand = 'Brand#54'::bpchar) AND (part.p_container = ANY ('{"MED BAG","MED BOX","MED PKG","MED PACK"}'::bpchar[])) AND (l_quantity >= 15::double precision) AND (l_quantity <= 25::double precision) AND (part.p_size <= 10)) OR ((part.p_brand = 'Brand#55'::bpchar) AND (part.p_container = ANY ('{"LG CASE","LG BOX","LG PACK","LG PKG"}'::bpchar[])) AND (l_quantity >= 29::double precision) AND (l_quantity <= 39::double precision) AND (part.p_size <= 15))))
               Rows Removed by Filter: 30
               Buffers: shared hit=115233 read=53542 dirtied=155
 Planning time: 7.763 ms
 Execution time: 1783.753 ms
(42 rows)

COMMIT;
COMMIT
