BEGIN;
BEGIN
EXPLAIN (ANALYZE, BUFFERS)
select
	s_name,
	count(*) as numwait
from
	supplier,
	lineitem l1,
	orders,
	nation
where
	s_suppkey = l1.l_suppkey
	and o_orderkey = l1.l_orderkey
	and o_orderstatus = 'F'
	and l1.l_receiptdate > l1.l_commitdate
	and exists (
		select
			*
		from
			lineitem l2
		where
			l2.l_orderkey = l1.l_orderkey
			and l2.l_suppkey <> l1.l_suppkey
	)
	and not exists (
		select
			*
		from
			lineitem l3
		where
			l3.l_orderkey = l1.l_orderkey
			and l3.l_suppkey <> l1.l_suppkey
			and l3.l_receiptdate > l3.l_commitdate
	)
	and s_nationkey = n_nationkey
	and n_name = 'UNITED STATES'
group by
	s_name
order by
	numwait desc,
	s_name
LIMIT 100;
                                                                                                  QUERY PLAN                                                                                                  
--------------------------------------------------------------------------------------------------------------------------------------------------------------------------------------------------------------
 Limit  (cost=2891533.48..2891533.49 rows=1 width=26) (actual time=39459.283..39459.301 rows=100 loops=1)
   Buffers: shared hit=13786761 read=626751 dirtied=254 written=4233
   ->  Sort  (cost=2891533.48..2891533.49 rows=1 width=26) (actual time=39459.281..39459.288 rows=100 loops=1)
         Sort Key: (count(*)), supplier.s_name
         Sort Method: top-N heapsort  Memory: 32kB
         Buffers: shared hit=13786761 read=626751 dirtied=254 written=4233
         ->  HashAggregate  (cost=2891533.46..2891533.47 rows=1 width=26) (actual time=39457.088..39458.136 rows=4004 loops=1)
               Group Key: supplier.s_name
               Buffers: shared hit=13786753 read=626751 dirtied=254 written=4233
               ->  Nested Loop Anti Join  (cost=2406.88..2891533.46 rows=1 width=26) (actual time=36.591..39408.814 rows=40140 loops=1)
                     Buffers: shared hit=13786753 read=626751 dirtied=254 written=4233
                     ->  Nested Loop Semi Join  (cost=2406.31..2891531.67 rows=1 width=34) (actual time=36.016..36612.762 rows=708198 loops=1)
                           Join Filter: (orders.o_orderkey = l2.l_orderkey)
                           Buffers: shared hit=10232526 read=625018 dirtied=254 written=4219
                           ->  Nested Loop  (cost=2405.75..2361150.78 rows=396844 width=38) (actual time=35.992..32089.828 rows=734895 loops=1)
                                 Buffers: shared hit=6661933 read=515603 dirtied=254 written=3308
                                 ->  Hash Join  (cost=2405.31..1932869.61 rows=813400 width=34) (actual time=35.920..24061.903 rows=1520912 loops=1)
                                       Hash Cond: (l1.l_suppkey = supplier.s_suppkey)
                                       Buffers: shared hit=743278 read=342419 written=1
                                       ->  Seq Scan on lineitem l1  (cost=0.00..1846074.09 rows=20334989 width=8) (actual time=0.014..17943.862 rows=37965619 loops=1)
                                             Filter: (l_receiptdate > l_commitdate)
                                             Rows Removed by Filter: 22079561
                                             Buffers: shared hit=741093 read=342419 written=1
                                       ->  Hash  (cost=2355.31..2355.31 rows=4000 width=30) (actual time=35.796..35.796 rows=4004 loops=1)
                                             Buckets: 4096  Batches: 1  Memory Usage: 283kB
                                             Buffers: shared hit=2182
                                             ->  Nested Loop  (cost=43.00..2355.31 rows=4000 width=30) (actual time=0.279..34.670 rows=4004 loops=1)
                                                   Buffers: shared hit=2182
                                                   ->  Seq Scan on nation  (cost=0.00..1.31 rows=1 width=4) (actual time=0.008..0.009 rows=1 loops=1)
                                                         Filter: (n_name = 'UNITED STATES'::bpchar)
                                                         Rows Removed by Filter: 24
                                                         Buffers: shared hit=1
                                                   ->  Bitmap Heap Scan on supplier  (cost=43.00..2314.00 rows=4000 width=34) (actual time=0.265..34.047 rows=4004 loops=1)
                                                         Recheck Cond: (s_nationkey = nation.n_nationkey)
                                                         Rows Removed by Index Recheck: 95996
                                                         Heap Blocks: lossy=2179
                                                         Buffers: shared hit=2181
                                                         ->  Bitmap Index Scan on supplier_s_nationkey_s_suppkey_brin_idx  (cost=0.00..42.00 rows=4000 width=0) (actual time=0.248..0.248 rows=23040 loops=1)
                                                               Index Cond: (s_nationkey = nation.n_nationkey)
                                                               Buffers: shared hit=2
                                 ->  Index Scan using pk_orders on orders  (cost=0.43..0.52 rows=1 width=4) (actual time=0.005..0.005 rows=0 loops=1520912)
                                       Index Cond: (o_orderkey = l1.l_orderkey)
                                       Filter: (o_orderstatus = 'F'::bpchar)
                                       Rows Removed by Filter: 1
                                       Buffers: shared hit=5918655 read=173184 dirtied=254 written=3307
                           ->  Index Scan using pk_lineitem on lineitem l2  (cost=0.56..1.15 rows=15 width=8) (actual time=0.005..0.005 rows=1 loops=734895)
                                 Index Cond: (l_orderkey = l1.l_orderkey)
                                 Filter: (l_suppkey <> l1.l_suppkey)
                                 Rows Removed by Filter: 0
                                 Buffers: shared hit=3570593 read=109415 written=911
                     ->  Index Scan using pk_lineitem on lineitem l3  (cost=0.56..1.15 rows=5 width=8) (actual time=0.003..0.003 rows=1 loops=708198)
                           Index Cond: (l_orderkey = l1.l_orderkey)
                           Filter: ((l_receiptdate > l_commitdate) AND (l_suppkey <> l1.l_suppkey))
                           Rows Removed by Filter: 1
                           Buffers: shared hit=3554227 read=1733 written=14
 Planning time: 8.731 ms
 Execution time: 39459.604 ms
(57 rows)

COMMIT;
COMMIT
