BEGIN;
BEGIN
EXPLAIN (ANALYZE, BUFFERS)
select
	c_custkey,
	c_name,
	sum(l_extendedprice * (1 - l_discount)) as revenue,
	c_acctbal,
	n_name,
	c_address,
	c_phone,
	c_comment
from
	customer,
	orders,
	lineitem,
	nation
where
	c_custkey = o_custkey
	and l_orderkey = o_orderkey
	and o_orderdate >= date '1993-07-01'
	and o_orderdate < cast(date '1993-07-01' + interval '3 month' as date)
	and l_returnflag = 'R'
	and c_nationkey = n_nationkey
group by
	c_custkey,
	c_name,
	c_acctbal,
	c_phone,
	n_name,
	c_address,
	c_comment
order by
	revenue desc
LIMIT 20;
                                                                                               QUERY PLAN                                                                                                
---------------------------------------------------------------------------------------------------------------------------------------------------------------------------------------------------------
 Limit  (cost=2298789.39..2298789.44 rows=20 width=175) (actual time=48388.678..48388.684 rows=20 loops=1)
   Buffers: shared hit=1064647 read=306466 written=497
   ->  Sort  (cost=2298789.39..2300201.00 rows=564645 width=175) (actual time=48388.675..48388.678 rows=20 loops=1)
         Sort Key: (sum((lineitem.l_extendedprice * (1::double precision - lineitem.l_discount))))
         Sort Method: top-N heapsort  Memory: 30kB
         Buffers: shared hit=1064647 read=306466 written=497
         ->  HashAggregate  (cost=2278117.94..2283764.39 rows=564645 width=175) (actual time=47915.525..48245.857 rows=381949 loops=1)
               Group Key: customer.c_custkey, customer.c_name, customer.c_acctbal, customer.c_phone, nation.n_name, customer.c_address, customer.c_comment
               Buffers: shared hit=1064644 read=306466 written=497
               ->  Hash Join  (cost=347334.75..2264001.81 rows=564645 width=175) (actual time=13375.161..45629.326 rows=1148468 loops=1)
                     Hash Cond: (customer.c_nationkey = nation.n_nationkey)
                     Buffers: shared hit=1064644 read=306466 written=497
                     ->  Hash Join  (cost=347333.19..2256236.38 rows=564645 width=153) (actual time=13375.135..45169.192 rows=1148468 loops=1)
                           Hash Cond: (orders.o_custkey = customer.c_custkey)
                           Buffers: shared hit=1064643 read=306466 written=497
                           ->  Hash Join  (cost=278305.19..2178738.71 rows=564645 width=12) (actual time=11500.911..42471.815 rows=1148468 loops=1)
                                 Hash Cond: (lineitem.l_orderkey = orders.o_orderkey)
                                 Buffers: shared hit=1064641 read=271190 written=360
                                 ->  Seq Scan on lineitem  (cost=0.00..1838829.58 rows=14921997 width=12) (actual time=0.015..27175.463 rows=14822649 loops=1)
                                       Filter: (l_returnflag = 'R'::bpchar)
                                       Rows Removed by Filter: 45222648
                                       Buffers: shared hit=855085 read=224175 written=126
                                 ->  Hash  (cost=271118.04..271118.04 rows=574972 width=8) (actual time=11496.308..11496.308 rows=574424 loops=1)
                                       Buckets: 1048576  Batches: 1  Memory Usage: 30631kB
                                       Buffers: shared hit=209556 read=47015 written=234
                                       ->  Bitmap Heap Scan on orders  (cost=5933.46..271118.04 rows=574972 width=8) (actual time=27.766..11271.239 rows=574424 loops=1)
                                             Recheck Cond: ((o_orderdate >= '1993-07-01'::date) AND (o_orderdate < '1993-10-01'::date))
                                             Rows Removed by Index Recheck: 14440576
                                             Heap Blocks: lossy=256560
                                             Buffers: shared hit=209556 read=47015 written=234
                                             ->  Bitmap Index Scan on orders_o_orderkey_o_orderdate_brin_idx  (cost=0.00..5789.72 rows=574972 width=0) (actual time=27.592..27.592 rows=2566400 loops=1)
                                                   Index Cond: ((o_orderdate >= '1993-07-01'::date) AND (o_orderdate < '1993-10-01'::date))
                                                   Buffers: shared hit=3 read=8
                           ->  Hash  (cost=50278.00..50278.00 rows=1500000 width=145) (actual time=1865.322..1865.322 rows=1500000 loops=1)
                                 Buckets: 2097152  Batches: 1  Memory Usage: 281501kB
                                 Buffers: shared hit=2 read=35276 written=137
                                 ->  Seq Scan on customer  (cost=0.00..50278.00 rows=1500000 width=145) (actual time=0.006..945.764 rows=1500000 loops=1)
                                       Buffers: shared hit=2 read=35276 written=137
                     ->  Hash  (cost=1.25..1.25 rows=25 width=30) (actual time=0.017..0.017 rows=25 loops=1)
                           Buckets: 1024  Batches: 1  Memory Usage: 10kB
                           Buffers: shared hit=1
                           ->  Seq Scan on nation  (cost=0.00..1.25 rows=25 width=30) (actual time=0.004..0.009 rows=25 loops=1)
                                 Buffers: shared hit=1
 Planning time: 12.815 ms
 Execution time: 48414.120 ms
(45 rows)

COMMIT;
COMMIT
