BEGIN;
BEGIN
EXPLAIN (ANALYZE, BUFFERS)
select
	l_shipmode,
	sum(case
		when o_orderpriority = '1-URGENT'
			or o_orderpriority = '2-HIGH'
			then 1
		else 0
	end) as high_line_count,
	sum(case
		when o_orderpriority <> '1-URGENT'
			and o_orderpriority <> '2-HIGH'
			then 1
		else 0
	end) as low_line_count
from
	orders,
	lineitem
where
	o_orderkey = l_orderkey
	and l_shipmode in ('SHIP', 'RAIL')
	and l_commitdate < l_receiptdate
	and l_shipdate < l_commitdate
	and l_receiptdate >= date '1993-01-01'
	and l_receiptdate < date '1993-01-01' + interval '1 year'
group by
	l_shipmode
order by
	l_shipmode;
                                                                                                                            QUERY PLAN                                                                                                                            
------------------------------------------------------------------------------------------------------------------------------------------------------------------------------------------------------------------------------------------------------------------
 Sort  (cost=3071278.97..3071278.97 rows=1 width=27) (actual time=34928.467..34928.467 rows=2 loops=1)
   Sort Key: lineitem.l_shipmode
   Sort Method: quicksort  Memory: 25kB
   Buffers: shared hit=918550 read=422543 dirtied=1142 written=1177
   ->  HashAggregate  (cost=3071278.95..3071278.96 rows=1 width=27) (actual time=34928.411..34928.412 rows=2 loops=1)
         Group Key: lineitem.l_shipmode
         Buffers: shared hit=918545 read=422543 dirtied=1142 written=1177
         ->  Hash Join  (cost=600808.41..3066128.82 rows=294293 width=27) (actual time=10118.348..34591.502 rows=313235 loops=1)
               Hash Cond: (lineitem.l_orderkey = orders.o_orderkey)
               Buffers: shared hit=918545 read=422543 dirtied=1142 written=1177
               ->  Seq Scan on lineitem  (cost=0.00..2456123.76 rows=294293 width=15) (actual time=0.110..24087.244 rows=313235 loops=1)
                     Filter: ((l_shipmode = ANY ('{SHIP,RAIL}'::bpchar[])) AND (l_commitdate < l_receiptdate) AND (l_shipdate < l_commitdate) AND (l_receiptdate >= '1993-01-01'::date) AND (l_receiptdate < '1994-01-01 00:00:00'::timestamp without time zone))
                     Rows Removed by Filter: 59731945
                     Buffers: shared hit=665265 read=418247 dirtied=889 written=883
               ->  Hash  (cost=410122.07..410122.07 rows=15254907 width=20) (actual time=10039.877..10039.877 rows=15015000 loops=1)
                     Buckets: 16777216  Batches: 1  Memory Usage: 893553kB
                     Buffers: shared hit=253277 read=4296 dirtied=253 written=294
                     ->  Seq Scan on orders  (cost=0.00..410122.07 rows=15254907 width=20) (actual time=0.014..4467.650 rows=15015000 loops=1)
                           Buffers: shared hit=253277 read=4296 dirtied=253 written=294
 Planning time: 7.214 ms
 Execution time: 34945.702 ms
(21 rows)

COMMIT;
COMMIT
