BEGIN;
BEGIN
EXPLAIN (ANALYZE, BUFFERS)
select
	s_name,
	count(*) as numwait
from
	supplier,
	lineitem l1,
	orders,
	nation
where
	s_suppkey = l1.l_suppkey
	and o_orderkey = l1.l_orderkey
	and o_orderstatus = 'F'
	and l1.l_receiptdate > l1.l_commitdate
	and exists (
		select
			*
		from
			lineitem l2
		where
			l2.l_orderkey = l1.l_orderkey
			and l2.l_suppkey <> l1.l_suppkey
	)
	and not exists (
		select
			*
		from
			lineitem l3
		where
			l3.l_orderkey = l1.l_orderkey
			and l3.l_suppkey <> l1.l_suppkey
			and l3.l_receiptdate > l3.l_commitdate
	)
	and s_nationkey = n_nationkey
	and n_name = 'IRAN'
group by
	s_name
order by
	numwait desc,
	s_name
LIMIT 100;
                                                                                                  QUERY PLAN                                                                                                  
--------------------------------------------------------------------------------------------------------------------------------------------------------------------------------------------------------------
 Limit  (cost=2851544.97..2851544.97 rows=1 width=26) (actual time=43601.274..43601.293 rows=100 loops=1)
   Buffers: shared hit=14010186 read=405282 written=84
   ->  Sort  (cost=2851544.97..2851544.97 rows=1 width=26) (actual time=43601.273..43601.279 rows=100 loops=1)
         Sort Key: (count(*)), supplier.s_name
         Sort Method: top-N heapsort  Memory: 32kB
         Buffers: shared hit=14010186 read=405282 written=84
         ->  HashAggregate  (cost=2851544.95..2851544.96 rows=1 width=26) (actual time=43598.746..43600.032 rows=4023 loops=1)
               Group Key: supplier.s_name
               Buffers: shared hit=14010178 read=405282 written=84
               ->  Nested Loop Anti Join  (cost=2406.88..2851544.94 rows=1 width=26) (actual time=36.264..43542.081 rows=39934 loops=1)
                     Buffers: shared hit=14010178 read=405282 written=84
                     ->  Nested Loop Semi Join  (cost=2406.31..2851543.16 rows=1 width=34) (actual time=34.934..40435.365 rows=709089 loops=1)
                           Join Filter: (orders.o_orderkey = l2.l_orderkey)
                           Buffers: shared hit=10450784 read=404264 written=78
                           ->  Nested Loop  (cost=2405.75..2328607.88 rows=391384 width=38) (actual time=34.899..36014.110 rows=735729 loops=1)
                                 Buffers: shared hit=6806734 read=364257 written=47
                                 ->  Hash Join  (cost=2405.31..1906310.20 rows=802209 width=34) (actual time=34.853..27864.142 rows=1522971 loops=1)
                                       Hash Cond: (l1.l_suppkey = supplier.s_suppkey)
                                       Buffers: shared hit=776714 read=294076 written=28
                                       ->  Seq Scan on lineitem l1  (cost=0.00..1820675.73 rows=20055219 width=8) (actual time=0.015..20305.938 rows=37928885 loops=1)
                                             Filter: (l_receiptdate > l_commitdate)
                                             Rows Removed by Filter: 22056768
                                             Buffers: shared hit=774529 read=294076 written=28
                                       ->  Hash  (cost=2355.31..2355.31 rows=4000 width=30) (actual time=34.785..34.785 rows=4023 loops=1)
                                             Buckets: 4096  Batches: 1  Memory Usage: 284kB
                                             Buffers: shared hit=2182
                                             ->  Nested Loop  (cost=43.00..2355.31 rows=4000 width=30) (actual time=0.290..33.557 rows=4023 loops=1)
                                                   Buffers: shared hit=2182
                                                   ->  Seq Scan on nation  (cost=0.00..1.31 rows=1 width=4) (actual time=0.007..0.013 rows=1 loops=1)
                                                         Filter: (n_name = 'IRAN'::bpchar)
                                                         Rows Removed by Filter: 24
                                                         Buffers: shared hit=1
                                                   ->  Bitmap Heap Scan on supplier  (cost=43.00..2314.00 rows=4000 width=34) (actual time=0.275..32.905 rows=4023 loops=1)
                                                         Recheck Cond: (s_nationkey = nation.n_nationkey)
                                                         Rows Removed by Index Recheck: 95977
                                                         Heap Blocks: lossy=2179
                                                         Buffers: shared hit=2181
                                                         ->  Bitmap Index Scan on supplier_s_nationkey_s_suppkey_brin_idx  (cost=0.00..42.00 rows=4000 width=0) (actual time=0.254..0.254 rows=23040 loops=1)
                                                               Index Cond: (s_nationkey = nation.n_nationkey)
                                                               Buffers: shared hit=2
                                 ->  Index Scan using pk_orders on orders  (cost=0.43..0.52 rows=1 width=4) (actual time=0.005..0.005 rows=0 loops=1522971)
                                       Index Cond: (o_orderkey = l1.l_orderkey)
                                       Filter: (o_orderstatus = 'F'::bpchar)
                                       Rows Removed by Filter: 1
                                       Buffers: shared hit=6030020 read=70181 written=19
                           ->  Index Scan using pk_lineitem on lineitem l2  (cost=0.56..1.15 rows=15 width=8) (actual time=0.005..0.005 rows=1 loops=735729)
                                 Index Cond: (l_orderkey = l1.l_orderkey)
                                 Filter: (l_suppkey <> l1.l_suppkey)
                                 Rows Removed by Filter: 0
                                 Buffers: shared hit=3644050 read=40007 written=31
                     ->  Index Scan using pk_lineitem on lineitem l3  (cost=0.56..1.15 rows=5 width=8) (actual time=0.004..0.004 rows=1 loops=709089)
                           Index Cond: (l_orderkey = l1.l_orderkey)
                           Filter: ((l_receiptdate > l_commitdate) AND (l_suppkey <> l1.l_suppkey))
                           Rows Removed by Filter: 1
                           Buffers: shared hit=3559394 read=1018 written=6
 Planning time: 10.422 ms
 Execution time: 43601.653 ms
(57 rows)

COMMIT;
COMMIT
